{"/home/veenayak/webdev/zemoso-training/node/controllers/UserController.test.ts":{"path":"/home/veenayak/webdev/zemoso-training/node/controllers/UserController.test.ts","statementMap":{"0":{"start":{"line":2,"column":22},"end":{"line":8,"column":3}},"1":{"start":{"line":3,"column":4},"end":{"line":3,"column":33}},"2":{"start":{"line":3,"column":26},"end":{"line":3,"column":33}},"3":{"start":{"line":4,"column":4},"end":{"line":4,"column":89}},"4":{"start":{"line":4,"column":71},"end":{"line":4,"column":83}},"5":{"start":{"line":6,"column":4},"end":{"line":6,"column":33}},"6":{"start":{"line":6,"column":26},"end":{"line":6,"column":33}},"7":{"start":{"line":7,"column":4},"end":{"line":7,"column":17}},"8":{"start":{"line":9,"column":25},"end":{"line":13,"column":2}},"9":{"start":{"line":10,"column":4},"end":{"line":10,"column":72}},"10":{"start":{"line":12,"column":4},"end":{"line":12,"column":21}},"11":{"start":{"line":14,"column":19},"end":{"line":20,"column":1}},"12":{"start":{"line":15,"column":4},"end":{"line":15,"column":42}},"13":{"start":{"line":15,"column":31},"end":{"line":15,"column":42}},"14":{"start":{"line":16,"column":17},"end":{"line":16,"column":19}},"15":{"start":{"line":17,"column":4},"end":{"line":17,"column":141}},"16":{"start":{"line":17,"column":21},"end":{"line":17,"column":141}},"17":{"start":{"line":17,"column":40},"end":{"line":17,"column":141}},"18":{"start":{"line":17,"column":109},"end":{"line":17,"column":141}},"19":{"start":{"line":18,"column":4},"end":{"line":18,"column":36}},"20":{"start":{"line":19,"column":4},"end":{"line":19,"column":18}},"21":{"start":{"line":21,"column":16},"end":{"line":29,"column":1}},"22":{"start":{"line":22,"column":28},"end":{"line":22,"column":110}},"23":{"start":{"line":22,"column":91},"end":{"line":22,"column":106}},"24":{"start":{"line":23,"column":4},"end":{"line":28,"column":7}},"25":{"start":{"line":24,"column":36},"end":{"line":24,"column":97}},"26":{"start":{"line":24,"column":42},"end":{"line":24,"column":70}},"27":{"start":{"line":24,"column":85},"end":{"line":24,"column":95}},"28":{"start":{"line":25,"column":35},"end":{"line":25,"column":100}},"29":{"start":{"line":25,"column":41},"end":{"line":25,"column":73}},"30":{"start":{"line":25,"column":88},"end":{"line":25,"column":98}},"31":{"start":{"line":26,"column":32},"end":{"line":26,"column":116}},"32":{"start":{"line":27,"column":8},"end":{"line":27,"column":78}},"33":{"start":{"line":30,"column":0},"end":{"line":30,"column":62}},"34":{"start":{"line":31,"column":15},"end":{"line":31,"column":30}},"35":{"start":{"line":32,"column":16},"end":{"line":32,"column":32}},"36":{"start":{"line":33,"column":18},"end":{"line":33,"column":62}},"37":{"start":{"line":34,"column":23},"end":{"line":34,"column":64}},"38":{"start":{"line":35,"column":13},"end":{"line":35,"column":22}},"39":{"start":{"line":36,"column":0},"end":{"line":122,"column":3}},"40":{"start":{"line":37,"column":4},"end":{"line":53,"column":8}},"41":{"start":{"line":37,"column":25},"end":{"line":53,"column":6}},"42":{"start":{"line":38,"column":20},"end":{"line":42,"column":9}},"43":{"start":{"line":40,"column":16},"end":{"line":40,"column":28}},"44":{"start":{"line":43,"column":19},"end":{"line":43,"column":55}},"45":{"start":{"line":44,"column":8},"end":{"line":44,"column":22}},"46":{"start":{"line":45,"column":8},"end":{"line":48,"column":11}},"47":{"start":{"line":49,"column":23},"end":{"line":49,"column":71}},"48":{"start":{"line":50,"column":8},"end":{"line":50,"column":59}},"49":{"start":{"line":51,"column":8},"end":{"line":51,"column":60}},"50":{"start":{"line":52,"column":8},"end":{"line":52,"column":23}},"51":{"start":{"line":54,"column":4},"end":{"line":70,"column":8}},"52":{"start":{"line":54,"column":32},"end":{"line":70,"column":6}},"53":{"start":{"line":55,"column":20},"end":{"line":59,"column":9}},"54":{"start":{"line":57,"column":16},"end":{"line":57,"column":28}},"55":{"start":{"line":60,"column":19},"end":{"line":60,"column":62}},"56":{"start":{"line":61,"column":8},"end":{"line":61,"column":22}},"57":{"start":{"line":62,"column":8},"end":{"line":65,"column":11}},"58":{"start":{"line":66,"column":23},"end":{"line":66,"column":76}},"59":{"start":{"line":67,"column":8},"end":{"line":67,"column":59}},"60":{"start":{"line":68,"column":8},"end":{"line":68,"column":60}},"61":{"start":{"line":69,"column":8},"end":{"line":69,"column":23}},"62":{"start":{"line":71,"column":4},"end":{"line":87,"column":8}},"63":{"start":{"line":71,"column":26},"end":{"line":87,"column":6}},"64":{"start":{"line":72,"column":20},"end":{"line":76,"column":9}},"65":{"start":{"line":74,"column":16},"end":{"line":74,"column":28}},"66":{"start":{"line":77,"column":19},"end":{"line":77,"column":56}},"67":{"start":{"line":78,"column":8},"end":{"line":78,"column":22}},"68":{"start":{"line":79,"column":8},"end":{"line":82,"column":11}},"69":{"start":{"line":83,"column":23},"end":{"line":83,"column":72}},"70":{"start":{"line":84,"column":8},"end":{"line":84,"column":59}},"71":{"start":{"line":85,"column":8},"end":{"line":85,"column":60}},"72":{"start":{"line":86,"column":8},"end":{"line":86,"column":23}},"73":{"start":{"line":88,"column":4},"end":{"line":104,"column":8}},"74":{"start":{"line":88,"column":25},"end":{"line":104,"column":6}},"75":{"start":{"line":89,"column":20},"end":{"line":93,"column":9}},"76":{"start":{"line":91,"column":16},"end":{"line":91,"column":28}},"77":{"start":{"line":94,"column":19},"end":{"line":94,"column":56}},"78":{"start":{"line":95,"column":8},"end":{"line":95,"column":22}},"79":{"start":{"line":96,"column":8},"end":{"line":99,"column":11}},"80":{"start":{"line":100,"column":23},"end":{"line":100,"column":71}},"81":{"start":{"line":101,"column":8},"end":{"line":101,"column":59}},"82":{"start":{"line":102,"column":8},"end":{"line":102,"column":60}},"83":{"start":{"line":103,"column":8},"end":{"line":103,"column":23}},"84":{"start":{"line":105,"column":4},"end":{"line":121,"column":8}},"85":{"start":{"line":105,"column":28},"end":{"line":121,"column":6}},"86":{"start":{"line":106,"column":20},"end":{"line":110,"column":9}},"87":{"start":{"line":108,"column":16},"end":{"line":108,"column":28}},"88":{"start":{"line":111,"column":19},"end":{"line":111,"column":56}},"89":{"start":{"line":112,"column":8},"end":{"line":112,"column":22}},"90":{"start":{"line":113,"column":8},"end":{"line":116,"column":11}},"91":{"start":{"line":117,"column":23},"end":{"line":117,"column":74}},"92":{"start":{"line":118,"column":8},"end":{"line":118,"column":59}},"93":{"start":{"line":119,"column":8},"end":{"line":119,"column":60}},"94":{"start":{"line":120,"column":8},"end":{"line":120,"column":23}}},"fnMap":{"0":{"name":"(anonymous_0)","decl":{"start":{"line":2,"column":74},"end":{"line":2,"column":75}},"loc":{"start":{"line":2,"column":96},"end":{"line":5,"column":1}},"line":2},"1":{"name":"(anonymous_1)","decl":{"start":{"line":4,"column":58},"end":{"line":4,"column":59}},"loc":{"start":{"line":4,"column":69},"end":{"line":4,"column":85}},"line":4},"2":{"name":"(anonymous_2)","decl":{"start":{"line":5,"column":6},"end":{"line":5,"column":7}},"loc":{"start":{"line":5,"column":28},"end":{"line":8,"column":1}},"line":5},"3":{"name":"(anonymous_3)","decl":{"start":{"line":9,"column":80},"end":{"line":9,"column":81}},"loc":{"start":{"line":9,"column":95},"end":{"line":11,"column":1}},"line":9},"4":{"name":"(anonymous_4)","decl":{"start":{"line":11,"column":5},"end":{"line":11,"column":6}},"loc":{"start":{"line":11,"column":20},"end":{"line":13,"column":1}},"line":11},"5":{"name":"(anonymous_5)","decl":{"start":{"line":14,"column":50},"end":{"line":14,"column":51}},"loc":{"start":{"line":14,"column":65},"end":{"line":20,"column":1}},"line":14},"6":{"name":"(anonymous_6)","decl":{"start":{"line":21,"column":44},"end":{"line":21,"column":45}},"loc":{"start":{"line":21,"column":89},"end":{"line":29,"column":1}},"line":21},"7":{"name":"adopt","decl":{"start":{"line":22,"column":13},"end":{"line":22,"column":18}},"loc":{"start":{"line":22,"column":26},"end":{"line":22,"column":112}},"line":22},"8":{"name":"(anonymous_8)","decl":{"start":{"line":22,"column":70},"end":{"line":22,"column":71}},"loc":{"start":{"line":22,"column":89},"end":{"line":22,"column":108}},"line":22},"9":{"name":"(anonymous_9)","decl":{"start":{"line":23,"column":36},"end":{"line":23,"column":37}},"loc":{"start":{"line":23,"column":63},"end":{"line":28,"column":5}},"line":23},"10":{"name":"fulfilled","decl":{"start":{"line":24,"column":17},"end":{"line":24,"column":26}},"loc":{"start":{"line":24,"column":34},"end":{"line":24,"column":99}},"line":24},"11":{"name":"rejected","decl":{"start":{"line":25,"column":17},"end":{"line":25,"column":25}},"loc":{"start":{"line":25,"column":33},"end":{"line":25,"column":102}},"line":25},"12":{"name":"step","decl":{"start":{"line":26,"column":17},"end":{"line":26,"column":21}},"loc":{"start":{"line":26,"column":30},"end":{"line":26,"column":118}},"line":26},"13":{"name":"(anonymous_13)","decl":{"start":{"line":36,"column":34},"end":{"line":36,"column":35}},"loc":{"start":{"line":36,"column":40},"end":{"line":122,"column":1}},"line":36},"14":{"name":"(anonymous_14)","decl":{"start":{"line":37,"column":19},"end":{"line":37,"column":20}},"loc":{"start":{"line":37,"column":25},"end":{"line":53,"column":6}},"line":37},"15":{"name":"(anonymous_15)","decl":{"start":{"line":37,"column":59},"end":{"line":37,"column":60}},"loc":{"start":{"line":37,"column":72},"end":{"line":53,"column":5}},"line":37},"16":{"name":"(anonymous_16)","decl":{"start":{"line":39,"column":18},"end":{"line":39,"column":19}},"loc":{"start":{"line":39,"column":28},"end":{"line":41,"column":13}},"line":39},"17":{"name":"(anonymous_17)","decl":{"start":{"line":49,"column":61},"end":{"line":49,"column":62}},"loc":{"start":{"line":49,"column":67},"end":{"line":49,"column":70}},"line":49},"18":{"name":"(anonymous_18)","decl":{"start":{"line":54,"column":26},"end":{"line":54,"column":27}},"loc":{"start":{"line":54,"column":32},"end":{"line":70,"column":6}},"line":54},"19":{"name":"(anonymous_19)","decl":{"start":{"line":54,"column":66},"end":{"line":54,"column":67}},"loc":{"start":{"line":54,"column":79},"end":{"line":70,"column":5}},"line":54},"20":{"name":"(anonymous_20)","decl":{"start":{"line":56,"column":18},"end":{"line":56,"column":19}},"loc":{"start":{"line":56,"column":28},"end":{"line":58,"column":13}},"line":56},"21":{"name":"(anonymous_21)","decl":{"start":{"line":66,"column":66},"end":{"line":66,"column":67}},"loc":{"start":{"line":66,"column":72},"end":{"line":66,"column":75}},"line":66},"22":{"name":"(anonymous_22)","decl":{"start":{"line":71,"column":20},"end":{"line":71,"column":21}},"loc":{"start":{"line":71,"column":26},"end":{"line":87,"column":6}},"line":71},"23":{"name":"(anonymous_23)","decl":{"start":{"line":71,"column":60},"end":{"line":71,"column":61}},"loc":{"start":{"line":71,"column":73},"end":{"line":87,"column":5}},"line":71},"24":{"name":"(anonymous_24)","decl":{"start":{"line":73,"column":18},"end":{"line":73,"column":19}},"loc":{"start":{"line":73,"column":28},"end":{"line":75,"column":13}},"line":73},"25":{"name":"(anonymous_25)","decl":{"start":{"line":83,"column":62},"end":{"line":83,"column":63}},"loc":{"start":{"line":83,"column":68},"end":{"line":83,"column":71}},"line":83},"26":{"name":"(anonymous_26)","decl":{"start":{"line":88,"column":19},"end":{"line":88,"column":20}},"loc":{"start":{"line":88,"column":25},"end":{"line":104,"column":6}},"line":88},"27":{"name":"(anonymous_27)","decl":{"start":{"line":88,"column":59},"end":{"line":88,"column":60}},"loc":{"start":{"line":88,"column":72},"end":{"line":104,"column":5}},"line":88},"28":{"name":"(anonymous_28)","decl":{"start":{"line":90,"column":18},"end":{"line":90,"column":19}},"loc":{"start":{"line":90,"column":28},"end":{"line":92,"column":13}},"line":90},"29":{"name":"(anonymous_29)","decl":{"start":{"line":100,"column":61},"end":{"line":100,"column":62}},"loc":{"start":{"line":100,"column":67},"end":{"line":100,"column":70}},"line":100},"30":{"name":"(anonymous_30)","decl":{"start":{"line":105,"column":22},"end":{"line":105,"column":23}},"loc":{"start":{"line":105,"column":28},"end":{"line":121,"column":6}},"line":105},"31":{"name":"(anonymous_31)","decl":{"start":{"line":105,"column":62},"end":{"line":105,"column":63}},"loc":{"start":{"line":105,"column":75},"end":{"line":121,"column":5}},"line":105},"32":{"name":"(anonymous_32)","decl":{"start":{"line":107,"column":18},"end":{"line":107,"column":19}},"loc":{"start":{"line":107,"column":28},"end":{"line":109,"column":13}},"line":107},"33":{"name":"(anonymous_33)","decl":{"start":{"line":117,"column":64},"end":{"line":117,"column":65}},"loc":{"start":{"line":117,"column":70},"end":{"line":117,"column":73}},"line":117}},"branchMap":{"0":{"loc":{"start":{"line":2,"column":22},"end":{"line":8,"column":3}},"type":"binary-expr","locations":[{"start":{"line":2,"column":23},"end":{"line":2,"column":27}},{"start":{"line":2,"column":31},"end":{"line":2,"column":51}},{"start":{"line":2,"column":57},"end":{"line":8,"column":2}}],"line":2},"1":{"loc":{"start":{"line":2,"column":57},"end":{"line":8,"column":2}},"type":"cond-expr","locations":[{"start":{"line":2,"column":74},"end":{"line":5,"column":1}},{"start":{"line":5,"column":6},"end":{"line":8,"column":1}}],"line":2},"2":{"loc":{"start":{"line":3,"column":4},"end":{"line":3,"column":33}},"type":"if","locations":[{"start":{"line":3,"column":4},"end":{"line":3,"column":33}},{"start":{"line":3,"column":4},"end":{"line":3,"column":33}}],"line":3},"3":{"loc":{"start":{"line":6,"column":4},"end":{"line":6,"column":33}},"type":"if","locations":[{"start":{"line":6,"column":4},"end":{"line":6,"column":33}},{"start":{"line":6,"column":4},"end":{"line":6,"column":33}}],"line":6},"4":{"loc":{"start":{"line":9,"column":25},"end":{"line":13,"column":2}},"type":"binary-expr","locations":[{"start":{"line":9,"column":26},"end":{"line":9,"column":30}},{"start":{"line":9,"column":34},"end":{"line":9,"column":57}},{"start":{"line":9,"column":63},"end":{"line":13,"column":1}}],"line":9},"5":{"loc":{"start":{"line":9,"column":63},"end":{"line":13,"column":1}},"type":"cond-expr","locations":[{"start":{"line":9,"column":80},"end":{"line":11,"column":1}},{"start":{"line":11,"column":5},"end":{"line":13,"column":1}}],"line":9},"6":{"loc":{"start":{"line":14,"column":19},"end":{"line":20,"column":1}},"type":"binary-expr","locations":[{"start":{"line":14,"column":20},"end":{"line":14,"column":24}},{"start":{"line":14,"column":28},"end":{"line":14,"column":45}},{"start":{"line":14,"column":50},"end":{"line":20,"column":1}}],"line":14},"7":{"loc":{"start":{"line":15,"column":4},"end":{"line":15,"column":42}},"type":"if","locations":[{"start":{"line":15,"column":4},"end":{"line":15,"column":42}},{"start":{"line":15,"column":4},"end":{"line":15,"column":42}}],"line":15},"8":{"loc":{"start":{"line":15,"column":8},"end":{"line":15,"column":29}},"type":"binary-expr","locations":[{"start":{"line":15,"column":8},"end":{"line":15,"column":11}},{"start":{"line":15,"column":15},"end":{"line":15,"column":29}}],"line":15},"9":{"loc":{"start":{"line":17,"column":4},"end":{"line":17,"column":141}},"type":"if","locations":[{"start":{"line":17,"column":4},"end":{"line":17,"column":141}},{"start":{"line":17,"column":4},"end":{"line":17,"column":141}}],"line":17},"10":{"loc":{"start":{"line":17,"column":40},"end":{"line":17,"column":141}},"type":"if","locations":[{"start":{"line":17,"column":40},"end":{"line":17,"column":141}},{"start":{"line":17,"column":40},"end":{"line":17,"column":141}}],"line":17},"11":{"loc":{"start":{"line":17,"column":44},"end":{"line":17,"column":107}},"type":"binary-expr","locations":[{"start":{"line":17,"column":44},"end":{"line":17,"column":59}},{"start":{"line":17,"column":63},"end":{"line":17,"column":107}}],"line":17},"12":{"loc":{"start":{"line":21,"column":16},"end":{"line":29,"column":1}},"type":"binary-expr","locations":[{"start":{"line":21,"column":17},"end":{"line":21,"column":21}},{"start":{"line":21,"column":25},"end":{"line":21,"column":39}},{"start":{"line":21,"column":44},"end":{"line":29,"column":1}}],"line":21},"13":{"loc":{"start":{"line":22,"column":35},"end":{"line":22,"column":109}},"type":"cond-expr","locations":[{"start":{"line":22,"column":56},"end":{"line":22,"column":61}},{"start":{"line":22,"column":64},"end":{"line":22,"column":109}}],"line":22},"14":{"loc":{"start":{"line":23,"column":16},"end":{"line":23,"column":34}},"type":"binary-expr","locations":[{"start":{"line":23,"column":16},"end":{"line":23,"column":17}},{"start":{"line":23,"column":22},"end":{"line":23,"column":33}}],"line":23},"15":{"loc":{"start":{"line":26,"column":32},"end":{"line":26,"column":115}},"type":"cond-expr","locations":[{"start":{"line":26,"column":46},"end":{"line":26,"column":67}},{"start":{"line":26,"column":70},"end":{"line":26,"column":115}}],"line":26},"16":{"loc":{"start":{"line":27,"column":51},"end":{"line":27,"column":67}},"type":"binary-expr","locations":[{"start":{"line":27,"column":51},"end":{"line":27,"column":61}},{"start":{"line":27,"column":65},"end":{"line":27,"column":67}}],"line":27}},"s":{"0":1,"1":0,"2":0,"3":0,"4":0,"5":0,"6":0,"7":0,"8":1,"9":0,"10":0,"11":1,"12":2,"13":2,"14":0,"15":0,"16":0,"17":0,"18":0,"19":0,"20":0,"21":1,"22":5,"23":0,"24":5,"25":5,"26":5,"27":0,"28":0,"29":0,"30":0,"31":10,"32":5,"33":1,"34":1,"35":1,"36":1,"37":1,"38":1,"39":1,"40":1,"41":1,"42":1,"43":1,"44":1,"45":1,"46":1,"47":1,"48":1,"49":1,"50":1,"51":1,"52":1,"53":1,"54":1,"55":1,"56":1,"57":1,"58":1,"59":1,"60":1,"61":1,"62":1,"63":1,"64":1,"65":1,"66":1,"67":1,"68":1,"69":1,"70":1,"71":1,"72":1,"73":1,"74":1,"75":1,"76":1,"77":1,"78":1,"79":1,"80":1,"81":1,"82":1,"83":1,"84":1,"85":1,"86":1,"87":1,"88":1,"89":1,"90":1,"91":1,"92":1,"93":1,"94":1},"f":{"0":0,"1":0,"2":0,"3":0,"4":0,"5":2,"6":5,"7":5,"8":0,"9":5,"10":5,"11":0,"12":10,"13":1,"14":1,"15":1,"16":1,"17":0,"18":1,"19":1,"20":1,"21":0,"22":1,"23":1,"24":1,"25":0,"26":1,"27":1,"28":1,"29":0,"30":1,"31":1,"32":1,"33":0},"b":{"0":[1,1,1],"1":[1,0],"2":[0,0],"3":[0,0],"4":[1,1,1],"5":[1,0],"6":[1,1,1],"7":[2,0],"8":[2,2],"9":[0,0],"10":[0,0],"11":[0,0],"12":[1,1,1],"13":[5,0],"14":[5,5],"15":[5,5],"16":[5,5]},"inputSourceMap":{"version":3,"file":"/home/veenayak/webdev/zemoso-training/node/controllers/UserController.test.ts","sources":["/home/veenayak/webdev/zemoso-training/node/controllers/UserController.test.ts"],"names":[],"mappings":";;;;;;;;;;;;;;;;;;;;;;;;;;;;;;AAAA,+BAA8B;AAC9B,iCAA6B;AAC7B,+DAAiD;AACjD,iEAAmD;AAEnD,MAAM,IAAI,GAAG,SAAS,CAAC;AAEvB,QAAQ,CAAC,uBAAuB,EAAE,GAAG,EAAE;IACnC,EAAE,CAAC,UAAU,EAAE,GAAS,EAAE;QACtB,MAAM,GAAG,GAAG;YACR,IAAI,EAAE,CAAC,IAAS,EAAE,EAAE;gBAChB,OAAO,IAAI,CAAC;YAChB,CAAC;SACJ,CAAA;QAED,IAAI,IAAI,GAAQ,IAAA,YAAI,EAAC,IAAI,EAAE,WAAW,CAAC,CAAC;QACxC,IAAI,CAAC,MAAM,EAAE,CAAC;QAEd,IAAI,CAAC,OAAO,CAAC;YACT,KAAK,EAAE,OAAO;YACd,QAAQ,EAAE,KAAK;SAClB,CAAC,CAAC;QAEH,MAAM,MAAM,GAAQ,MAAM,cAAc,CAAC,OAAO,CAAC,EAAE,EAAE,GAAG,EAAE,GAAG,EAAE,GAAG,CAAC,CAAC,CAAC;QAErE,IAAA,aAAM,EAAC,MAAM,CAAC,KAAK,CAAC,CAAC,EAAE,CAAC,KAAK,CAAC,OAAO,CAAC,CAAC;QACvC,IAAA,aAAM,EAAC,MAAM,CAAC,QAAQ,CAAC,CAAC,EAAE,CAAC,KAAK,CAAC,KAAK,CAAC,CAAC;QAExC,IAAI,CAAC,OAAO,EAAE,CAAC;IAEnB,CAAC,CAAA,CAAC,CAAC;IAEH,EAAE,CAAC,iBAAiB,EAAE,GAAS,EAAE;QAC7B,MAAM,GAAG,GAAG;YACR,IAAI,EAAE,CAAC,IAAS,EAAE,EAAE;gBAChB,OAAO,IAAI,CAAC;YAChB,CAAC;SACJ,CAAA;QAED,IAAI,IAAI,GAAQ,IAAA,YAAI,EAAC,IAAI,EAAE,kBAAkB,CAAC,CAAC;QAC/C,IAAI,CAAC,MAAM,EAAE,CAAC;QAEd,IAAI,CAAC,OAAO,CAAC;YACT,KAAK,EAAE,OAAO;YACd,QAAQ,EAAE,KAAK;SAClB,CAAC,CAAC;QAEH,MAAM,MAAM,GAAQ,MAAM,cAAc,CAAC,YAAY,CAAC,EAAE,EAAE,GAAG,EAAE,GAAG,EAAE,GAAG,CAAC,CAAC,CAAC;QAE1E,IAAA,aAAM,EAAC,MAAM,CAAC,KAAK,CAAC,CAAC,EAAE,CAAC,KAAK,CAAC,OAAO,CAAC,CAAC;QACvC,IAAA,aAAM,EAAC,MAAM,CAAC,QAAQ,CAAC,CAAC,EAAE,CAAC,KAAK,CAAC,KAAK,CAAC,CAAC;QAExC,IAAI,CAAC,OAAO,EAAE,CAAC;IAEnB,CAAC,CAAA,CAAC,CAAC;IAEH,EAAE,CAAC,WAAW,EAAE,GAAS,EAAE;QACvB,MAAM,GAAG,GAAG;YACR,IAAI,EAAE,CAAC,IAAS,EAAE,EAAE;gBAChB,OAAO,IAAI,CAAC;YAChB,CAAC;SACJ,CAAA;QAED,IAAI,IAAI,GAAQ,IAAA,YAAI,EAAC,IAAI,EAAE,YAAY,CAAC,CAAC;QACzC,IAAI,CAAC,MAAM,EAAE,CAAC;QAEd,IAAI,CAAC,OAAO,CAAC;YACT,KAAK,EAAE,OAAO;YACd,QAAQ,EAAE,KAAK;SAClB,CAAC,CAAC;QAEH,MAAM,MAAM,GAAQ,MAAM,cAAc,CAAC,QAAQ,CAAC,EAAE,EAAE,GAAG,EAAE,GAAG,EAAE,GAAG,CAAC,CAAC,CAAC;QAEtE,IAAA,aAAM,EAAC,MAAM,CAAC,KAAK,CAAC,CAAC,EAAE,CAAC,KAAK,CAAC,OAAO,CAAC,CAAC;QACvC,IAAA,aAAM,EAAC,MAAM,CAAC,QAAQ,CAAC,CAAC,EAAE,CAAC,KAAK,CAAC,KAAK,CAAC,CAAC;QAExC,IAAI,CAAC,OAAO,EAAE,CAAC;IAEnB,CAAC,CAAA,CAAC,CAAC;IAEH,EAAE,CAAC,UAAU,EAAE,GAAS,EAAE;QACtB,MAAM,GAAG,GAAG;YACR,IAAI,EAAE,CAAC,IAAS,EAAE,EAAE;gBAChB,OAAO,IAAI,CAAC;YAChB,CAAC;SACJ,CAAA;QAED,IAAI,IAAI,GAAQ,IAAA,YAAI,EAAC,IAAI,EAAE,YAAY,CAAC,CAAC;QACzC,IAAI,CAAC,MAAM,EAAE,CAAC;QAEd,IAAI,CAAC,OAAO,CAAC;YACT,KAAK,EAAE,OAAO;YACd,QAAQ,EAAE,KAAK;SAClB,CAAC,CAAC;QAEH,MAAM,MAAM,GAAQ,MAAM,cAAc,CAAC,OAAO,CAAC,EAAE,EAAE,GAAG,EAAE,GAAG,EAAE,GAAG,CAAC,CAAC,CAAC;QAErE,IAAA,aAAM,EAAC,MAAM,CAAC,KAAK,CAAC,CAAC,EAAE,CAAC,KAAK,CAAC,OAAO,CAAC,CAAC;QACvC,IAAA,aAAM,EAAC,MAAM,CAAC,QAAQ,CAAC,CAAC,EAAE,CAAC,KAAK,CAAC,KAAK,CAAC,CAAC;QAExC,IAAI,CAAC,OAAO,EAAE,CAAC;IAEnB,CAAC,CAAA,CAAC,CAAC;IAEH,EAAE,CAAC,aAAa,EAAE,GAAS,EAAE;QACzB,MAAM,GAAG,GAAG;YACR,IAAI,EAAE,CAAC,IAAS,EAAE,EAAE;gBAChB,OAAO,IAAI,CAAC;YAChB,CAAC;SACJ,CAAA;QAED,IAAI,IAAI,GAAQ,IAAA,YAAI,EAAC,IAAI,EAAE,YAAY,CAAC,CAAC;QACzC,IAAI,CAAC,MAAM,EAAE,CAAC;QAEd,IAAI,CAAC,OAAO,CAAC;YACT,KAAK,EAAE,OAAO;YACd,QAAQ,EAAE,KAAK;SAClB,CAAC,CAAC;QAEH,MAAM,MAAM,GAAQ,MAAM,cAAc,CAAC,UAAU,CAAC,EAAE,EAAE,GAAG,EAAE,GAAG,EAAE,GAAG,CAAC,CAAC,CAAC;QAExE,IAAA,aAAM,EAAC,MAAM,CAAC,KAAK,CAAC,CAAC,EAAE,CAAC,KAAK,CAAC,OAAO,CAAC,CAAC;QACvC,IAAA,aAAM,EAAC,MAAM,CAAC,QAAQ,CAAC,CAAC,EAAE,CAAC,KAAK,CAAC,KAAK,CAAC,CAAC;QAExC,IAAI,CAAC,OAAO,EAAE,CAAC;IAEnB,CAAC,CAAA,CAAC,CAAC;AAEP,CAAC,CAAC,CAAA","sourcesContent":["import { expect } from 'chai';\nimport { stub } from 'sinon';\nimport * as userModel from '../models/UserModel';\nimport * as userController from './UserController';\n\nconst User = userModel;\n\ndescribe('User Controller Tests', () => { \n    it('Get User', async () => {\n        const res = { \n            send: (data: any) => { \n                return data;\n            }\n        }\n    \n        let mock: any = stub(User, 'fetchUser');\n        mock.throws();\n\n        mock.returns({\n            email: 'email',\n            password: 'pwd'\n        });\n    \n        const result: any = await userController.getUser({}, res, () => { });\n        \n        expect(result.email).to.equal('email');    \n        expect(result.password).to.equal('pwd');   \n        \n        mock.restore();\n\n    });\n\n    it('Get User By Key', async () => {\n        const res = { \n            send: (data: any) => { \n                return data;\n            }\n        }\n    \n        let mock: any = stub(User, 'fetchUserByEmail');\n        mock.throws();\n\n        mock.returns({\n            email: 'email',\n            password: 'pwd'\n        });\n    \n        const result: any = await userController.getUserByKey({}, res, () => { });\n        \n        expect(result.email).to.equal('email');    \n        expect(result.password).to.equal('pwd');   \n        \n        mock.restore();\n        \n    });\n\n    it('Post User', async () => {\n        const res = { \n            send: (data: any) => { \n                return data;\n            }\n        }\n    \n        let mock: any = stub(User, 'insertUser');\n        mock.throws();\n\n        mock.returns({\n            email: 'email',\n            password: 'pwd'\n        });\n    \n        const result: any = await userController.postUser({}, res, () => { });\n        \n        expect(result.email).to.equal('email');    \n        expect(result.password).to.equal('pwd');   \n        \n        mock.restore();\n        \n    });\n\n    it('Put User', async () => {\n        const res = { \n            send: (data: any) => { \n                return data;\n            }\n        }\n    \n        let mock: any = stub(User, 'updateUser');\n        mock.throws();\n\n        mock.returns({\n            email: 'email',\n            password: 'pwd'\n        });\n    \n        const result: any = await userController.putUser({}, res, () => { });\n        \n        expect(result.email).to.equal('email');    \n        expect(result.password).to.equal('pwd');   \n        \n        mock.restore();\n        \n    });\n\n    it('Delete User', async () => {\n        const res = { \n            send: (data: any) => { \n                return data;\n            }\n        }\n    \n        let mock: any = stub(User, 'deleteUser');\n        mock.throws();\n\n        mock.returns({\n            email: 'email',\n            password: 'pwd'\n        });\n    \n        const result: any = await userController.deleteUser({}, res, () => { });\n        \n        expect(result.email).to.equal('email');    \n        expect(result.password).to.equal('pwd');   \n        \n        mock.restore();\n        \n    });\n\n})\n\n\n"]},"_coverageSchema":"1a1c01bbd47fc00a2c39e90264f33305004495a9","hash":"d24d967ebe905d0282d45f02393f71f3ecf9ed19","contentHash":"8fae60ef55c23d3021a3e7bba6b282cfda46165b4283d5ee6ed1679433d9062c"},"/home/veenayak/webdev/zemoso-training/node/models/UserModel.ts":{"path":"/home/veenayak/webdev/zemoso-training/node/models/UserModel.ts","statementMap":{"0":{"start":{"line":2,"column":0},"end":{"line":2,"column":62}},"1":{"start":{"line":3,"column":0},"end":{"line":3,"column":137}},"2":{"start":{"line":4,"column":19},"end":{"line":4,"column":38}},"3":{"start":{"line":5,"column":19},"end":{"line":23,"column":2}},"4":{"start":{"line":24,"column":0},"end":{"line":24,"column":63}},"5":{"start":{"line":25,"column":19},"end":{"line":38,"column":1}},"6":{"start":{"line":26,"column":17},"end":{"line":26,"column":71}},"7":{"start":{"line":27,"column":21},"end":{"line":27,"column":48}},"8":{"start":{"line":28,"column":4},"end":{"line":37,"column":7}},"9":{"start":{"line":29,"column":24},"end":{"line":29,"column":30}},"10":{"start":{"line":31,"column":22},"end":{"line":31,"column":36}},"11":{"start":{"line":32,"column":8},"end":{"line":32,"column":71}},"12":{"start":{"line":33,"column":8},"end":{"line":35,"column":9}},"13":{"start":{"line":34,"column":12},"end":{"line":34,"column":50}},"14":{"start":{"line":36,"column":8},"end":{"line":36,"column":27}},"15":{"start":{"line":39,"column":0},"end":{"line":39,"column":32}},"16":{"start":{"line":40,"column":18},"end":{"line":44,"column":1}},"17":{"start":{"line":41,"column":4},"end":{"line":43,"column":27}},"18":{"start":{"line":42,"column":22},"end":{"line":42,"column":26}},"19":{"start":{"line":43,"column":22},"end":{"line":43,"column":25}},"20":{"start":{"line":45,"column":0},"end":{"line":45,"column":30}},"21":{"start":{"line":46,"column":25},"end":{"line":52,"column":1}},"22":{"start":{"line":47,"column":4},"end":{"line":51,"column":7}},"23":{"start":{"line":48,"column":24},"end":{"line":48,"column":30}},"24":{"start":{"line":50,"column":8},"end":{"line":50,"column":32}},"25":{"start":{"line":53,"column":0},"end":{"line":53,"column":44}},"26":{"start":{"line":54,"column":19},"end":{"line":62,"column":1}},"27":{"start":{"line":55,"column":17},"end":{"line":55,"column":71}},"28":{"start":{"line":56,"column":19},"end":{"line":56,"column":44}},"29":{"start":{"line":57,"column":4},"end":{"line":61,"column":7}},"30":{"start":{"line":58,"column":24},"end":{"line":58,"column":30}},"31":{"start":{"line":60,"column":8},"end":{"line":60,"column":32}},"32":{"start":{"line":63,"column":0},"end":{"line":63,"column":32}},"33":{"start":{"line":64,"column":19},"end":{"line":70,"column":1}},"34":{"start":{"line":65,"column":4},"end":{"line":69,"column":7}},"35":{"start":{"line":66,"column":22},"end":{"line":66,"column":26}},"36":{"start":{"line":68,"column":8},"end":{"line":68,"column":32}},"37":{"start":{"line":71,"column":0},"end":{"line":71,"column":32}}},"fnMap":{"0":{"name":"(anonymous_0)","decl":{"start":{"line":25,"column":19},"end":{"line":25,"column":20}},"loc":{"start":{"line":25,"column":39},"end":{"line":38,"column":1}},"line":25},"1":{"name":"(anonymous_1)","decl":{"start":{"line":29,"column":14},"end":{"line":29,"column":15}},"loc":{"start":{"line":29,"column":24},"end":{"line":29,"column":30}},"line":29},"2":{"name":"(anonymous_2)","decl":{"start":{"line":30,"column":15},"end":{"line":30,"column":16}},"loc":{"start":{"line":30,"column":22},"end":{"line":37,"column":5}},"line":30},"3":{"name":"(anonymous_3)","decl":{"start":{"line":40,"column":18},"end":{"line":40,"column":19}},"loc":{"start":{"line":40,"column":24},"end":{"line":44,"column":1}},"line":40},"4":{"name":"(anonymous_4)","decl":{"start":{"line":42,"column":14},"end":{"line":42,"column":15}},"loc":{"start":{"line":42,"column":22},"end":{"line":42,"column":26}},"line":42},"5":{"name":"(anonymous_5)","decl":{"start":{"line":43,"column":15},"end":{"line":43,"column":16}},"loc":{"start":{"line":43,"column":22},"end":{"line":43,"column":25}},"line":43},"6":{"name":"(anonymous_6)","decl":{"start":{"line":46,"column":25},"end":{"line":46,"column":26}},"loc":{"start":{"line":46,"column":45},"end":{"line":52,"column":1}},"line":46},"7":{"name":"(anonymous_7)","decl":{"start":{"line":48,"column":14},"end":{"line":48,"column":15}},"loc":{"start":{"line":48,"column":24},"end":{"line":48,"column":30}},"line":48},"8":{"name":"(anonymous_8)","decl":{"start":{"line":49,"column":15},"end":{"line":49,"column":16}},"loc":{"start":{"line":49,"column":22},"end":{"line":51,"column":5}},"line":49},"9":{"name":"(anonymous_9)","decl":{"start":{"line":54,"column":19},"end":{"line":54,"column":20}},"loc":{"start":{"line":54,"column":39},"end":{"line":62,"column":1}},"line":54},"10":{"name":"(anonymous_10)","decl":{"start":{"line":58,"column":14},"end":{"line":58,"column":15}},"loc":{"start":{"line":58,"column":24},"end":{"line":58,"column":30}},"line":58},"11":{"name":"(anonymous_11)","decl":{"start":{"line":59,"column":15},"end":{"line":59,"column":16}},"loc":{"start":{"line":59,"column":22},"end":{"line":61,"column":5}},"line":59},"12":{"name":"(anonymous_12)","decl":{"start":{"line":64,"column":19},"end":{"line":64,"column":20}},"loc":{"start":{"line":64,"column":39},"end":{"line":70,"column":1}},"line":64},"13":{"name":"(anonymous_13)","decl":{"start":{"line":66,"column":14},"end":{"line":66,"column":15}},"loc":{"start":{"line":66,"column":22},"end":{"line":66,"column":26}},"line":66},"14":{"name":"(anonymous_14)","decl":{"start":{"line":67,"column":15},"end":{"line":67,"column":16}},"loc":{"start":{"line":67,"column":22},"end":{"line":69,"column":5}},"line":67}},"branchMap":{"0":{"loc":{"start":{"line":33,"column":8},"end":{"line":35,"column":9}},"type":"if","locations":[{"start":{"line":33,"column":8},"end":{"line":35,"column":9}},{"start":{"line":33,"column":8},"end":{"line":35,"column":9}}],"line":33}},"s":{"0":1,"1":1,"2":1,"3":1,"4":1,"5":1,"6":0,"7":0,"8":0,"9":0,"10":0,"11":0,"12":0,"13":0,"14":0,"15":1,"16":1,"17":0,"18":0,"19":0,"20":1,"21":1,"22":0,"23":0,"24":0,"25":1,"26":1,"27":0,"28":0,"29":0,"30":0,"31":0,"32":1,"33":1,"34":0,"35":0,"36":0,"37":1},"f":{"0":0,"1":0,"2":0,"3":0,"4":0,"5":0,"6":0,"7":0,"8":0,"9":0,"10":0,"11":0,"12":0,"13":0,"14":0},"b":{"0":[0,0]},"inputSourceMap":{"version":3,"file":"/home/veenayak/webdev/zemoso-training/node/models/UserModel.ts","sources":["/home/veenayak/webdev/zemoso-training/node/models/UserModel.ts"],"names":[],"mappings":";;;AACA,uCAA+C;AAS/C,MAAM,UAAU,GAAG,IAAI,iBAAM,CAAO;IAEhC,KAAK,EAAG;QACJ,IAAI,EAAE,MAAM;QACZ,KAAK,EAAE,IAAI;QACX,MAAM,EAAE,IAAI;QACZ,QAAQ,EAAE,IAAI;KACjB;IACD,QAAQ,EAAE;QACN,IAAI,EAAE,MAAM;QACZ,QAAQ,EAAE,IAAI;KACjB;IACD,SAAS,EAAG;QACR,IAAI,EAAG,IAAI;QACX,OAAO,EAAE,IAAI,CAAC,GAAG,EAAE;KACtB;IACD,KAAK,EAAE;QACH,IAAI,EAAG,MAAM;KAChB;CAEJ,CAAC,CAAC;AAEU,QAAA,SAAS,GAAG,IAAA,gBAAK,EAAO,OAAO,EAAE,UAAU,CAAC,CAAC;AAEnD,MAAM,UAAU,GAAI,CAAC,GAAO,EAAE,GAAY,EAAE,IAAiB,EAAE,EAAE;IACpE,MAAM,IAAI,GAAG,EAAE,KAAK,EAAE,GAAG,CAAC,IAAI,CAAC,KAAK,EAAE,QAAQ,EAAE,GAAG,CAAC,IAAI,CAAC,QAAQ,EAAE,CAAC;IACpE,MAAM,QAAQ,GAAG,IAAI,iBAAS,CAAC,IAAI,CAAC,CAAC;IAErC,OAAO,QAAQ,CAAC,IAAI,EAAE;SACjB,IAAI,CAAC,MAAM,CAAC,EAAE,CAAC,MAAM,CAAC;SACtB,KAAK,CAAC,GAAG,CAAC,EAAE;QACT,MAAM,KAAK,GAAG,IAAI,KAAK,CAAC,GAAG,CAAC,CAAC;QAC7B,KAAK,CAAC,OAAO,GAAG,8CAA8C,CAAC;QAE/D,IAAI,GAAG,CAAC,KAAK,KAAK,CAAC,EAAE;YACjB,KAAK,CAAC,OAAO,GAAG,qBAAqB,CAAC;SACzC;QACD,OAAO,IAAI,CAAC,KAAK,CAAC,CAAC;IACvB,CAAC,CAAC,CAAC;AAEX,CAAC,CAAA;AAhBY,QAAA,UAAU,cAgBtB;AAEM,MAAM,SAAS,GAAG,GAAG,EAAE;IAC1B,OAAO,iBAAS,CAAC,IAAI,CAAC,EAAE,CAAC;SACpB,IAAI,CAAC,IAAI,CAAC,EAAE,CAAC,IAAI,CAAC;SAClB,KAAK,CAAC,GAAG,CAAC,EAAE,CAAC,GAAG,CAAC,CAAA;AAC1B,CAAC,CAAA;AAJY,QAAA,SAAS,aAIrB;AAEM,MAAM,gBAAgB,GAAG,CAAC,GAAW,EAAE,GAAY,EAAE,IAAiB,EAAE,EAAE;IAC7E,OAAO,iBAAS,CAAC,IAAI,CAAC,EAAE,KAAK,EAAE,GAAG,CAAC,MAAM,CAAC,GAAG,EAAE,CAAC;SAC3C,IAAI,CAAC,MAAM,CAAC,EAAE,CAAC,MAAM,CAAC;SACtB,KAAK,CAAC,GAAG,CAAC,EAAE;QACT,OAAO,IAAI,CAAC,KAAK,CAAC,GAAG,CAAC,CAAC,CAAC;IAC5B,CAAC,CAAC,CAAC;AACX,CAAC,CAAA;AANY,QAAA,gBAAgB,oBAM5B;AAEM,MAAM,UAAU,GAAG,CAAC,GAAW,EAAE,GAAY,EAAE,IAAiB,EAAE,EAAE;IACvE,MAAM,IAAI,GAAG,EAAE,KAAK,EAAE,GAAG,CAAC,IAAI,CAAC,KAAK,EAAE,QAAQ,EAAE,GAAG,CAAC,IAAI,CAAC,QAAQ,EAAE,CAAC;IACpE,MAAM,MAAM,GAAG,EAAE,KAAK,EAAE,GAAG,CAAC,MAAM,CAAC,GAAG,EAAE,CAAC;IAEzC,OAAO,iBAAS,CAAC,SAAS,CAAC,MAAM,EAAE,IAAI,CAAC;SACnC,IAAI,CAAC,MAAM,CAAC,EAAE,CAAC,MAAM,CAAC;SACtB,KAAK,CAAC,GAAG,CAAC,EAAE;QACT,OAAO,IAAI,CAAC,KAAK,CAAC,GAAG,CAAC,CAAC,CAAC;IAC5B,CAAC,CAAC,CAAC;AACX,CAAC,CAAA;AATY,QAAA,UAAU,cAStB;AAEM,MAAM,UAAU,GAAG,CAAC,GAAW,EAAE,GAAY,EAAE,IAAiB,EAAE,EAAE;IACvE,OAAO,iBAAS,CAAC,SAAS,CAAC,EAAE,KAAK,EAAE,GAAG,CAAC,MAAM,CAAC,GAAG,EAAE,CAAC;SAChD,IAAI,CAAC,IAAI,CAAC,EAAE,CAAC,IAAI,CAAC;SAClB,KAAK,CAAC,GAAG,CAAC,EAAE;QACT,OAAO,IAAI,CAAC,KAAK,CAAC,GAAG,CAAC,CAAC,CAAC;IAC5B,CAAC,CAAC,CAAC;AACX,CAAC,CAAA;AANY,QAAA,UAAU,cAMtB","sourcesContent":["import { NextFunction, Request, Response } from 'express';\nimport { Schema, model, Date } from 'mongoose';\n\ninterface User {\n    email: string;\n    password?: string;\n    lastLogin: Date;\n    token: string\n}\n  \nconst userSchema = new Schema<User>({\n\n    email:  { \n        type: String, \n        index: true, \n        unique: true,\n        required: true\n    },\n    password: {\n        type: String, \n        required: true\n    },\n    lastLogin : {\n        type : Date,\n        default: Date.now()\n    },\n    token: {\n        type : String\n    }\n\n});\n\nexport const userModel = model<User>('users', userSchema);\n\nexport const insertUser =  (req:any, res:Response, next:NextFunction) => {\n    const data = { email: req.body.email, password: req.body.password };\n    const userData = new userModel(data);\n\n    return userData.save()\n        .then(result => result)\n        .catch(err => {\n            const error = new Error(err);\n            error.message = \"There is some issue in creating this account\";\n                \n            if (err.index === 0) { \n                error.message = \"User already exists\";\n            }                        \n            return next(error);\n        });\n\n}\n    \nexport const fetchUser = () => {\n    return userModel.find({})\n        .then(data => data)       \n        .catch(err => err)\n}\n    \nexport const fetchUserByEmail = (req:Request ,res:Response, next:NextFunction) => {\n    return userModel.find({ email: req.params.key })\n        .then(result => result)       \n        .catch(err => {\n            return next(Error(err));\n        });\n}\n    \nexport const updateUser = (req:Request, res:Response, next:NextFunction) => {\n    const data = { email: req.body.email, password: req.body.password };                \n    const filter = { email: req.params.key };\n    \n    return userModel.updateOne(filter, data)\n        .then(result => result)       \n        .catch(err => {\n            return next(Error(err));\n        });\n}\n    \nexport const deleteUser = (req:Request, res:Response, next:NextFunction) => {\n    return userModel.deleteOne({ email: req.params.key })\n        .then(data => data)       \n        .catch(err => {\n            return next(Error(err));\n        });\n}    \n"]},"_coverageSchema":"1a1c01bbd47fc00a2c39e90264f33305004495a9","hash":"5b91b481a671271793525ee376e83a5a3e2af4bb","contentHash":"9574bbdbf218affe04945a778bc5bcbdfec0846b276b507bdbbcad4195ca8501"},"/home/veenayak/webdev/zemoso-training/node/controllers/UserController.ts":{"path":"/home/veenayak/webdev/zemoso-training/node/controllers/UserController.ts","statementMap":{"0":{"start":{"line":2,"column":22},"end":{"line":8,"column":3}},"1":{"start":{"line":3,"column":4},"end":{"line":3,"column":33}},"2":{"start":{"line":3,"column":26},"end":{"line":3,"column":33}},"3":{"start":{"line":4,"column":4},"end":{"line":4,"column":89}},"4":{"start":{"line":4,"column":71},"end":{"line":4,"column":83}},"5":{"start":{"line":6,"column":4},"end":{"line":6,"column":33}},"6":{"start":{"line":6,"column":26},"end":{"line":6,"column":33}},"7":{"start":{"line":7,"column":4},"end":{"line":7,"column":17}},"8":{"start":{"line":9,"column":25},"end":{"line":13,"column":2}},"9":{"start":{"line":10,"column":4},"end":{"line":10,"column":72}},"10":{"start":{"line":12,"column":4},"end":{"line":12,"column":21}},"11":{"start":{"line":14,"column":19},"end":{"line":20,"column":1}},"12":{"start":{"line":15,"column":4},"end":{"line":15,"column":42}},"13":{"start":{"line":15,"column":31},"end":{"line":15,"column":42}},"14":{"start":{"line":16,"column":17},"end":{"line":16,"column":19}},"15":{"start":{"line":17,"column":4},"end":{"line":17,"column":141}},"16":{"start":{"line":17,"column":21},"end":{"line":17,"column":141}},"17":{"start":{"line":17,"column":40},"end":{"line":17,"column":141}},"18":{"start":{"line":17,"column":109},"end":{"line":17,"column":141}},"19":{"start":{"line":18,"column":4},"end":{"line":18,"column":36}},"20":{"start":{"line":19,"column":4},"end":{"line":19,"column":18}},"21":{"start":{"line":21,"column":16},"end":{"line":29,"column":1}},"22":{"start":{"line":22,"column":28},"end":{"line":22,"column":110}},"23":{"start":{"line":22,"column":91},"end":{"line":22,"column":106}},"24":{"start":{"line":23,"column":4},"end":{"line":28,"column":7}},"25":{"start":{"line":24,"column":36},"end":{"line":24,"column":97}},"26":{"start":{"line":24,"column":42},"end":{"line":24,"column":70}},"27":{"start":{"line":24,"column":85},"end":{"line":24,"column":95}},"28":{"start":{"line":25,"column":35},"end":{"line":25,"column":100}},"29":{"start":{"line":25,"column":41},"end":{"line":25,"column":73}},"30":{"start":{"line":25,"column":88},"end":{"line":25,"column":98}},"31":{"start":{"line":26,"column":32},"end":{"line":26,"column":116}},"32":{"start":{"line":27,"column":8},"end":{"line":27,"column":78}},"33":{"start":{"line":30,"column":0},"end":{"line":30,"column":62}},"34":{"start":{"line":31,"column":0},"end":{"line":31,"column":106}},"35":{"start":{"line":32,"column":18},"end":{"line":32,"column":62}},"36":{"start":{"line":33,"column":16},"end":{"line":35,"column":2}},"37":{"start":{"line":33,"column":36},"end":{"line":35,"column":2}},"38":{"start":{"line":34,"column":4},"end":{"line":34,"column":49}},"39":{"start":{"line":36,"column":0},"end":{"line":36,"column":26}},"40":{"start":{"line":37,"column":21},"end":{"line":39,"column":2}},"41":{"start":{"line":37,"column":41},"end":{"line":39,"column":2}},"42":{"start":{"line":38,"column":4},"end":{"line":38,"column":70}},"43":{"start":{"line":40,"column":0},"end":{"line":40,"column":36}},"44":{"start":{"line":41,"column":17},"end":{"line":43,"column":2}},"45":{"start":{"line":41,"column":37},"end":{"line":43,"column":2}},"46":{"start":{"line":42,"column":4},"end":{"line":42,"column":64}},"47":{"start":{"line":44,"column":0},"end":{"line":44,"column":28}},"48":{"start":{"line":45,"column":16},"end":{"line":47,"column":2}},"49":{"start":{"line":45,"column":36},"end":{"line":47,"column":2}},"50":{"start":{"line":46,"column":4},"end":{"line":46,"column":64}},"51":{"start":{"line":48,"column":0},"end":{"line":48,"column":26}},"52":{"start":{"line":49,"column":19},"end":{"line":51,"column":2}},"53":{"start":{"line":49,"column":39},"end":{"line":51,"column":2}},"54":{"start":{"line":50,"column":4},"end":{"line":50,"column":64}},"55":{"start":{"line":52,"column":0},"end":{"line":52,"column":32}}},"fnMap":{"0":{"name":"(anonymous_0)","decl":{"start":{"line":2,"column":74},"end":{"line":2,"column":75}},"loc":{"start":{"line":2,"column":96},"end":{"line":5,"column":1}},"line":2},"1":{"name":"(anonymous_1)","decl":{"start":{"line":4,"column":58},"end":{"line":4,"column":59}},"loc":{"start":{"line":4,"column":69},"end":{"line":4,"column":85}},"line":4},"2":{"name":"(anonymous_2)","decl":{"start":{"line":5,"column":6},"end":{"line":5,"column":7}},"loc":{"start":{"line":5,"column":28},"end":{"line":8,"column":1}},"line":5},"3":{"name":"(anonymous_3)","decl":{"start":{"line":9,"column":80},"end":{"line":9,"column":81}},"loc":{"start":{"line":9,"column":95},"end":{"line":11,"column":1}},"line":9},"4":{"name":"(anonymous_4)","decl":{"start":{"line":11,"column":5},"end":{"line":11,"column":6}},"loc":{"start":{"line":11,"column":20},"end":{"line":13,"column":1}},"line":11},"5":{"name":"(anonymous_5)","decl":{"start":{"line":14,"column":50},"end":{"line":14,"column":51}},"loc":{"start":{"line":14,"column":65},"end":{"line":20,"column":1}},"line":14},"6":{"name":"(anonymous_6)","decl":{"start":{"line":21,"column":44},"end":{"line":21,"column":45}},"loc":{"start":{"line":21,"column":89},"end":{"line":29,"column":1}},"line":21},"7":{"name":"adopt","decl":{"start":{"line":22,"column":13},"end":{"line":22,"column":18}},"loc":{"start":{"line":22,"column":26},"end":{"line":22,"column":112}},"line":22},"8":{"name":"(anonymous_8)","decl":{"start":{"line":22,"column":70},"end":{"line":22,"column":71}},"loc":{"start":{"line":22,"column":89},"end":{"line":22,"column":108}},"line":22},"9":{"name":"(anonymous_9)","decl":{"start":{"line":23,"column":36},"end":{"line":23,"column":37}},"loc":{"start":{"line":23,"column":63},"end":{"line":28,"column":5}},"line":23},"10":{"name":"fulfilled","decl":{"start":{"line":24,"column":17},"end":{"line":24,"column":26}},"loc":{"start":{"line":24,"column":34},"end":{"line":24,"column":99}},"line":24},"11":{"name":"rejected","decl":{"start":{"line":25,"column":17},"end":{"line":25,"column":25}},"loc":{"start":{"line":25,"column":33},"end":{"line":25,"column":102}},"line":25},"12":{"name":"step","decl":{"start":{"line":26,"column":17},"end":{"line":26,"column":21}},"loc":{"start":{"line":26,"column":30},"end":{"line":26,"column":118}},"line":26},"13":{"name":"(anonymous_13)","decl":{"start":{"line":33,"column":16},"end":{"line":33,"column":17}},"loc":{"start":{"line":33,"column":36},"end":{"line":35,"column":2}},"line":33},"14":{"name":"(anonymous_14)","decl":{"start":{"line":33,"column":70},"end":{"line":33,"column":71}},"loc":{"start":{"line":33,"column":83},"end":{"line":35,"column":1}},"line":33},"15":{"name":"(anonymous_15)","decl":{"start":{"line":37,"column":21},"end":{"line":37,"column":22}},"loc":{"start":{"line":37,"column":41},"end":{"line":39,"column":2}},"line":37},"16":{"name":"(anonymous_16)","decl":{"start":{"line":37,"column":75},"end":{"line":37,"column":76}},"loc":{"start":{"line":37,"column":88},"end":{"line":39,"column":1}},"line":37},"17":{"name":"(anonymous_17)","decl":{"start":{"line":41,"column":17},"end":{"line":41,"column":18}},"loc":{"start":{"line":41,"column":37},"end":{"line":43,"column":2}},"line":41},"18":{"name":"(anonymous_18)","decl":{"start":{"line":41,"column":71},"end":{"line":41,"column":72}},"loc":{"start":{"line":41,"column":84},"end":{"line":43,"column":1}},"line":41},"19":{"name":"(anonymous_19)","decl":{"start":{"line":45,"column":16},"end":{"line":45,"column":17}},"loc":{"start":{"line":45,"column":36},"end":{"line":47,"column":2}},"line":45},"20":{"name":"(anonymous_20)","decl":{"start":{"line":45,"column":70},"end":{"line":45,"column":71}},"loc":{"start":{"line":45,"column":83},"end":{"line":47,"column":1}},"line":45},"21":{"name":"(anonymous_21)","decl":{"start":{"line":49,"column":19},"end":{"line":49,"column":20}},"loc":{"start":{"line":49,"column":39},"end":{"line":51,"column":2}},"line":49},"22":{"name":"(anonymous_22)","decl":{"start":{"line":49,"column":73},"end":{"line":49,"column":74}},"loc":{"start":{"line":49,"column":86},"end":{"line":51,"column":1}},"line":49}},"branchMap":{"0":{"loc":{"start":{"line":2,"column":22},"end":{"line":8,"column":3}},"type":"binary-expr","locations":[{"start":{"line":2,"column":23},"end":{"line":2,"column":27}},{"start":{"line":2,"column":31},"end":{"line":2,"column":51}},{"start":{"line":2,"column":57},"end":{"line":8,"column":2}}],"line":2},"1":{"loc":{"start":{"line":2,"column":57},"end":{"line":8,"column":2}},"type":"cond-expr","locations":[{"start":{"line":2,"column":74},"end":{"line":5,"column":1}},{"start":{"line":5,"column":6},"end":{"line":8,"column":1}}],"line":2},"2":{"loc":{"start":{"line":3,"column":4},"end":{"line":3,"column":33}},"type":"if","locations":[{"start":{"line":3,"column":4},"end":{"line":3,"column":33}},{"start":{"line":3,"column":4},"end":{"line":3,"column":33}}],"line":3},"3":{"loc":{"start":{"line":6,"column":4},"end":{"line":6,"column":33}},"type":"if","locations":[{"start":{"line":6,"column":4},"end":{"line":6,"column":33}},{"start":{"line":6,"column":4},"end":{"line":6,"column":33}}],"line":6},"4":{"loc":{"start":{"line":9,"column":25},"end":{"line":13,"column":2}},"type":"binary-expr","locations":[{"start":{"line":9,"column":26},"end":{"line":9,"column":30}},{"start":{"line":9,"column":34},"end":{"line":9,"column":57}},{"start":{"line":9,"column":63},"end":{"line":13,"column":1}}],"line":9},"5":{"loc":{"start":{"line":9,"column":63},"end":{"line":13,"column":1}},"type":"cond-expr","locations":[{"start":{"line":9,"column":80},"end":{"line":11,"column":1}},{"start":{"line":11,"column":5},"end":{"line":13,"column":1}}],"line":9},"6":{"loc":{"start":{"line":14,"column":19},"end":{"line":20,"column":1}},"type":"binary-expr","locations":[{"start":{"line":14,"column":20},"end":{"line":14,"column":24}},{"start":{"line":14,"column":28},"end":{"line":14,"column":45}},{"start":{"line":14,"column":50},"end":{"line":20,"column":1}}],"line":14},"7":{"loc":{"start":{"line":15,"column":4},"end":{"line":15,"column":42}},"type":"if","locations":[{"start":{"line":15,"column":4},"end":{"line":15,"column":42}},{"start":{"line":15,"column":4},"end":{"line":15,"column":42}}],"line":15},"8":{"loc":{"start":{"line":15,"column":8},"end":{"line":15,"column":29}},"type":"binary-expr","locations":[{"start":{"line":15,"column":8},"end":{"line":15,"column":11}},{"start":{"line":15,"column":15},"end":{"line":15,"column":29}}],"line":15},"9":{"loc":{"start":{"line":17,"column":4},"end":{"line":17,"column":141}},"type":"if","locations":[{"start":{"line":17,"column":4},"end":{"line":17,"column":141}},{"start":{"line":17,"column":4},"end":{"line":17,"column":141}}],"line":17},"10":{"loc":{"start":{"line":17,"column":40},"end":{"line":17,"column":141}},"type":"if","locations":[{"start":{"line":17,"column":40},"end":{"line":17,"column":141}},{"start":{"line":17,"column":40},"end":{"line":17,"column":141}}],"line":17},"11":{"loc":{"start":{"line":17,"column":44},"end":{"line":17,"column":107}},"type":"binary-expr","locations":[{"start":{"line":17,"column":44},"end":{"line":17,"column":59}},{"start":{"line":17,"column":63},"end":{"line":17,"column":107}}],"line":17},"12":{"loc":{"start":{"line":21,"column":16},"end":{"line":29,"column":1}},"type":"binary-expr","locations":[{"start":{"line":21,"column":17},"end":{"line":21,"column":21}},{"start":{"line":21,"column":25},"end":{"line":21,"column":39}},{"start":{"line":21,"column":44},"end":{"line":29,"column":1}}],"line":21},"13":{"loc":{"start":{"line":22,"column":35},"end":{"line":22,"column":109}},"type":"cond-expr","locations":[{"start":{"line":22,"column":56},"end":{"line":22,"column":61}},{"start":{"line":22,"column":64},"end":{"line":22,"column":109}}],"line":22},"14":{"loc":{"start":{"line":23,"column":16},"end":{"line":23,"column":34}},"type":"binary-expr","locations":[{"start":{"line":23,"column":16},"end":{"line":23,"column":17}},{"start":{"line":23,"column":22},"end":{"line":23,"column":33}}],"line":23},"15":{"loc":{"start":{"line":26,"column":32},"end":{"line":26,"column":115}},"type":"cond-expr","locations":[{"start":{"line":26,"column":46},"end":{"line":26,"column":67}},{"start":{"line":26,"column":70},"end":{"line":26,"column":115}}],"line":26},"16":{"loc":{"start":{"line":27,"column":51},"end":{"line":27,"column":67}},"type":"binary-expr","locations":[{"start":{"line":27,"column":51},"end":{"line":27,"column":61}},{"start":{"line":27,"column":65},"end":{"line":27,"column":67}}],"line":27}},"s":{"0":1,"1":0,"2":0,"3":0,"4":0,"5":0,"6":0,"7":0,"8":1,"9":0,"10":0,"11":1,"12":1,"13":1,"14":0,"15":0,"16":0,"17":0,"18":0,"19":0,"20":0,"21":1,"22":5,"23":5,"24":5,"25":5,"26":5,"27":0,"28":0,"29":0,"30":0,"31":10,"32":5,"33":1,"34":1,"35":1,"36":1,"37":1,"38":1,"39":1,"40":1,"41":1,"42":1,"43":1,"44":1,"45":1,"46":1,"47":1,"48":1,"49":1,"50":1,"51":1,"52":1,"53":1,"54":1,"55":1},"f":{"0":0,"1":0,"2":0,"3":0,"4":0,"5":1,"6":5,"7":5,"8":5,"9":5,"10":5,"11":0,"12":10,"13":1,"14":1,"15":1,"16":1,"17":1,"18":1,"19":1,"20":1,"21":1,"22":1},"b":{"0":[1,1,1],"1":[1,0],"2":[0,0],"3":[0,0],"4":[1,1,1],"5":[1,0],"6":[1,1,1],"7":[1,0],"8":[1,1],"9":[0,0],"10":[0,0],"11":[0,0],"12":[1,1,1],"13":[0,5],"14":[5,5],"15":[5,5],"16":[5,5]},"inputSourceMap":{"version":3,"file":"/home/veenayak/webdev/zemoso-training/node/controllers/UserController.ts","sources":["/home/veenayak/webdev/zemoso-training/node/controllers/UserController.ts"],"names":[],"mappings":";;;;;;;;;;;;;;;;;;;;;;;;;;;;;;;AAAA,+DAAiD;AAE1C,MAAM,OAAO,GAAG,CAAO,GAAO,EAAE,GAAO,EAAE,IAAQ,EAAE,EAAE;IACxD,OAAO,GAAG,CAAC,IAAI,CAAC,MAAM,SAAS,CAAC,SAAS,EAAE,CAAC,CAAC;AACjD,CAAC,CAAA,CAAA;AAFY,QAAA,OAAO,WAEnB;AAEM,MAAM,YAAY,GAAG,CAAO,GAAO,EAAE,GAAO,EAAC,IAAQ,EAAE,EAAE;IAC5D,OAAO,GAAG,CAAC,IAAI,CAAC,MAAM,SAAS,CAAC,gBAAgB,CAAC,GAAG,EAAE,GAAG,EAAE,IAAI,CAAC,CAAC,CAAC;AAEtE,CAAC,CAAA,CAAA;AAHY,QAAA,YAAY,gBAGxB;AAEM,MAAM,QAAQ,GAAG,CAAO,GAAO,EAAE,GAAO,EAAE,IAAQ,EAAE,EAAE;IACzD,OAAO,GAAG,CAAC,IAAI,CAAC,MAAM,SAAS,CAAC,UAAU,CAAC,GAAG,EAAE,GAAG,EAAE,IAAI,CAAC,CAAC,CAAC;AAEhE,CAAC,CAAA,CAAA;AAHY,QAAA,QAAQ,YAGpB;AAEM,MAAM,OAAO,GAAG,CAAO,GAAO,EAAE,GAAO,EAAE,IAAQ,EAAE,EAAE;IACxD,OAAO,GAAG,CAAC,IAAI,CAAC,MAAM,SAAS,CAAC,UAAU,CAAC,GAAG,EAAE,GAAG,EAAE,IAAI,CAAC,CAAC,CAAC;AAEhE,CAAC,CAAA,CAAA;AAHY,QAAA,OAAO,WAGnB;AAEM,MAAM,UAAU,GAAG,CAAO,GAAO,EAAE,GAAO,EAAE,IAAQ,EAAE,EAAE;IAC3D,OAAO,GAAG,CAAC,IAAI,CAAC,MAAM,SAAS,CAAC,UAAU,CAAC,GAAG,EAAE,GAAG,EAAE,IAAI,CAAC,CAAC,CAAC;AAChE,CAAC,CAAA,CAAA;AAFY,QAAA,UAAU,cAEtB","sourcesContent":["import * as userModel from '../models/UserModel';\n\nexport const getUser = async (req:any, res:any, next:any) => {\n    return res.send(await userModel.fetchUser());            \n}\n\nexport const getUserByKey = async (req:any, res:any,next:any) => {\n    return res.send(await userModel.fetchUserByEmail(req, res, next));            \n\n}\n\nexport const postUser = async (req:any, res:any, next:any) => {\n    return res.send(await userModel.insertUser(req, res, next));            \n\n}\n\nexport const putUser = async (req:any, res:any, next:any) => {\n    return res.send(await userModel.updateUser(req, res, next));            \n\n}\n\nexport const deleteUser = async (req:any, res:any, next:any) => {\n    return res.send(await userModel.deleteUser(req, res, next));            \n}\n"]},"_coverageSchema":"1a1c01bbd47fc00a2c39e90264f33305004495a9","hash":"9151d4393c1d4b11ce6cfc8d5581ac09b2381b11","contentHash":"d3883d23a933ceeb08a7d6850056116ba02210ea1c65c2d0fb544ee54aaa32d1"},"/home/veenayak/webdev/zemoso-training/node/graphql/userResolver.test.ts":{"path":"/home/veenayak/webdev/zemoso-training/node/graphql/userResolver.test.ts","statementMap":{"0":{"start":{"line":2,"column":22},"end":{"line":8,"column":3}},"1":{"start":{"line":3,"column":4},"end":{"line":3,"column":33}},"2":{"start":{"line":3,"column":26},"end":{"line":3,"column":33}},"3":{"start":{"line":4,"column":4},"end":{"line":4,"column":89}},"4":{"start":{"line":4,"column":71},"end":{"line":4,"column":83}},"5":{"start":{"line":6,"column":4},"end":{"line":6,"column":33}},"6":{"start":{"line":6,"column":26},"end":{"line":6,"column":33}},"7":{"start":{"line":7,"column":4},"end":{"line":7,"column":17}},"8":{"start":{"line":9,"column":25},"end":{"line":13,"column":2}},"9":{"start":{"line":10,"column":4},"end":{"line":10,"column":72}},"10":{"start":{"line":12,"column":4},"end":{"line":12,"column":21}},"11":{"start":{"line":14,"column":19},"end":{"line":20,"column":1}},"12":{"start":{"line":15,"column":4},"end":{"line":15,"column":42}},"13":{"start":{"line":15,"column":31},"end":{"line":15,"column":42}},"14":{"start":{"line":16,"column":17},"end":{"line":16,"column":19}},"15":{"start":{"line":17,"column":4},"end":{"line":17,"column":141}},"16":{"start":{"line":17,"column":21},"end":{"line":17,"column":141}},"17":{"start":{"line":17,"column":40},"end":{"line":17,"column":141}},"18":{"start":{"line":17,"column":109},"end":{"line":17,"column":141}},"19":{"start":{"line":18,"column":4},"end":{"line":18,"column":36}},"20":{"start":{"line":19,"column":4},"end":{"line":19,"column":18}},"21":{"start":{"line":21,"column":16},"end":{"line":29,"column":1}},"22":{"start":{"line":22,"column":28},"end":{"line":22,"column":110}},"23":{"start":{"line":22,"column":91},"end":{"line":22,"column":106}},"24":{"start":{"line":23,"column":4},"end":{"line":28,"column":7}},"25":{"start":{"line":24,"column":36},"end":{"line":24,"column":97}},"26":{"start":{"line":24,"column":42},"end":{"line":24,"column":70}},"27":{"start":{"line":24,"column":85},"end":{"line":24,"column":95}},"28":{"start":{"line":25,"column":35},"end":{"line":25,"column":100}},"29":{"start":{"line":25,"column":41},"end":{"line":25,"column":73}},"30":{"start":{"line":25,"column":88},"end":{"line":25,"column":98}},"31":{"start":{"line":26,"column":32},"end":{"line":26,"column":116}},"32":{"start":{"line":27,"column":8},"end":{"line":27,"column":78}},"33":{"start":{"line":30,"column":0},"end":{"line":30,"column":62}},"34":{"start":{"line":31,"column":15},"end":{"line":31,"column":30}},"35":{"start":{"line":32,"column":23},"end":{"line":32,"column":48}},"36":{"start":{"line":33,"column":16},"end":{"line":33,"column":32}},"37":{"start":{"line":34,"column":18},"end":{"line":34,"column":62}},"38":{"start":{"line":35,"column":13},"end":{"line":35,"column":32}},"39":{"start":{"line":36,"column":0},"end":{"line":136,"column":3}},"40":{"start":{"line":37,"column":4},"end":{"line":46,"column":8}},"41":{"start":{"line":37,"column":25},"end":{"line":46,"column":6}},"42":{"start":{"line":38,"column":19},"end":{"line":38,"column":50}},"43":{"start":{"line":39,"column":8},"end":{"line":42,"column":11}},"44":{"start":{"line":43,"column":23},"end":{"line":43,"column":59}},"45":{"start":{"line":44,"column":8},"end":{"line":44,"column":59}},"46":{"start":{"line":45,"column":8},"end":{"line":45,"column":60}},"47":{"start":{"line":47,"column":4},"end":{"line":80,"column":8}},"48":{"start":{"line":47,"column":27},"end":{"line":80,"column":6}},"49":{"start":{"line":48,"column":23},"end":{"line":48,"column":57}},"50":{"start":{"line":49,"column":23},"end":{"line":49,"column":64}},"51":{"start":{"line":50,"column":8},"end":{"line":50,"column":26}},"52":{"start":{"line":51,"column":8},"end":{"line":54,"column":11}},"53":{"start":{"line":55,"column":8},"end":{"line":58,"column":11}},"54":{"start":{"line":59,"column":29},"end":{"line":62,"column":9}},"55":{"start":{"line":63,"column":27},"end":{"line":66,"column":9}},"56":{"start":{"line":67,"column":21},"end":{"line":70,"column":10}},"57":{"start":{"line":69,"column":12},"end":{"line":69,"column":74}},"58":{"start":{"line":71,"column":8},"end":{"line":74,"column":11}},"59":{"start":{"line":73,"column":12},"end":{"line":73,"column":77}},"60":{"start":{"line":75,"column":8},"end":{"line":75,"column":32}},"61":{"start":{"line":76,"column":8},"end":{"line":76,"column":88}},"62":{"start":{"line":77,"column":8},"end":{"line":77,"column":68}},"63":{"start":{"line":78,"column":8},"end":{"line":78,"column":60}},"64":{"start":{"line":79,"column":8},"end":{"line":79,"column":27}},"65":{"start":{"line":81,"column":4},"end":{"line":120,"column":8}},"66":{"start":{"line":81,"column":22},"end":{"line":120,"column":6}},"67":{"start":{"line":82,"column":23},"end":{"line":82,"column":57}},"68":{"start":{"line":83,"column":8},"end":{"line":83,"column":26}},"69":{"start":{"line":84,"column":8},"end":{"line":84,"column":32}},"70":{"start":{"line":85,"column":26},"end":{"line":85,"column":71}},"71":{"start":{"line":86,"column":29},"end":{"line":89,"column":9}},"72":{"start":{"line":90,"column":27},"end":{"line":93,"column":9}},"73":{"start":{"line":94,"column":8},"end":{"line":97,"column":11}},"74":{"start":{"line":96,"column":12},"end":{"line":96,"column":74}},"75":{"start":{"line":98,"column":8},"end":{"line":101,"column":11}},"76":{"start":{"line":100,"column":12},"end":{"line":100,"column":77}},"77":{"start":{"line":102,"column":25},"end":{"line":105,"column":9}},"78":{"start":{"line":106,"column":8},"end":{"line":110,"column":11}},"79":{"start":{"line":111,"column":8},"end":{"line":114,"column":11}},"80":{"start":{"line":113,"column":12},"end":{"line":113,"column":89}},"81":{"start":{"line":115,"column":23},"end":{"line":115,"column":88}},"82":{"start":{"line":116,"column":22},"end":{"line":116,"column":77}},"83":{"start":{"line":117,"column":8},"end":{"line":117,"column":57}},"84":{"start":{"line":118,"column":8},"end":{"line":118,"column":57}},"85":{"start":{"line":119,"column":8},"end":{"line":119,"column":27}},"86":{"start":{"line":121,"column":4},"end":{"line":135,"column":8}},"87":{"start":{"line":121,"column":29},"end":{"line":135,"column":6}},"88":{"start":{"line":122,"column":22},"end":{"line":122,"column":77}},"89":{"start":{"line":123,"column":27},"end":{"line":126,"column":9}},"90":{"start":{"line":127,"column":30},"end":{"line":130,"column":9}},"91":{"start":{"line":131,"column":23},"end":{"line":131,"column":90}},"92":{"start":{"line":132,"column":8},"end":{"line":132,"column":58}},"93":{"start":{"line":133,"column":24},"end":{"line":133,"column":94}},"94":{"start":{"line":134,"column":8},"end":{"line":134,"column":60}}},"fnMap":{"0":{"name":"(anonymous_0)","decl":{"start":{"line":2,"column":74},"end":{"line":2,"column":75}},"loc":{"start":{"line":2,"column":96},"end":{"line":5,"column":1}},"line":2},"1":{"name":"(anonymous_1)","decl":{"start":{"line":4,"column":58},"end":{"line":4,"column":59}},"loc":{"start":{"line":4,"column":69},"end":{"line":4,"column":85}},"line":4},"2":{"name":"(anonymous_2)","decl":{"start":{"line":5,"column":6},"end":{"line":5,"column":7}},"loc":{"start":{"line":5,"column":28},"end":{"line":8,"column":1}},"line":5},"3":{"name":"(anonymous_3)","decl":{"start":{"line":9,"column":80},"end":{"line":9,"column":81}},"loc":{"start":{"line":9,"column":95},"end":{"line":11,"column":1}},"line":9},"4":{"name":"(anonymous_4)","decl":{"start":{"line":11,"column":5},"end":{"line":11,"column":6}},"loc":{"start":{"line":11,"column":20},"end":{"line":13,"column":1}},"line":11},"5":{"name":"(anonymous_5)","decl":{"start":{"line":14,"column":50},"end":{"line":14,"column":51}},"loc":{"start":{"line":14,"column":65},"end":{"line":20,"column":1}},"line":14},"6":{"name":"(anonymous_6)","decl":{"start":{"line":21,"column":44},"end":{"line":21,"column":45}},"loc":{"start":{"line":21,"column":89},"end":{"line":29,"column":1}},"line":21},"7":{"name":"adopt","decl":{"start":{"line":22,"column":13},"end":{"line":22,"column":18}},"loc":{"start":{"line":22,"column":26},"end":{"line":22,"column":112}},"line":22},"8":{"name":"(anonymous_8)","decl":{"start":{"line":22,"column":70},"end":{"line":22,"column":71}},"loc":{"start":{"line":22,"column":89},"end":{"line":22,"column":108}},"line":22},"9":{"name":"(anonymous_9)","decl":{"start":{"line":23,"column":36},"end":{"line":23,"column":37}},"loc":{"start":{"line":23,"column":63},"end":{"line":28,"column":5}},"line":23},"10":{"name":"fulfilled","decl":{"start":{"line":24,"column":17},"end":{"line":24,"column":26}},"loc":{"start":{"line":24,"column":34},"end":{"line":24,"column":99}},"line":24},"11":{"name":"rejected","decl":{"start":{"line":25,"column":17},"end":{"line":25,"column":25}},"loc":{"start":{"line":25,"column":33},"end":{"line":25,"column":102}},"line":25},"12":{"name":"step","decl":{"start":{"line":26,"column":17},"end":{"line":26,"column":21}},"loc":{"start":{"line":26,"column":30},"end":{"line":26,"column":118}},"line":26},"13":{"name":"(anonymous_13)","decl":{"start":{"line":36,"column":23},"end":{"line":36,"column":24}},"loc":{"start":{"line":36,"column":29},"end":{"line":136,"column":1}},"line":36},"14":{"name":"(anonymous_14)","decl":{"start":{"line":37,"column":19},"end":{"line":37,"column":20}},"loc":{"start":{"line":37,"column":25},"end":{"line":46,"column":6}},"line":37},"15":{"name":"(anonymous_15)","decl":{"start":{"line":37,"column":59},"end":{"line":37,"column":60}},"loc":{"start":{"line":37,"column":72},"end":{"line":46,"column":5}},"line":37},"16":{"name":"(anonymous_16)","decl":{"start":{"line":47,"column":21},"end":{"line":47,"column":22}},"loc":{"start":{"line":47,"column":27},"end":{"line":80,"column":6}},"line":47},"17":{"name":"(anonymous_17)","decl":{"start":{"line":47,"column":61},"end":{"line":47,"column":62}},"loc":{"start":{"line":47,"column":74},"end":{"line":80,"column":5}},"line":47},"18":{"name":"(anonymous_18)","decl":{"start":{"line":68,"column":19},"end":{"line":68,"column":20}},"loc":{"start":{"line":68,"column":26},"end":{"line":70,"column":9}},"line":68},"19":{"name":"(anonymous_19)","decl":{"start":{"line":72,"column":19},"end":{"line":72,"column":20}},"loc":{"start":{"line":72,"column":26},"end":{"line":74,"column":9}},"line":72},"20":{"name":"(anonymous_20)","decl":{"start":{"line":81,"column":16},"end":{"line":81,"column":17}},"loc":{"start":{"line":81,"column":22},"end":{"line":120,"column":6}},"line":81},"21":{"name":"(anonymous_21)","decl":{"start":{"line":81,"column":56},"end":{"line":81,"column":57}},"loc":{"start":{"line":81,"column":69},"end":{"line":120,"column":5}},"line":81},"22":{"name":"(anonymous_22)","decl":{"start":{"line":95,"column":19},"end":{"line":95,"column":20}},"loc":{"start":{"line":95,"column":26},"end":{"line":97,"column":9}},"line":95},"23":{"name":"(anonymous_23)","decl":{"start":{"line":99,"column":19},"end":{"line":99,"column":20}},"loc":{"start":{"line":99,"column":26},"end":{"line":101,"column":9}},"line":99},"24":{"name":"(anonymous_24)","decl":{"start":{"line":112,"column":19},"end":{"line":112,"column":20}},"loc":{"start":{"line":112,"column":26},"end":{"line":114,"column":9}},"line":112},"25":{"name":"(anonymous_25)","decl":{"start":{"line":121,"column":23},"end":{"line":121,"column":24}},"loc":{"start":{"line":121,"column":29},"end":{"line":135,"column":6}},"line":121},"26":{"name":"(anonymous_26)","decl":{"start":{"line":121,"column":63},"end":{"line":121,"column":64}},"loc":{"start":{"line":121,"column":76},"end":{"line":135,"column":5}},"line":121}},"branchMap":{"0":{"loc":{"start":{"line":2,"column":22},"end":{"line":8,"column":3}},"type":"binary-expr","locations":[{"start":{"line":2,"column":23},"end":{"line":2,"column":27}},{"start":{"line":2,"column":31},"end":{"line":2,"column":51}},{"start":{"line":2,"column":57},"end":{"line":8,"column":2}}],"line":2},"1":{"loc":{"start":{"line":2,"column":57},"end":{"line":8,"column":2}},"type":"cond-expr","locations":[{"start":{"line":2,"column":74},"end":{"line":5,"column":1}},{"start":{"line":5,"column":6},"end":{"line":8,"column":1}}],"line":2},"2":{"loc":{"start":{"line":3,"column":4},"end":{"line":3,"column":33}},"type":"if","locations":[{"start":{"line":3,"column":4},"end":{"line":3,"column":33}},{"start":{"line":3,"column":4},"end":{"line":3,"column":33}}],"line":3},"3":{"loc":{"start":{"line":6,"column":4},"end":{"line":6,"column":33}},"type":"if","locations":[{"start":{"line":6,"column":4},"end":{"line":6,"column":33}},{"start":{"line":6,"column":4},"end":{"line":6,"column":33}}],"line":6},"4":{"loc":{"start":{"line":9,"column":25},"end":{"line":13,"column":2}},"type":"binary-expr","locations":[{"start":{"line":9,"column":26},"end":{"line":9,"column":30}},{"start":{"line":9,"column":34},"end":{"line":9,"column":57}},{"start":{"line":9,"column":63},"end":{"line":13,"column":1}}],"line":9},"5":{"loc":{"start":{"line":9,"column":63},"end":{"line":13,"column":1}},"type":"cond-expr","locations":[{"start":{"line":9,"column":80},"end":{"line":11,"column":1}},{"start":{"line":11,"column":5},"end":{"line":13,"column":1}}],"line":9},"6":{"loc":{"start":{"line":14,"column":19},"end":{"line":20,"column":1}},"type":"binary-expr","locations":[{"start":{"line":14,"column":20},"end":{"line":14,"column":24}},{"start":{"line":14,"column":28},"end":{"line":14,"column":45}},{"start":{"line":14,"column":50},"end":{"line":20,"column":1}}],"line":14},"7":{"loc":{"start":{"line":15,"column":4},"end":{"line":15,"column":42}},"type":"if","locations":[{"start":{"line":15,"column":4},"end":{"line":15,"column":42}},{"start":{"line":15,"column":4},"end":{"line":15,"column":42}}],"line":15},"8":{"loc":{"start":{"line":15,"column":8},"end":{"line":15,"column":29}},"type":"binary-expr","locations":[{"start":{"line":15,"column":8},"end":{"line":15,"column":11}},{"start":{"line":15,"column":15},"end":{"line":15,"column":29}}],"line":15},"9":{"loc":{"start":{"line":17,"column":4},"end":{"line":17,"column":141}},"type":"if","locations":[{"start":{"line":17,"column":4},"end":{"line":17,"column":141}},{"start":{"line":17,"column":4},"end":{"line":17,"column":141}}],"line":17},"10":{"loc":{"start":{"line":17,"column":40},"end":{"line":17,"column":141}},"type":"if","locations":[{"start":{"line":17,"column":40},"end":{"line":17,"column":141}},{"start":{"line":17,"column":40},"end":{"line":17,"column":141}}],"line":17},"11":{"loc":{"start":{"line":17,"column":44},"end":{"line":17,"column":107}},"type":"binary-expr","locations":[{"start":{"line":17,"column":44},"end":{"line":17,"column":59}},{"start":{"line":17,"column":63},"end":{"line":17,"column":107}}],"line":17},"12":{"loc":{"start":{"line":21,"column":16},"end":{"line":29,"column":1}},"type":"binary-expr","locations":[{"start":{"line":21,"column":17},"end":{"line":21,"column":21}},{"start":{"line":21,"column":25},"end":{"line":21,"column":39}},{"start":{"line":21,"column":44},"end":{"line":29,"column":1}}],"line":21},"13":{"loc":{"start":{"line":22,"column":35},"end":{"line":22,"column":109}},"type":"cond-expr","locations":[{"start":{"line":22,"column":56},"end":{"line":22,"column":61}},{"start":{"line":22,"column":64},"end":{"line":22,"column":109}}],"line":22},"14":{"loc":{"start":{"line":23,"column":16},"end":{"line":23,"column":34}},"type":"binary-expr","locations":[{"start":{"line":23,"column":16},"end":{"line":23,"column":17}},{"start":{"line":23,"column":22},"end":{"line":23,"column":33}}],"line":23},"15":{"loc":{"start":{"line":26,"column":32},"end":{"line":26,"column":115}},"type":"cond-expr","locations":[{"start":{"line":26,"column":46},"end":{"line":26,"column":67}},{"start":{"line":26,"column":70},"end":{"line":26,"column":115}}],"line":26},"16":{"loc":{"start":{"line":27,"column":51},"end":{"line":27,"column":67}},"type":"binary-expr","locations":[{"start":{"line":27,"column":51},"end":{"line":27,"column":61}},{"start":{"line":27,"column":65},"end":{"line":27,"column":67}}],"line":27}},"s":{"0":1,"1":0,"2":0,"3":0,"4":0,"5":0,"6":0,"7":0,"8":1,"9":0,"10":0,"11":1,"12":1,"13":1,"14":0,"15":0,"16":0,"17":0,"18":0,"19":0,"20":0,"21":1,"22":4,"23":0,"24":4,"25":4,"26":4,"27":0,"28":0,"29":0,"30":0,"31":8,"32":4,"33":1,"34":1,"35":1,"36":1,"37":1,"38":1,"39":1,"40":1,"41":1,"42":1,"43":1,"44":1,"45":1,"46":1,"47":1,"48":1,"49":1,"50":1,"51":1,"52":1,"53":1,"54":1,"55":1,"56":1,"57":1,"58":1,"59":1,"60":1,"61":1,"62":1,"63":1,"64":1,"65":1,"66":1,"67":1,"68":1,"69":1,"70":1,"71":1,"72":1,"73":1,"74":1,"75":1,"76":1,"77":1,"78":1,"79":1,"80":1,"81":1,"82":1,"83":1,"84":1,"85":1,"86":1,"87":1,"88":1,"89":1,"90":1,"91":1,"92":1,"93":1,"94":1},"f":{"0":0,"1":0,"2":0,"3":0,"4":0,"5":1,"6":4,"7":4,"8":0,"9":4,"10":4,"11":0,"12":8,"13":1,"14":1,"15":1,"16":1,"17":1,"18":1,"19":1,"20":1,"21":1,"22":1,"23":1,"24":1,"25":1,"26":1},"b":{"0":[1,1,1],"1":[1,0],"2":[0,0],"3":[0,0],"4":[1,1,1],"5":[1,0],"6":[1,1,1],"7":[1,0],"8":[1,1],"9":[0,0],"10":[0,0],"11":[0,0],"12":[1,1,1],"13":[4,0],"14":[4,4],"15":[4,4],"16":[4,4]},"inputSourceMap":{"version":3,"file":"/home/veenayak/webdev/zemoso-training/node/graphql/userResolver.test.ts","sources":["/home/veenayak/webdev/zemoso-training/node/graphql/userResolver.test.ts"],"names":[],"mappings":";;;;;;;;;;;;;;;;;;;;;;;;;;;;;;AAAA,+BAA8B;AAC9B,iDAAwG;AACxG,iCAA6B;AAC7B,+DAAiD;AAEjD,MAAM,IAAI,GAAG,SAAS,CAAC,SAAS,CAAC;AAGjC,QAAQ,CAAC,YAAY,EAAE,GAAG,EAAE;IACxB,EAAE,CAAC,UAAU,EAAE,GAAS,EAAE;QAEtB,IAAI,IAAI,GAAO,IAAA,YAAI,EAAC,IAAI,EAAE,MAAM,CAAC,CAAC;QAClC,IAAI,CAAC,OAAO,CAAC;YACT,KAAK,EAAE,OAAO;YACd,QAAQ,EAAE,KAAK;SAClB,CAAC,CAAC;QAEH,MAAM,MAAM,GAAO,MAAM,IAAA,uBAAQ,GAAE,CAAC;QAEpC,IAAA,aAAM,EAAC,MAAM,CAAC,KAAK,CAAC,CAAC,EAAE,CAAC,KAAK,CAAC,OAAO,CAAC,CAAC;QACvC,IAAA,aAAM,EAAC,MAAM,CAAC,QAAQ,CAAC,CAAC,EAAE,CAAC,KAAK,CAAC,KAAK,CAAC,CAAC;IAC5C,CAAC,CAAA,CAAC,CAAC;IAEH,EAAE,CAAC,YAAY,EAAE,GAAS,EAAE;QAExB,IAAI,QAAQ,GAAQ,IAAA,YAAI,EAAC,IAAI,EAAE,SAAS,CAAC,CAAC;QAC1C,IAAI,QAAQ,GAAQ,IAAA,YAAI,EAAC,IAAI,CAAC,SAAS,EAAE,MAAM,CAAC,CAAC;QAEjD,QAAQ,CAAC,MAAM,EAAE,CAAC;QAElB,QAAQ,CAAC,OAAO,CAAC;YACb,KAAK,EAAE,gBAAgB;YACvB,QAAQ,EAAE,KAAK;SAClB,CAAC,CAAC;QAEH,QAAQ,CAAC,OAAO,CAAC;YACb,KAAK,EAAE,gBAAgB;YACvB,QAAQ,EAAE,KAAK;SAClB,CAAC,CAAC;QAEH,MAAM,YAAY,GAAG;YACjB,KAAK,EAAE,MAAM;YACb,QAAQ,EAAE,KAAK;SAClB,CAAC;QAEF,MAAM,UAAU,GAAG;YACf,KAAK,EAAE,gBAAgB;YACvB,QAAQ,EAAE,KAAK;SAClB,CAAC;QAEF,IAAI,MAAM,GAAQ,IAAA,yBAAU,EAAC,EAAE,SAAS,EAAE,YAAY,EAAE,EAAE,KAAK,CAAC;aAC3D,KAAK,CAAC,GAAG,CAAC,EAAE;YACT,IAAA,aAAM,EAAC,GAAG,CAAC,OAAO,CAAC,CAAC,EAAE,CAAC,KAAK,CAAC,mBAAmB,CAAC,CAAC;QACtD,CAAC,CAAC,CAAC;QAGP,MAAM,GAAG,IAAA,yBAAU,EAAC,EAAE,SAAS,EAAE,UAAU,EAAE,EAAE,KAAK,CAAC;aAChD,KAAK,CAAC,GAAG,CAAC,EAAE;YACT,IAAA,aAAM,EAAC,GAAG,CAAC,OAAO,CAAC,CAAC,EAAE,CAAC,KAAK,CAAC,sBAAsB,CAAC,CAAC;QACzD,CAAC,CAAC,CAAC;QAEP,QAAQ,CAAC,OAAO,CAAC,KAAK,CAAC,CAAC;QAExB,MAAM,GAAG,MAAM,IAAA,yBAAU,EAAC,EAAE,SAAS,EAAE,UAAU,EAAE,EAAE,KAAK,CAAC,CAAC;QAE5D,IAAA,aAAM,EAAC,MAAM,CAAC,KAAK,CAAC,CAAC,EAAE,CAAC,KAAK,CAAC,gBAAgB,CAAC,CAAC;QAChD,IAAA,aAAM,EAAC,MAAM,CAAC,QAAQ,CAAC,CAAC,EAAE,CAAC,KAAK,CAAC,KAAK,CAAC,CAAC;QAExC,QAAQ,CAAC,OAAO,EAAE,CAAC;IAEvB,CAAC,CAAA,CAAC,CAAC;IAEH,EAAE,CAAC,OAAO,EAAE,GAAS,EAAE;QAEnB,IAAI,QAAQ,GAAQ,IAAA,YAAI,EAAC,IAAI,EAAE,SAAS,CAAC,CAAC;QAE1C,QAAQ,CAAC,MAAM,EAAE,CAAC;QAElB,QAAQ,CAAC,OAAO,CAAC,KAAK,CAAC,CAAC;QACxB,MAAM,SAAS,GAAG,MAAM,IAAA,2BAAY,EAAC,KAAK,CAAC,CAAC;QAE5C,MAAM,YAAY,GAAG;YACjB,KAAK,EAAE,MAAM;YACb,QAAQ,EAAE,KAAK;SAClB,CAAC;QAEF,MAAM,UAAU,GAAG;YACf,KAAK,EAAE,gBAAgB;YACvB,QAAQ,EAAE,KAAK;SAClB,CAAC;QAEF,IAAA,oBAAK,EAAC,EAAE,SAAS,EAAE,YAAY,EAAE,EAAE,KAAK,CAAC;aACpC,KAAK,CAAC,GAAG,CAAC,EAAE;YACT,IAAA,aAAM,EAAC,GAAG,CAAC,OAAO,CAAC,CAAC,EAAE,CAAC,KAAK,CAAC,mBAAmB,CAAC,CAAC;QACtD,CAAC,CAAC,CAAC;QAEP,IAAA,oBAAK,EAAC,EAAE,SAAS,EAAE,UAAU,EAAE,EAAE,KAAK,CAAC;aAClC,KAAK,CAAC,GAAG,CAAC,EAAE;YACT,IAAA,aAAM,EAAC,GAAG,CAAC,OAAO,CAAC,CAAC,EAAE,CAAC,KAAK,CAAC,sBAAsB,CAAC,CAAC;QACzD,CAAC,CAAC,CAAC;QAEP,MAAM,QAAQ,GAAG;YACb,KAAK,EAAE,gBAAgB;YACvB,QAAQ,EAAE,IAAI;SACjB,CAAC;QAEF,QAAQ,CAAC,OAAO,CAAC;YACb,GAAG,EAAE,IAAI;YACT,KAAK,EAAE,gBAAgB;YACvB,QAAQ,EAAE,SAAS;SACtB,CAAC,CAAC;QAEH,IAAA,oBAAK,EAAC,EAAE,SAAS,EAAE,QAAQ,EAAE,EAAE,KAAK,CAAC;aAChC,KAAK,CAAC,GAAG,CAAC,EAAE;YACT,IAAA,aAAM,EAAC,GAAG,CAAC,OAAO,CAAC,CAAC,EAAE,CAAC,KAAK,CAAC,kCAAkC,CAAC,CAAC;QACrE,CAAC,CAAC,CAAC;QAEP,MAAM,MAAM,GAAG,MAAM,IAAA,oBAAK,EAAC,EAAE,SAAS,EAAE,UAAU,EAAE,EAAE,KAAK,CAAC,CAAC;QAC7D,MAAM,KAAK,GAAG,IAAA,0BAAW,EAAC,IAAI,EAAE,gBAAgB,CAAC,CAAC;QAElD,IAAA,aAAM,EAAC,MAAM,CAAC,KAAK,CAAC,CAAC,EAAE,CAAC,KAAK,CAAC,KAAK,CAAC,CAAC;QACrC,IAAA,aAAM,EAAC,MAAM,CAAC,MAAM,CAAC,CAAC,EAAE,CAAC,KAAK,CAAC,IAAI,CAAC,CAAC;QAErC,QAAQ,CAAC,OAAO,EAAE,CAAC;IAEvB,CAAC,CAAA,CAAC,CAAC;IAEH,EAAE,CAAC,cAAc,EAAE,GAAS,EAAE;QAC1B,MAAM,KAAK,GAAG,IAAA,0BAAW,EAAC,IAAI,EAAE,gBAAgB,CAAC,CAAC;QAElD,MAAM,UAAU,GAAG;YACf,KAAK,EAAE,KAAK;YACZ,MAAM,EAAE,IAAI;SACf,CAAC;QAEF,MAAM,aAAa,GAAG;YAClB,KAAK,EAAE,KAAK;YACZ,MAAM,EAAE,GAAG;SACd,CAAC;QAEF,MAAM,MAAM,GAAG,IAAA,4BAAa,EAAC,EAAE,SAAS,EAAE,UAAU,EAAE,EAAE,KAAK,CAAC,CAAC;QAC/D,IAAA,aAAM,EAAC,MAAM,CAAC,OAAO,CAAC,CAAC,EAAE,CAAC,KAAK,CAAC,IAAI,CAAC,CAAC;QAEtC,MAAM,OAAO,GAAG,IAAA,4BAAa,EAAC,EAAE,SAAS,EAAE,aAAa,EAAE,EAAE,KAAK,CAAC,CAAC;QACnE,IAAA,aAAM,EAAC,OAAO,CAAC,OAAO,CAAC,CAAC,EAAE,CAAC,KAAK,CAAC,KAAK,CAAC,CAAC;IAG5C,CAAC,CAAA,CAAC,CAAC;AAGP,CAAC,CAAC,CAAA","sourcesContent":["import { expect } from 'chai';\nimport {  createToken, createUser, getUsers, hashPassword, login, validateToken } from './userResolver';\nimport { stub } from 'sinon';\nimport * as userModel from '../models/UserModel';\n\nconst User = userModel.userModel;\n\n\ndescribe('User Tests', () => { \n    it('getUsers', async () => {\n    \n        let mock:any = stub(User, 'find');\n        mock.returns({\n            email: 'email',\n            password: 'pwd'\n        });\n    \n        const result:any = await getUsers();\n    \n        expect(result.email).to.equal('email');    \n        expect(result.password).to.equal('pwd');    \n    });\n\n    it('createUser', async () => {\n    \n        let mockFind: any = stub(User, 'findOne');\n        let mockSave: any = stub(User.prototype, 'save');\n\n        mockFind.throws();\n\n        mockFind.returns({\n            email: 'test@gmail.com',\n            password: 'pwd'\n        }); \n        \n        mockSave.returns({\n            email: 'test@gmail.com',\n            password: 'pwd'\n        });   \n\n        const invalidInput = {\n            email: 'test',\n            password: 'pwd'\n        };\n\n        const validInput = {\n            email: 'test@gmail.com',\n            password: 'pwd'\n        };\n\n        let result: any = createUser({ userInput: invalidInput }, 'sdf')\n            .catch(err => {\n                expect(err.message).to.equal('Email is invalid.');    \n            });\n\n\n        result = createUser({ userInput: validInput }, 'sdf')\n            .catch(err => {\n                expect(err.message).to.equal('User already exists.');\n            });        \n        \n        mockFind.returns(false);  \n\n        result = await createUser({ userInput: validInput }, 'sdf');\n\n        expect(result.email).to.equal('test@gmail.com');\n        expect(result.password).to.equal('pwd');\n      \n        mockFind.restore();\n        \n    });\n\n    it('login', async () => {\n    \n        let mockFind: any = stub(User, 'findOne');\n\n        mockFind.throws();\n\n        mockFind.returns(false); \n        const hashedPwd = await hashPassword('pwd');\n\n        const invalidInput = {\n            email: 'test',\n            password: 'pwd'\n        };\n\n        const validInput = {\n            email: 'test@gmail.com',\n            password: 'pwd'\n        };\n\n        login({ userInput: invalidInput }, 'sdf')\n            .catch(err => {\n                expect(err.message).to.equal('Email is invalid.');    \n            });\n\n        login({ userInput: validInput }, 'sdf')\n            .catch(err => {\n                expect(err.message).to.equal('User does not exist.');    \n            });\n        \n        const wrongPwd = {\n            email: 'test@gmail.com',\n            password: 'pw'\n        };\n\n        mockFind.returns({\n            _id: 'id',\n            email: 'test@gmail.com',\n            password: hashedPwd\n        }); \n\n        login({ userInput: wrongPwd }, 'sdf')\n            .catch(err => {\n                expect(err.message).to.equal('You have entered wrong password.');\n            });\n        \n        const result = await login({ userInput: validInput }, 'sdf');\n        const token = createToken('id', 'test@gmail.com');\n\n        expect(result.token).to.equal(token);\n        expect(result.userId).to.equal('id');\n\n        mockFind.restore();\n        \n    });\n\n    it('validateUser', async () => {\n        const token = createToken('id', 'test@gmail.com');\n\n        const validInput = {\n            token: token,\n            userId: 'id'\n        };\n\n        const invalidInpput = {\n            token: token,\n            userId: 'i'\n        };\n\n        const result = validateToken({ userInput: validInput }, 'sdf');\n        expect(result.isValid).to.equal(true);\n\n        const result2 = validateToken({ userInput: invalidInpput }, 'sdf');\n        expect(result2.isValid).to.equal(false);\n\n            \n    });\n\n\n})\n\n\n"]},"_coverageSchema":"1a1c01bbd47fc00a2c39e90264f33305004495a9","hash":"dffd67aa6c446873a29ee545dff0318ae1945543","contentHash":"89e57accb959668141225f898b318f518224aa99311c0206664b4f1f020aa108"},"/home/veenayak/webdev/zemoso-training/node/graphql/userResolver.ts":{"path":"/home/veenayak/webdev/zemoso-training/node/graphql/userResolver.ts","statementMap":{"0":{"start":{"line":2,"column":22},"end":{"line":8,"column":3}},"1":{"start":{"line":3,"column":4},"end":{"line":3,"column":33}},"2":{"start":{"line":3,"column":26},"end":{"line":3,"column":33}},"3":{"start":{"line":4,"column":4},"end":{"line":4,"column":89}},"4":{"start":{"line":4,"column":71},"end":{"line":4,"column":83}},"5":{"start":{"line":6,"column":4},"end":{"line":6,"column":33}},"6":{"start":{"line":6,"column":26},"end":{"line":6,"column":33}},"7":{"start":{"line":7,"column":4},"end":{"line":7,"column":17}},"8":{"start":{"line":9,"column":25},"end":{"line":13,"column":2}},"9":{"start":{"line":10,"column":4},"end":{"line":10,"column":72}},"10":{"start":{"line":12,"column":4},"end":{"line":12,"column":21}},"11":{"start":{"line":14,"column":19},"end":{"line":20,"column":1}},"12":{"start":{"line":15,"column":4},"end":{"line":15,"column":42}},"13":{"start":{"line":15,"column":31},"end":{"line":15,"column":42}},"14":{"start":{"line":16,"column":17},"end":{"line":16,"column":19}},"15":{"start":{"line":17,"column":4},"end":{"line":17,"column":141}},"16":{"start":{"line":17,"column":21},"end":{"line":17,"column":141}},"17":{"start":{"line":17,"column":40},"end":{"line":17,"column":141}},"18":{"start":{"line":17,"column":109},"end":{"line":17,"column":141}},"19":{"start":{"line":18,"column":4},"end":{"line":18,"column":36}},"20":{"start":{"line":19,"column":4},"end":{"line":19,"column":18}},"21":{"start":{"line":21,"column":16},"end":{"line":29,"column":1}},"22":{"start":{"line":22,"column":28},"end":{"line":22,"column":110}},"23":{"start":{"line":22,"column":91},"end":{"line":22,"column":106}},"24":{"start":{"line":23,"column":4},"end":{"line":28,"column":7}},"25":{"start":{"line":24,"column":36},"end":{"line":24,"column":97}},"26":{"start":{"line":24,"column":42},"end":{"line":24,"column":70}},"27":{"start":{"line":24,"column":85},"end":{"line":24,"column":95}},"28":{"start":{"line":25,"column":35},"end":{"line":25,"column":100}},"29":{"start":{"line":25,"column":41},"end":{"line":25,"column":73}},"30":{"start":{"line":25,"column":88},"end":{"line":25,"column":98}},"31":{"start":{"line":26,"column":32},"end":{"line":26,"column":116}},"32":{"start":{"line":27,"column":8},"end":{"line":27,"column":78}},"33":{"start":{"line":30,"column":22},"end":{"line":32,"column":1}},"34":{"start":{"line":31,"column":4},"end":{"line":31,"column":62}},"35":{"start":{"line":33,"column":0},"end":{"line":33,"column":62}},"36":{"start":{"line":34,"column":0},"end":{"line":34,"column":177}},"37":{"start":{"line":35,"column":20},"end":{"line":35,"column":57}},"3
[...]
ne":51,"column":48}},"54":{"start":{"line":53,"column":24},"end":{"line":53,"column":65}},"55":{"start":{"line":54,"column":17},"end":{"line":54,"column":59}},"56":{"start":{"line":55,"column":4},"end":{"line":55,"column":23}},"57":{"start":{"line":57,"column":0},"end":{"line":57,"column":32}},"58":{"start":{"line":58,"column":14},"end":{"line":75,"column":2}},"59":{"start":{"line":58,"column":38},"end":{"line":75,"column":2}},"60":{"start":{"line":59,"column":32},"end":{"line":59,"column":41}},"61":{"start":{"line":60,"column":4},"end":{"line":62,"column":5}},"62":{"start":{"line":61,"column":8},"end":{"line":61,"column":45}},"63":{"start":{"line":63,"column":19},"end":{"line":63,"column":48}},"64":{"start":{"line":64,"column":4},"end":{"line":66,"column":5}},"65":{"start":{"line":65,"column":8},"end":{"line":65,"column":48}},"66":{"start":{"line":67,"column":18},"end":{"line":67,"column":75}},"67":{"start":{"line":68,"column":4},"end":{"line":70,"column":5}},"68":{"start":{"line":69,"column":8},"end":{"line":69,"column":60}},"69":{"start":{"line":71,"column":4},"end":{"line":74,"column":6}},"70":{"start":{"line":76,"column":0},"end":{"line":76,"column":22}},"71":{"start":{"line":77,"column":22},"end":{"line":82,"column":1}},"72":{"start":{"line":78,"column":30},"end":{"line":78,"column":39}},"73":{"start":{"line":79,"column":4},"end":{"line":81,"column":6}},"74":{"start":{"line":83,"column":0},"end":{"line":83,"column":38}},"75":{"start":{"line":84,"column":20},"end":{"line":91,"column":1}},"76":{"start":{"line":85,"column":4},"end":{"line":90,"column":7}},"77":{"start":{"line":92,"column":0},"end":{"line":92,"column":34}},"78":{"start":{"line":93,"column":21},"end":{"line":99,"column":1}},"79":{"start":{"line":94,"column":20},"end":{"line":94,"column":61}},"80":{"start":{"line":95,"column":4},"end":{"line":97,"column":5}},"81":{"start":{"line":96,"column":8},"end":{"line":96,"column":20}},"82":{"start":{"line":98,"column":4},"end":{"line":98,"column":17}},"83":{"start":{"line":100,"column":0},"end":{"line":100,"column":36}},"84":{"start":{"line":101,"column":21},"end":{"line":103,"column":1}},"85":{"start":{"line":102,"column":4},"end":{"line":102,"column":49}},"86":{"start":{"line":104,"column":0},"end":{"line":104,"column":36}},"87":{"start":{"line":105,"column":20},"end":{"line":107,"column":1}},"88":{"start":{"line":106,"column":4},"end":{"line":106,"column":67}},"89":{"start":{"line":108,"column":0},"end":{"line":108,"column":34}}},"fnMap":{"0":{"name":"(anonymous_0)","decl":{"start":{"line":2,"column":74},"end":{"line":2,"column":75}},"loc":{"start":{"line":2,"column":96},"end":{"line":5,"column":1}},"line":2},"1":{"name":"(anonymous_1)","decl":{"start":{"line":4,"column":58},"end":{"line":4,"column":59}},"loc":{"start":{"line":4,"column":69},"end":{"line":4,"column":85}},"line":4},"2":{"name":"(anonymous_2)","decl":{"start":{"line":5,"column":6},"end":{"line":5,"column":7}},"loc":{"start":{"line":5,"column":28},"end":{"line":8,"column":1}},"line":5},"3":{"name":"(anonymous_3)","decl":{"start":{"line":9,"column":80},"end":{"line":9,"column":81}},"loc":{"start":{"line":9,"column":95},"end":{"line":11,"column":1}},"line":9},"4":{"name":"(anonymous_4)","decl":{"start":{"line":11,"column":5},"end":{"line":11,"column":6}},"loc":{"start":{"line":11,"column":20},"end":{"line":13,"column":1}},"line":11},"5":{"name":"(anonymous_5)","decl":{"start":{"line":14,"column":50},"end":{"line":14,"column":51}},"loc":{"start":{"line":14,"column":65},"end":{"line":20,"column":1}},"line":14},"6":{"name":"(anonymous_6)","decl":{"start":{"line":21,"column":44},"end":{"line":21,"column":45}},"loc":{"start":{"line":21,"column":89},"end":{"line":29,"column":1}},"line":21},"7":{"name":"adopt","decl":{"start":{"line":22,"column":13},"end":{"line":22,"column":18}},"loc":{"start":{"line":22,"column":26},"end":{"line":22,"column":112}},"line":22},"8":{"name":"(anonymous_8)","decl":{"start":{"line":22,"column":70},"end":{"line":22,"column":71}},"loc":{"start":{"line":22,"column":89},"end":{"line":22,"column":108}},"line":22},"9":{"name":"(anonymous_9)","decl":{"start":{"line":23,"column":36},"end":{"line":23,"column":37}},"loc":{"start":{"line":23,"column":63},"end":{"line":28,"column":5}},"line":23},"10":{"name":"fulfilled","decl":{"start":{"line":24,"column":17},"end":{"line":24,"column":26}},"loc":{"start":{"line":24,"column":34},"end":{"line":24,"column":99}},"line":24},"11":{"name":"rejected","decl":{"start":{"line":25,"column":17},"end":{"line":25,"column":25}},"loc":{"start":{"line":25,"column":33},"end":{"line":25,"column":102}},"line":25},"12":{"name":"step","decl":{"start":{"line":26,"column":17},"end":{"line":26,"column":21}},"loc":{"start":{"line":26,"column":30},"end":{"line":26,"column":118}},"line":26},"13":{"name":"(anonymous_13)","decl":{"start":{"line":30,"column":56},"end":{"line":30,"column":57}},"loc":{"start":{"line":30,"column":71},"end":{"line":32,"column":1}},"line":30},"14":{"name":"(anonymous_14)","decl":{"start":{"line":40,"column":17},"end":{"line":40,"column":18}},"loc":{"start":{"line":40,"column":23},"end":{"line":42,"column":2}},"line":40},"15":{"name":"(anonymous_15)","decl":{"start":{"line":40,"column":57},"end":{"line":40,"column":58}},"loc":{"start":{"line":40,"column":70},"end":{"line":42,"column":1}},"line":40},"16":{"name":"(anonymous_16)","decl":{"start":{"line":44,"column":19},"end":{"line":44,"column":20}},"loc":{"start":{"line":44,"column":43},"end":{"line":56,"column":2}},"line":44},"17":{"name":"(anonymous_17)","decl":{"start":{"line":44,"column":77},"end":{"line":44,"column":78}},"loc":{"start":{"line":44,"column":90},"end":{"line":56,"column":1}},"line":44},"18":{"name":"(anonymous_18)","decl":{"start":{"line":58,"column":14},"end":{"line":58,"column":15}},"loc":{"start":{"line":58,"column":38},"end":{"line":75,"column":2}},"line":58},"19":{"name":"(anonymous_19)","decl":{"start":{"line":58,"column":72},"end":{"line":58,"column":73}},"loc":{"start":{"line":58,"column":85},"end":{"line":75,"column":1}},"line":58},"20":{"name":"(anonymous_20)","decl":{"start":{"line":77,"column":22},"end":{"line":77,"column":23}},"loc":{"start":{"line":77,"column":46},"end":{"line":82,"column":1}},"line":77},"21":{"name":"(anonymous_21)","decl":{"start":{"line":84,"column":20},"end":{"line":84,"column":21}},"loc":{"start":{"line":84,"column":39},"end":{"line":91,"column":1}},"line":84},"22":{"name":"(anonymous_22)","decl":{"start":{"line":93,"column":21},"end":{"line":93,"column":22}},"loc":{"start":{"line":93,"column":40},"end":{"line":99,"column":1}},"line":93},"23":{"name":"(anonymous_23)","decl":{"start":{"line":101,"column":21},"end":{"line":101,"column":22}},"loc":{"start":{"line":101,"column":35},"end":{"line":103,"column":1}},"line":101},"24":{"name":"(anonymous_24)","decl":{"start":{"line":105,"column":20},"end":{"line":105,"column":21}},"loc":{"start":{"line":105,"column":53},"end":{"line":107,"column":1}},"line":105}},"branchMap":{"0":{"loc":{"start":{"line":2,"column":22},"end":{"line":8,"column":3}},"type":"binary-expr","locations":[{"start":{"line":2,"column":23},"end":{"line":2,"column":27}},{"start":{"line":2,"column":31},"end":{"line":2,"column":51}},{"start":{"line":2,"column":57},"end":{"line":8,"column":2}}],"line":2},"1":{"loc":{"start":{"line":2,"column":57},"end":{"line":8,"column":2}},"type":"cond-expr","locations":[{"start":{"line":2,"column":74},"end":{"line":5,"column":1}},{"start":{"line":5,"column":6},"end":{"line":8,"column":1}}],"line":2},"2":{"loc":{"start":{"line":3,"column":4},"end":{"line":3,"column":33}},"type":"if","locations":[{"start":{"line":3,"column":4},"end":{"line":3,"column":33}},{"start":{"line":3,"column":4},"end":{"line":3,"column":33}}],"line":3},"3":{"loc":{"start":{"line":6,"column":4},"end":{"line":6,"column":33}},"type":"if","locations":[{"start":{"line":6,"column":4},"end":{"line":6,"column":33}},{"start":{"line":6,"column":4},"end":{"line":6,"column":33}}],"line":6},"4":{"loc":{"start":{"line":9,"column":25},"end":{"line":13,"column":2}},"type":"binary-expr","locations":[{"start":{"line":9,"column":26},"end":{"line":9,"column":30}},{"start":{"line":9,"column":34},"end":{"line":9,"column":57}},{"start":{"line":9,"column":63},"end":{"line":13,"column":1}}],"line":9},"5":{"loc":{"start":{"line":9,"column":63},"end":{"line":13,"column":1}},"type":"cond-expr","locations":[{"start":{"line":9,"column":80},"end":{"line":11,"column":1}},{"start":{"line":11,"column":5},"end":{"line":13,"column":1}}],"line":9},"6":{"loc":{"start":{"line":14,"column":19},"end":{"line":20,"column":1}},"type":"binary-expr","locations":[{"start":{"line":14,"column":20},"end":{"line":14,"column":24}},{"start":{"line":14,"column":28},"end":{"line":14,"column":45}},{"start":{"line":14,"column":50},"end":{"line":20,"column":1}}],"line":14},"7":{"loc":{"start":{"line":15,"column":4},"end":{"line":15,"column":42}},"type":"if","locations":[{"start":{"line":15,"column":4},"end":{"line":15,"column":42}},{"start":{"line":15,"column":4},"end":{"line":15,"column":42}}],"line":15},"8":{"loc":{"start":{"line":15,"column":8},"end":{"line":15,"column":29}},"type":"binary-expr","locations":[{"start":{"line":15,"column":8},"end":{"line":15,"column":11}},{"start":{"line":15,"column":15},"end":{"line":15,"column":29}}],"line":15},"9":{"loc":{"start":{"line":17,"column":4},"end":{"line":17,"column":141}},"type":"if","locations":[{"start":{"line":17,"column":4},"end":{"line":17,"column":141}},{"start":{"line":17,"column":4},"end":{"line":17,"column":141}}],"line":17},"10":{"loc":{"start":{"line":17,"column":40},"end":{"line":17,"column":141}},"type":"if","locations":[{"start":{"line":17,"column":40},"end":{"line":17,"column":141}},{"start":{"line":17,"column":40},"end":{"line":17,"column":141}}],"line":17},"11":{"loc":{"start":{"line":17,"column":44},"end":{"line":17,"column":107}},"type":"binary-expr","locations":[{"start":{"line":17,"column":44},"end":{"line":17,"column":59}},{"start":{"line":17,"column":63},"end":{"line":17,"column":107}}],"line":17},"12":{"loc":{"start":{"line":21,"column":16},"end":{"line":29,"column":1}},"type":"binary-expr","locations":[{"start":{"line":21,"column":17},"end":{"line":21,"column":21}},{"start":{"line":21,"column":25},"end":{"line":21,"column":39}},{"start":{"line":21,"column":44},"end":{"line":29,"column":1}}],"line":21},"13":{"loc":{"start":{"line":22,"column":35},"end":{"line":22,"column":109}},"type":"cond-expr","locations":[{"start":{"line":22,"column":56},"end":{"line":22,"column":61}},{"start":{"line":22,"column":64},"end":{"line":22,"column":109}}],"line":22},"14":{"loc":{"start":{"line":23,"column":16},"end":{"line":23,"column":34}},"type":"binary-expr","locations":[{"start":{"line":23,"column":16},"end":{"line":23,"column":17}},{"start":{"line":23,"column":22},"end":{"line":23,"column":33}}],"line":23},"15":{"loc":{"start":{"line":26,"column":32},"end":{"line":26,"column":115}},"type":"cond-expr","locations":[{"start":{"line":26,"column":46},"end":{"line":26,"column":67}},{"start":{"line":26,"column":70},"end":{"line":26,"column":115}}],"line":26},"16":{"loc":{"start":{"line":27,"column":51},"end":{"line":27,"column":67}},"type":"binary-expr","locations":[{"start":{"line":27,"column":51},"end":{"line":27,"column":61}},{"start":{"line":27,"column":65},"end":{"line":27,"column":67}}],"line":27},"17":{"loc":{"start":{"line":30,"column":22},"end":{"line":32,"column":1}},"type":"binary-expr","locations":[{"start":{"line":30,"column":23},"end":{"line":30,"column":27}},{"start":{"line":30,"column":31},"end":{"line":30,"column":51}},{"start":{"line":30,"column":56},"end":{"line":32,"column":1}}],"line":30},"18":{"loc":{"start":{"line":31,"column":11},"end":{"line":31,"column":61}},"type":"cond-expr","locations":[{"start":{"line":31,"column":37},"end":{"line":31,"column":40}},{"start":{"line":31,"column":43},"end":{"line":31,"column":61}}],"line":31},"19":{"loc":{"start":{"line":31,"column":12},"end":{"line":31,"column":33}},"type":"binary-expr","locations":[{"start":{"line":31,"column":12},"end":{"line":31,"column":15}},{"start":{"line":31,"column":19},"end":{"line":31,"column":33}}],"line":31},"20":{"loc":{"start":{"line":46,"column":4},"end":{"line":48,"column":5}},"type":"if","locations":[{"start":{"line":46,"column":4},"end":{"line":48,"column":5}},{"start":{"line":46,"column":4},"end":{"line":48,"column":5}}],"line":46},"21":{"loc":{"start":{"line":50,"column":4},"end":{"line":52,"column":5}},"type":"if","locations":[{"start":{"line":50,"column":4},"end":{"line":52,"column":5}},{"start":{"line":50,"column":4},"end":{"line":52,"column":5}}],"line":50},"22":{"loc":{"start":{"line":60,"column":4},"end":{"line":62,"column":5}},"type":"if","locations":[{"start":{"line":60,"column":4},"end":{"line":62,"column":5}},{"start":{"line":60,"column":4},"end":{"line":62,"column":5}}],"line":60},"23":{"loc":{"start":{"line":64,"column":4},"end":{"line":66,"column":5}},"type":"if","locations":[{"start":{"line":64,"column":4},"end":{"line":66,"column":5}},{"start":{"line":64,"column":4},"end":{"line":66,"column":5}}],"line":64},"24":{"loc":{"start":{"line":68,"column":4},"end":{"line":70,"column":5}},"type":"if","locations":[{"start":{"line":68,"column":4},"end":{"line":70,"column":5}},{"start":{"line":68,"column":4},"end":{"line":70,"column":5}}],"line":68},"25":{"loc":{"start":{"line":95,"column":4},"end":{"line":97,"column":5}},"type":"if","locations":[{"start":{"line":95,"column":4},"end":{"line":97,"column":5}},{"start":{"line":95,"column":4},"end":{"line":97,"column":5}}],"line":95}},"s":{"0":1,"1":6,"2":6,"3":6,"4":5,"5":0,"6":0,"7":0,"8":1,"9":1,"10":0,"11":1,"12":2,"13":1,"14":1,"15":1,"16":1,"17":6,"18":6,"19":1,"20":1,"21":1,"22":8,"23":5,"24":8,"25":8,"26":8,"27":3,"28":0,"29":0,"30":0,"31":11,"32":8,"33":1,"34":2,"35":1,"36":1,"37":1,"38":1,"39":1,"40":1,"41":1,"42":1,"43":1,"44":1,"45":1,"46":1,"47":3,"48":3,"49":3,"50":1,"51":2,"52":2,"53":1,"54":1,"55":1,"56":1,"57":1,"58":1,"59":4,"60":4,"61":4,"62":1,"63":3,"64":3,"65":1,"66":2,"67":2,"68":1,"69":1,"70":1,"71":1,"72":2,"73":2,"74":1,"75":1,"76":3,"77":1,"78":1,"79":2,"80":2,"81":1,"82":1,"83":1,"84":1,"85":2,"86":1,"87":1,"88":2,"89":1},"f":{"0":6,"1":5,"2":0,"3":1,"4":0,"5":2,"6":8,"7":8,"8":5,"9":8,"10":8,"11":0,"12":11,"13":2,"14":1,"15":1,"16":3,"17":3,"18":4,"19":4,"20":2,"21":3,"22":2,"23":2,"24":2},"b":{"0":[1,1,1],"1":[1,0],"2":[6,0],"3":[0,0],"4":[1,1,1],"5":[1,0],"6":[1,1,1],"7":[1,1],"8":[2,2],"9":[1,0],"10":[6,0],"11":[6,6],"12":[1,1,1],"13":[3,5],"14":[8,8],"15":[3,8],"16":[8,8],"17":[1,1,1],"18":[0,2],"19":[2,2],"20":[1,2],"21":[1,1],"22":[1,3],"23":[1,2],"24":[1,1],"25":[1,1]},"inputSourceMap":{"version":3,"file":"/home/veenayak/webdev/zemoso-training/node/graphql/userResolver.ts","sources":["/home/veenayak/webdev/zemoso-training/node/graphql/userResolver.ts"],"names":[],"mappings":";;;;;;;;;;;;;;;;;;;;;;;;;;;;;;;;;;AAAA,0DAAkC;AAClC,+DAAiD;AACjD,wDAA8B;AAC9B,kDAAqC;AAErC,MAAM,IAAI,GAAG,SAAS,CAAC,SAAS,CAAC;AAS1B,MAAM,QAAQ,GAAG,GAAS,EAAE;IAC/B,OAAO,IAAI,CAAC,IAAI,CAAC,EAAE,CAAC,CAAC;AACzB,CAAC,CAAA,CAAA;AAFY,QAAA,QAAQ,YAEpB;AAEM,MAAM,UAAU,GAAG,CAAO,EAAE,SAAS,EAAE,EAAE,GAAG,EAAE,EAAE;IAEnD,MAAM,EAAE,KAAK,EAAE,QAAQ,EAAE,GAAG,SAAS,CAAC;IAEtC,IAAI,CAAC,mBAAS,CAAC,OAAO,CAAC,KAAK,CAAC,EAAE;QAC3B,MAAM,IAAI,KAAK,CAAC,mBAAmB,CAAC,CAAC;KACxC;IAED,MAAM,MAAM,GAAG,MAAM,IAAI,CAAC,OAAO,CAAC,EAAE,KAAK,EAAE,CAAC,CAAC;IAE7C,IAAI,MAAM,EAAE;QACR,MAAM,IAAI,KAAK,CAAC,sBAAsB,CAAC,CAAC;KAC3C;IACD,MAAM,WAAW,GAAG,MAAM,IAAA,oBAAY,EAAC,QAAQ,CAAC,CAAC;IACjD,MAAM,IAAI,GAAG,IAAI,IAAI,CAAC,EAAE,KAAK,EAAE,QAAQ,EAAE,WAAW,EAAE,CAAC,CAAC;IAExD,OAAO,IAAI,CAAC,IAAI,EAAE,CAAC;AAEvB,CAAC,CAAA,CAAA;AAlBY,QAAA,UAAU,cAkBtB;AAEM,MAAM,KAAK,GAAG,CAAO,EAAE,SAAS,EAAE,EAAE,GAAG,EAAE,EAAE;IAE9C,MAAM,EAAE,KAAK,EAAE,QAAQ,EAAE,GAAG,SAAS,CAAC;IAEtC,IAAI,CAAC,mBAAS,CAAC,OAAO,CAAC,KAAK,CAAC,EAAE;QAC3B,MAAM,IAAI,KAAK,CAAC,mBAAmB,CAAC,CAAC;KACxC;IAED,MAAM,MAAM,GAAG,MAAM,IAAI,CAAC,OAAO,CAAC,EAAE,KAAK,EAAE,CAAC,CAAC;IAE7C,IAAI,CAAC,MAAM,EAAE;QACT,MAAM,IAAI,KAAK,CAAC,sBAAsB,CAAC,CAAC;KAC3C;IACD,MAAM,KAAK,GAAG,MAAM,IAAA,mBAAW,EAAC,QAAQ,EAAE,MAAM,CAAC,QAAQ,CAAC,CAAC;IAE3D,IAAI,CAAC,KAAK,EAAE;QACR,MAAM,IAAI,KAAK,CAAC,kCAAkC,CAAC,CAAC;KACvD;IACD,OAAO;QACH,MAAM,EAAE,MAAM,CAAC,GAAG,CAAC,QAAQ,EAAE;QAC7B,KAAK,EAAE,IAAA,mBAAW,EAAC,MAAM,CAAC,GAAG,CAAC,QAAQ,EAAE,EAAE,MAAM,CAAC,KAAK,CAAC;KAE1D,CAAA;AAEL,CAAC,CAAA,CAAA;AAxBY,QAAA,KAAK,SAwBjB;AAEM,MAAM,aAAa,GAAG,CAAC,EAAE,SAAS,EAAE,EAAE,GAAG,EAAE,EAAE;IAChD,MAAM,EAAE,KAAK,EAAE,MAAM,EAAE,GAAG,SAAS,CAAC;IACpC,OAAO;QACH,OAAO,EAAE,IAAA,oBAAY,EAAC,MAAM,EAAE,KAAK,CAAC;KACvC,CAAA;AAEL,CAAC,CAAA;AANY,QAAA,aAAa,iBAMzB;AAEM,MAAM,WAAW,GAAG,CAAC,MAAa,EAAE,KAAa,EAAE,EAAE;IACxD,OAAO,GAAG,CAAC,IAAI,CAAC;QACZ,MAAM,EAAE,MAAM;QACd,KAAK,EAAE,KAAK;KACf,EAAE,sBAAsB,EACrB;QACI,SAAS,EAAE,IAAI;KAClB,CACJ,CAAA;AACL,CAAC,CAAA;AATY,QAAA,WAAW,eASvB;AAEM,MAAM,YAAY,GAAG,CAAC,MAAa,EAAE,KAAa,EAAE,EAAE;IACzD,MAAM,OAAO,GAAQ,GAAG,CAAC,MAAM,CAAC,KAAK,EAAE,sBAAsB,CAAC,CAAC;IAC/D,IAAI,OAAO,CAAC,MAAM,KAAK,MAAM,CAAC,QAAQ,EAAE,EAAE;QACtC,OAAO,IAAI,CAAC;KACf;IACD,OAAO,KAAK,CAAC;AACjB,CAAC,CAAA;AANY,QAAA,YAAY,gBAMxB;AAEM,MAAM,YAAY,GAAG,CAAC,QAAe,EAAE,EAAE;IAC5C,OAAO,kBAAM,CAAC,IAAI,CAAC,QAAQ,EAAE,EAAE,CAAC,CAAC;AACrC,CAAC,CAAA;AAFY,QAAA,YAAY,gBAExB;AAEM,MAAM,WAAW,GAAG,CAAC,aAAoB,EAAE,YAAmB,EAAE,EAAE;IACrE,OAAO,kBAAM,CAAC,OAAO,CAAC,aAAa,EAAE,YAAY,CAAC,CAAA;AACtD,CAAC,CAAA;AAFY,QAAA,WAAW,eAEvB","sourcesContent":["import validator from 'validator';\nimport * as userModel from '../models/UserModel';\nimport bcrypt from 'bcryptjs';\nimport  * as jwt from 'jsonwebtoken';\n\nconst User = userModel.userModel;\n\ninterface Token {     \n    userId: string,\n    email: string,\n    iat: string,\n    exp: string\n      \n}\nexport const getUsers = async () => {\n    return User.find({});    \n}\n\nexport const createUser = async ({ userInput }, req) => {\n\n    const { email, password } = userInput;\n\n    if (!validator.isEmail(email)) {\n        throw new Error(\"Email is invalid.\");\n    }\n\n    const result = await User.findOne({ email });\n\n    if (result) {\n        throw new Error(\"User already exists.\");\n    }\n    const hashedValue = await hashPassword(password);\n    const user = new User({ email, password: hashedValue });\n            \n    return user.save();\n\n}\n\nexport const login = async ({ userInput }, req) => {\n\n    const { email, password } = userInput;\n\n    if (!validator.isEmail(email)) {\n        throw new Error(\"Email is invalid.\");\n    }\n\n    const result = await User.findOne({ email });\n\n    if (!result) {\n        throw new Error(\"User does not exist.\");            \n    }\n    const valid = await compareHash(password, result.password);\n\n    if (!valid) { \n        throw new Error(\"You have entered wrong password.\");\n    }\n    return {\n        userId: result._id.toString(),\n        token: createToken(result._id.toString(), result.email)\n    \n    }\n     \n}\n\nexport const validateToken = ({ userInput }, req) => { \n    const { token, userId } = userInput;\n    return {\n        isValid: compareToken(userId, token)\n    } \n\n} \n\nexport const createToken = (userId:string, email: string) => { \n    return jwt.sign({\n        userId: userId,\n        email: email\n    }, 'veenayakAggarwal1998',\n        {\n            expiresIn: '1h'\n        }\n    )\n}   \n\nexport const compareToken = (userId:string, token: string) => { \n    const decoded: any = jwt.verify(token, 'veenayakAggarwal1998');\n    if (decoded.userId === userId.toString()) { \n        return true;\n    }\n    return false;\n}   \n\nexport const hashPassword = (password:string) => { \n    return bcrypt.hash(password, 12);\n}\n\nexport const compareHash = (inputPassword:string, realPassword:string) => { \n    return bcrypt.compare(inputPassword, realPassword)\n}"]},"_coverageSchema":"1a1c01bbd47fc00a2c39e90264f33305004495a9","hash":"95b45a9ee91e0b7da3582e3006afeb0c71a489c3","contentHash":"0df6c7b92a65a55eb0c277397aa267645ed4332306efeaee91e926c9fdf4fee2"}}