{"/home/veenayak/webdev/zemoso-training/node/controllers/UserController.test.ts":{"path":"/home/veenayak/webdev/zemoso-training/node/controllers/UserController.test.ts","statementMap":{"0":{"start":{"line":2,"column":22},"end":{"line":8,"column":3}},"1":{"start":{"line":3,"column":4},"end":{"line":3,"column":33}},"2":{"start":{"line":3,"column":26},"end":{"line":3,"column":33}},"3":{"start":{"line":4,"column":4},"end":{"line":4,"column":89}},"4":{"start":{"line":4,"column":71},"end":{"line":4,"column":83}},"5":{"start":{"line":6,"column":4},"end":{"line":6,"column":33}},"6":{"start":{"line":6,"column":26},"end":{"line":6,"column":33}},"7":{"start":{"line":7,"column":4},"end":{"line":7,"column":17}},"8":{"start":{"line":9,"column":25},"end":{"line":13,"column":2}},"9":{"start":{"line":10,"column":4},"end":{"line":10,"column":72}},"10":{"start":{"line":12,"column":4},"end":{"line":12,"column":21}},"11":{"start":{"line":14,"column":19},"end":{"line":20,"column":1}},"12":{"start":{"line":15,"column":4},"end":{"line":15,"column":42}},"13":{"start":{"line":15,"column":31},"end":{"line":15,"column":42}},"14":{"start":{"line":16,"column":17},"end":{"line":16,"column":19}},"15":{"start":{"line":17,"column":4},"end":{"line":17,"column":141}},"16":{"start":{"line":17,"column":21},"end":{"line":17,"column":141}},"17":{"start":{"line":17,"column":40},"end":{"line":17,"column":141}},"18":{"start":{"line":17,"column":109},"end":{"line":17,"column":141}},"19":{"start":{"line":18,"column":4},"end":{"line":18,"column":36}},"20":{"start":{"line":19,"column":4},"end":{"line":19,"column":18}},"21":{"start":{"line":21,"column":16},"end":{"line":29,"column":1}},"22":{"start":{"line":22,"column":28},"end":{"line":22,"column":110}},"23":{"start":{"line":22,"column":91},"end":{"line":22,"column":106}},"24":{"start":{"line":23,"column":4},"end":{"line":28,"column":7}},"25":{"start":{"line":24,"column":36},"end":{"line":24,"column":97}},"26":{"start":{"line":24,"column":42},"end":{"line":24,"column":70}},"27":{"start":{"line":24,"column":85},"end":{"line":24,"column":95}},"28":{"start":{"line":25,"column":35},"end":{"line":25,"column":100}},"29":{"start":{"line":25,"column":41},"end":{"line":25,"column":73}},"30":{"start":{"line":25,"column":88},"end":{"line":25,"column":98}},"31":{"start":{"line":26,"column":32},"end":{"line":26,"column":116}},"32":{"start":{"line":27,"column":8},"end":{"line":27,"column":78}},"33":{"start":{"line":30,"column":0},"end":{"line":30,"column":62}},"34":{"start":{"line":31,"column":15},"end":{"line":31,"column":30}},"35":{"start":{"line":32,"column":16},"end":{"line":32,"column":32}},"36":{"start":{"line":33,"column":18},"end":{"line":33,"column":62}},"37":{"start":{"line":34,"column":23},"end":{"line":34,"column":64}},"38":{"start":{"line":35,"column":13},"end":{"line":35,"column":22}},"39":{"start":{"line":36,"column":18},"end":{"line":40,"column":1}},"40":{"start":{"line":41,"column":0},"end":{"line":112,"column":3}},"41":{"start":{"line":42,"column":4},"end":{"line":55,"column":8}},"42":{"start":{"line":42,"column":25},"end":{"line":55,"column":6}},"43":{"start":{"line":43,"column":20},"end":{"line":47,"column":9}},"44":{"start":{"line":45,"column":16},"end":{"line":45,"column":28}},"45":{"start":{"line":48,"column":19},"end":{"line":48,"column":55}},"46":{"start":{"line":49,"column":8},"end":{"line":49,"column":22}},"47":{"start":{"line":50,"column":8},"end":{"line":50,"column":51}},"48":{"start":{"line":51,"column":23},"end":{"line":51,"column":71}},"49":{"start":{"line":52,"column":8},"end":{"line":52,"column":67}},"50":{"start":{"line":53,"column":8},"end":{"line":53,"column":73}},"51":{"start":{"line":54,"column":8},"end":{"line":54,"column":23}},"52":{"start":{"line":56,"column":4},"end":{"line":69,"column":8}},"53":{"start":{"line":56,"column":32},"end":{"line":69,"column":6}},"54":{"start":{"line":57,"column":20},"end":{"line":61,"column":9}},"55":{"start":{"line":59,"column":16},"end":{"line":59,"column":28}},"56":{"start":{"line":62,"column":19},"end":{"line":62,"column":62}},"57":{"start":{"line":63,"column":8},"end":{"line":63,"column":22}},"58":{"start":{"line":64,"column":8},"end":{"line":64,"column":51}},"59":{"start":{"line":65,"column":23},"end":{"line":65,"column":76}},"60":{"start":{"line":66,"column":8},"end":{"line":66,"column":67}},"61":{"start":{"line":67,"column":8},"end":{"line":67,"column":73}},"62":{"start":{"line":68,"column":8},"end":{"line":68,"column":23}},"63":{"start":{"line":70,"column":4},"end":{"line":83,"column":8}},"64":{"start":{"line":70,"column":26},"end":{"line":83,"column":6}},"65":{"start":{"line":71,"column":20},"end":{"line":75,"column":9}},"66":{"start":{"line":73,"column":16},"end":{"line":73,"column":28}},"67":{"start":{"line":76,"column":19},"end":{"line":76,"column":56}},"68":{"start":{"line":77,"column":8},"end":{"line":77,"column":22}},"69":{"start":{"line":78,"column":8},"end":{"line":78,"column":51}},"70":{"start":{"line":79,"column":23},"end":{"line":79,"column":72}},"71":{"start":{"line":80,"column":8},"end":{"line":80,"column":67}},"72":{"start":{"line":81,"column":8},"end":{"line":81,"column":73}},"73":{"start":{"line":82,"column":8},"end":{"line":82,"column":23}},"74":{"start":{"line":84,"column":4},"end":{"line":97,"column":8}},"75":{"start":{"line":84,"column":25},"end":{"line":97,"column":6}},"76":{"start":{"line":85,"column":20},"end":{"line":89,"column":9}},"77":{"start":{"line":87,"column":16},"end":{"line":87,"column":28}},"78":{"start":{"line":90,"column":19},"end":{"line":90,"column":56}},"79":{"start":{"line":91,"column":8},"end":{"line":91,"column":22}},"80":{"start":{"line":92,"column":8},"end":{"line":92,"column":51}},"81":{"start":{"line":93,"column":23},"end":{"line":93,"column":71}},"82":{"start":{"line":94,"column":8},"end":{"line":94,"column":67}},"83":{"start":{"line":95,"column":8},"end":{"line":95,"column":73}},"84":{"start":{"line":96,"column":8},"end":{"line":96,"column":23}},"85":{"start":{"line":98,"column":4},"end":{"line":111,"column":8}},"86":{"start":{"line":98,"column":28},"end":{"line":111,"column":6}},"87":{"start":{"line":99,"column":20},"end":{"line":103,"column":9}},"88":{"start":{"line":101,"column":16},"end":{"line":101,"column":28}},"89":{"start":{"line":104,"column":19},"end":{"line":104,"column":56}},"90":{"start":{"line":105,"column":8},"end":{"line":105,"column":22}},"91":{"start":{"line":106,"column":8},"end":{"line":106,"column":51}},"92":{"start":{"line":107,"column":23},"end":{"line":107,"column":74}},"93":{"start":{"line":108,"column":8},"end":{"line":108,"column":67}},"94":{"start":{"line":109,"column":8},"end":{"line":109,"column":73}},"95":{"start":{"line":110,"column":8},"end":{"line":110,"column":23}}},"fnMap":{"0":{"name":"(anonymous_0)","decl":{"start":{"line":2,"column":74},"end":{"line":2,"column":75}},"loc":{"start":{"line":2,"column":96},"end":{"line":5,"column":1}},"line":2},"1":{"name":"(anonymous_1)","decl":{"start":{"line":4,"column":58},"end":{"line":4,"column":59}},"loc":{"start":{"line":4,"column":69},"end":{"line":4,"column":85}},"line":4},"2":{"name":"(anonymous_2)","decl":{"start":{"line":5,"column":6},"end":{"line":5,"column":7}},"loc":{"start":{"line":5,"column":28},"end":{"line":8,"column":1}},"line":5},"3":{"name":"(anonymous_3)","decl":{"start":{"line":9,"column":80},"end":{"line":9,"column":81}},"loc":{"start":{"line":9,"column":95},"end":{"line":11,"column":1}},"line":9},"4":{"name":"(anonymous_4)","decl":{"start":{"line":11,"column":5},"end":{"line":11,"column":6}},"loc":{"start":{"line":11,"column":20},"end":{"line":13,"column":1}},"line":11},"5":{"name":"(anonymous_5)","decl":{"start":{"line":14,"column":50},"end":{"line":14,"column":51}},"loc":{"start":{"line":14,"column":65},"end":{"line":20,"column":1}},"line":14},"6":{"name":"(anonymous_6)","decl":{"start":{"line":21,"column":44},"end":{"line":21,"column":45}},"loc":{"start":{"line":21,"column":89},"end":{"line":29,"column":1}},"line":21},"7":{"name":"adopt","decl":{"start":{"line":22,"column":13},"end":{"line":22,"column":18}},"loc":{"start":{"line":22,"column":26},"end":{"line":22,"column":112}},"line":22},"8":{"name":"(anonymous_8)","decl":{"start":{"line":22,"column":70},"end":{"line":22,"column":71}},"loc":{"start":{"line":22,"column":89},"end":{"line":22,"column":108}},"line":22},"9":{"name":"(anonymous_9)","decl":{"start":{"line":23,"column":36},"end":{"line":23,"column":37}},"loc":{"start":{"line":23,"column":63},"end":{"line":28,"column":5}},"line":23},"10":{"name":"fulfilled","decl":{"start":{"line":24,"column":17},"end":{"line":24,"column":26}},"loc":{"start":{"line":24,"column":34},"end":{"line":24,"column":99}},"line":24},"11":{"name":"rejected","decl":{"start":{"line":25,"column":17},"end":{"line":25,"column":25}},"loc":{"start":{"line":25,"column":33},"end":{"line":25,"column":102}},"line":25},"12":{"name":"step","decl":{"start":{"line":26,"column":17},"end":{"line":26,"column":21}},"loc":{"start":{"line":26,"column":30},"end":{"line":26,"column":118}},"line":26},"13":{"name":"(anonymous_13)","decl":{"start":{"line":41,"column":34},"end":{"line":41,"column":35}},"loc":{"start":{"line":41,"column":40},"end":{"line":112,"column":1}},"line":41},"14":{"name":"(anonymous_14)","decl":{"start":{"line":42,"column":19},"end":{"line":42,"column":20}},"loc":{"start":{"line":42,"column":25},"end":{"line":55,"column":6}},"line":42},"15":{"name":"(anonymous_15)","decl":{"start":{"line":42,"column":59},"end":{"line":42,"column":60}},"loc":{"start":{"line":42,"column":72},"end":{"line":55,"column":5}},"line":42},"16":{"name":"(anonymous_16)","decl":{"start":{"line":44,"column":18},"end":{"line":44,"column":19}},"loc":{"start":{"line":44,"column":28},"end":{"line":46,"column":13}},"line":44},"17":{"name":"(anonymous_17)","decl":{"start":{"line":51,"column":61},"end":{"line":51,"column":62}},"loc":{"start":{"line":51,"column":67},"end":{"line":51,"column":70}},"line":51},"18":{"name":"(anonymous_18)","decl":{"start":{"line":56,"column":26},"end":{"line":56,"column":27}},"loc":{"start":{"line":56,"column":32},"end":{"line":69,"column":6}},"line":56},"19":{"name":"(anonymous_19)","decl":{"start":{"line":56,"column":66},"end":{"line":56,"column":67}},"loc":{"start":{"line":56,"column":79},"end":{"line":69,"column":5}},"line":56},"20":{"name":"(anonymous_20)","decl":{"start":{"line":58,"column":18},"end":{"line":58,"column":19}},"loc":{"start":{"line":58,"column":28},"end":{"line":60,"column":13}},"line":58},"21":{"name":"(anonymous_21)","decl":{"start":{"line":65,"column":66},"end":{"line":65,"column":67}},"loc":{"start":{"line":65,"column":72},"end":{"line":65,"column":75}},"line":65},"22":{"name":"(anonymous_22)","decl":{"start":{"line":70,"column":20},"end":{"line":70,"column":21}},"loc":{"start":{"line":70,"column":26},"end":{"line":83,"column":6}},"line":70},"23":{"name":"(anonymous_23)","decl":{"start":{"line":70,"column":60},"end":{"line":70,"column":61}},"loc":{"start":{"line":70,"column":73},"end":{"line":83,"column":5}},"line":70},"24":{"name":"(anonymous_24)","decl":{"start":{"line":72,"column":18},"end":{"line":72,"column":19}},"loc":{"start":{"line":72,"column":28},"end":{"line":74,"column":13}},"line":72},"25":{"name":"(anonymous_25)","decl":{"start":{"line":79,"column":62},"end":{"line":79,"column":63}},"loc":{"start":{"line":79,"column":68},"end":{"line":79,"column":71}},"line":79},"26":{"name":"(anonymous_26)","decl":{"start":{"line":84,"column":19},"end":{"line":84,"column":20}},"loc":{"start":{"line":84,"column":25},"end":{"line":97,"column":6}},"line":84},"27":{"name":"(anonymous_27)","decl":{"start":{"line":84,"column":59},"end":{"line":84,"column":60}},"loc":{"start":{"line":84,"column":72},"end":{"line":97,"column":5}},"line":84},"28":{"name":"(anonymous_28)","decl":{"start":{"line":86,"column":18},"end":{"line":86,"column":19}},"loc":{"start":{"line":86,"column":28},"end":{"line":88,"column":13}},"line":86},"29":{"name":"(anonymous_29)","decl":{"start":{"line":93,"column":61},"end":{"line":93,"column":62}},"loc":{"start":{"line":93,"column":67},"end":{"line":93,"column":70}},"line":93},"30":{"name":"(anonymous_30)","decl":{"start":{"line":98,"column":22},"end":{"line":98,"column":23}},"loc":{"start":{"line":98,"column":28},"end":{"line":111,"column":6}},"line":98},"31":{"name":"(anonymous_31)","decl":{"start":{"line":98,"column":62},"end":{"line":98,"column":63}},"loc":{"start":{"line":98,"column":75},"end":{"line":111,"column":5}},"line":98},"32":{"name":"(anonymous_32)","decl":{"start":{"line":100,"column":18},"end":{"line":100,"column":19}},"loc":{"start":{"line":100,"column":28},"end":{"line":102,"column":13}},"line":100},"33":{"name":"(anonymous_33)","decl":{"start":{"line":107,"column":64},"end":{"line":107,"column":65}},"loc":{"start":{"line":107,"column":70},"end":{"line":107,"column":73}},"line":107}},"branchMap":{"0":{"loc":{"start":{"line":2,"column":22},"end":{"line":8,"column":3}},"type":"binary-expr","locations":[{"start":{"line":2,"column":23},"end":{"line":2,"column":27}},{"start":{"line":2,"column":31},"end":{"line":2,"column":51}},{"start":{"line":2,"column":57},"end":{"line":8,"column":2}}],"line":2},"1":{"loc":{"start":{"line":2,"column":57},"end":{"line":8,"column":2}},"type":"cond-expr","locations":[{"start":{"line":2,"column":74},"end":{"line":5,"column":1}},{"start":{"line":5,"column":6},"end":{"line":8,"column":1}}],"line":2},"2":{"loc":{"start":{"line":3,"column":4},"end":{"line":3,"column":33}},"type":"if","locations":[{"start":{"line":3,"column":4},"end":{"line":3,"column":33}},{"start":{"line":3,"column":4},"end":{"line":3,"column":33}}],"line":3},"3":{"loc":{"start":{"line":6,"column":4},"end":{"line":6,"column":33}},"type":"if","locations":[{"start":{"line":6,"column":4},"end":{"line":6,"column":33}},{"start":{"line":6,"column":4},"end":{"line":6,"column":33}}],"line":6},"4":{"loc":{"start":{"line":9,"column":25},"end":{"line":13,"column":2}},"type":"binary-expr","locations":[{"start":{"line":9,"column":26},"end":{"line":9,"column":30}},{"start":{"line":9,"column":34},"end":{"line":9,"column":57}},{"start":{"line":9,"column":63},"end":{"line":13,"column":1}}],"line":9},"5":{"loc":{"start":{"line":9,"column":63},"end":{"line":13,"column":1}},"type":"cond-expr","locations":[{"start":{"line":9,"column":80},"end":{"line":11,"column":1}},{"start":{"line":11,"column":5},"end":{"line":13,"column":1}}],"line":9},"6":{"loc":{"start":{"line":14,"column":19},"end":{"line":20,"column":1}},"type":"binary-expr","locations":[{"start":{"line":14,"column":20},"end":{"line":14,"column":24}},{"start":{"line":14,"column":28},"end":{"line":14,"column":45}},{"start":{"line":14,"column":50},"end":{"line":20,"column":1}}],"line":14},"7":{"loc":{"start":{"line":15,"column":4},"end":{"line":15,"column":42}},"type":"if","locations":[{"start":{"line":15,"column":4},"end":{"line":15,"column":42}},{"start":{"line":15,"column":4},"end":{"line":15,"column":42}}],"line":15},"8":{"loc":{"start":{"line":15,"column":8},"end":{"line":15,"column":29}},"type":"binary-expr","locations":[{"start":{"line":15,"column":8},"end":{"line":15,"column":11}},{"start":{"line":15,"column":15},"end":{"line":15,"column":29}}],"line":15},"9":{"loc":{"start":{"line":17,"column":4},"end":{"line":17,"column":141}},"type":"if","locations":[{"start":{"line":17,"column":4},"end":{"line":17,"column":141}},{"start":{"line":17,"column":4},"end":{"line":17,"column":141}}],"line":17},"10":{"loc":{"start":{"line":17,"column":40},"end":{"line":17,"column":141}},"type":"if","locations":[{"start":{"line":17,"column":40},"end":{"line":17,"column":141}},{"start":{"line":17,"column":40},"end":{"line":17,"column":141}}],"line":17},"11":{"loc":{"start":{"line":17,"column":44},"end":{"line":17,"column":107}},"type":"binary-expr","locations":[{"start":{"line":17,"column":44},"end":{"line":17,"column":59}},{"start":{"line":17,"column":63},"end":{"line":17,"column":107}}],"line":17},"12":{"loc":{"start":{"line":21,"column":16},"end":{"line":29,"column":1}},"type":"binary-expr","locations":[{"start":{"line":21,"column":17},"end":{"line":21,"column":21}},{"start":{"line":21,"column":25},"end":{"line":21,"column":39}},{"start":{"line":21,"column":44},"end":{"line":29,"column":1}}],"line":21},"13":{"loc":{"start":{"line":22,"column":35},"end":{"line":22,"column":109}},"type":"cond-expr","locations":[{"start":{"line":22,"column":56},"end":{"line":22,"column":61}},{"start":{"line":22,"column":64},"end":{"line":22,"column":109}}],"line":22},"14":{"loc":{"start":{"line":23,"column":16},"end":{"line":23,"column":34}},"type":"binary-expr","locations":[{"start":{"line":23,"column":16},"end":{"line":23,"column":17}},{"start":{"line":23,"column":22},"end":{"line":23,"column":33}}],"line":23},"15":{"loc":{"start":{"line":26,"column":32},"end":{"line":26,"column":115}},"type":"cond-expr","locations":[{"start":{"line":26,"column":46},"end":{"line":26,"column":67}},{"start":{"line":26,"column":70},"end":{"line":26,"column":115}}],"line":26},"16":{"loc":{"start":{"line":27,"column":51},"end":{"line":27,"column":67}},"type":"binary-expr","locations":[{"start":{"line":27,"column":51},"end":{"line":27,"column":61}},{"start":{"line":27,"column":65},"end":{"line":27,"column":67}}],"line":27}},"s":{"0":1,"1":0,"2":0,"3":0,"4":0,"5":0,"6":0,"7":0,"8":1,"9":0,"10":0,"11":1,"12":2,"13":2,"14":0,"15":0,"16":0,"17":0,"18":0,"19":0,"20":0,"21":1,"22":5,"23":0,"24":5,"25":5,"26":5,"27":0,"28":0,"29":0,"30":0,"31":10,"32":5,"33":1,"34":1,"35":1,"36":1,"37":1,"38":1,"39":1,"40":1,"41":1,"42":1,"43":1,"44":1,"45":1,"46":1,"47":1,"48":1,"49":1,"50":1,"51":1,"52":1,"53":1,"54":1,"55":1,"56":1,"57":1,"58":1,"59":1,"60":1,"61":1,"62":1,"63":1,"64":1,"65":1,"66":1,"67":1,"68":1,"69":1,"70":1,"71":1,"72":1,"73":1,"74":1,"75":1,"76":1,"77":1,"78":1,"79":1,"80":1,"81":1,"82":1,"83":1,"84":1,"85":1,"86":1,"87":1,"88":1,"89":1,"90":1,"91":1,"92":1,"93":1,"94":1,"95":1},"f":{"0":0,"1":0,"2":0,"3":0,"4":0,"5":2,"6":5,"7":5,"8":0,"9":5,"10":5,"11":0,"12":10,"13":1,"14":1,"15":1,"16":1,"17":0,"18":1,"19":1,"20":1,"21":0,"22":1,"23":1,"24":1,"25":0,"26":1,"27":1,"28":1,"29":0,"30":1,"31":1,"32":1,"33":0},"b":{"0":[1,1,1],"1":[1,0],"2":[0,0],"3":[0,0],"4":[1,1,1],"5":[1,0],"6":[1,1,1],"7":[2,0],"8":[2,2],"9":[0,0],"10":[0,0],"11":[0,0],"12":[1,1,1],"13":[5,0],"14":[5,5],"15":[5,5],"16":[5,5]},"inputSourceMap":{"version":3,"file":"/home/veenayak/webdev/zemoso-training/node/controllers/UserController.test.ts","sources":["/home/veenayak/webdev/zemoso-training/node/controllers/UserController.test.ts"],"names":[],"mappings":";;;;;;;;;;;;;;;;;;;;;;;;;;;;;;AAAA,+BAA8B;AAC9B,iCAA6B;AAC7B,+DAAiD;AACjD,iEAAmD;AAEnD,MAAM,IAAI,GAAG,SAAS,CAAC;AAEvB,MAAM,SAAS,GAAG;IACd,GAAG,EAAE,IAAI;IACT,KAAK,EAAE,gBAAgB;IACvB,QAAQ,EAAE,KAAK;CAClB,CAAA;AAED,QAAQ,CAAC,uBAAuB,EAAE,GAAG,EAAE;IACnC,EAAE,CAAC,UAAU,EAAE,GAAS,EAAE;QACtB,MAAM,GAAG,GAAG;YACR,IAAI,EAAE,CAAC,IAAS,EAAE,EAAE;gBAChB,OAAO,IAAI,CAAC;YAChB,CAAC;SACJ,CAAA;QAED,IAAI,IAAI,GAAQ,IAAA,YAAI,EAAC,IAAI,EAAE,WAAW,CAAC,CAAC;QACxC,IAAI,CAAC,MAAM,EAAE,CAAC;QAEd,IAAI,CAAC,OAAO,mBACL,SAAS,EACd,CAAC;QAEH,MAAM,MAAM,GAAQ,MAAM,cAAc,CAAC,OAAO,CAAC,EAAE,EAAE,GAAG,EAAE,GAAG,EAAE,GAAG,CAAC,CAAC,CAAC;QAErE,IAAA,aAAM,EAAC,MAAM,CAAC,KAAK,CAAC,CAAC,EAAE,CAAC,KAAK,CAAC,SAAS,CAAC,KAAK,CAAC,CAAC;QAC/C,IAAA,aAAM,EAAC,MAAM,CAAC,QAAQ,CAAC,CAAC,EAAE,CAAC,KAAK,CAAC,SAAS,CAAC,QAAQ,CAAC,CAAC;QAErD,IAAI,CAAC,OAAO,EAAE,CAAC;IAEnB,CAAC,CAAA,CAAC,CAAC;IAEH,EAAE,CAAC,iBAAiB,EAAE,GAAS,EAAE;QAC7B,MAAM,GAAG,GAAG;YACR,IAAI,EAAE,CAAC,IAAS,EAAE,EAAE;gBAChB,OAAO,IAAI,CAAC;YAChB,CAAC;SACJ,CAAA;QAED,IAAI,IAAI,GAAQ,IAAA,YAAI,EAAC,IAAI,EAAE,kBAAkB,CAAC,CAAC;QAC/C,IAAI,CAAC,MAAM,EAAE,CAAC;QAEd,IAAI,CAAC,OAAO,mBACL,SAAS,EACd,CAAC;QAEH,MAAM,MAAM,GAAQ,MAAM,cAAc,CAAC,YAAY,CAAC,EAAE,EAAE,GAAG,EAAE,GAAG,EAAE,GAAG,CAAC,CAAC,CAAC;QAE1E,IAAA,aAAM,EAAC,MAAM,CAAC,KAAK,CAAC,CAAC,EAAE,CAAC,KAAK,CAAC,SAAS,CAAC,KAAK,CAAC,CAAC;QAC/C,IAAA,aAAM,EAAC,MAAM,CAAC,QAAQ,CAAC,CAAC,EAAE,CAAC,KAAK,CAAC,SAAS,CAAC,QAAQ,CAAC,CAAC;QAErD,IAAI,CAAC,OAAO,EAAE,CAAC;IAEnB,CAAC,CAAA,CAAC,CAAC;IAEH,EAAE,CAAC,WAAW,EAAE,GAAS,EAAE;QACvB,MAAM,GAAG,GAAG;YACR,IAAI,EAAE,CAAC,IAAS,EAAE,EAAE;gBAChB,OAAO,IAAI,CAAC;YAChB,CAAC;SACJ,CAAA;QAED,IAAI,IAAI,GAAQ,IAAA,YAAI,EAAC,IAAI,EAAE,YAAY,CAAC,CAAC;QACzC,IAAI,CAAC,MAAM,EAAE,CAAC;QAEd,IAAI,CAAC,OAAO,mBACL,SAAS,EACd,CAAC;QAEH,MAAM,MAAM,GAAQ,MAAM,cAAc,CAAC,QAAQ,CAAC,EAAE,EAAE,GAAG,EAAE,GAAG,EAAE,GAAG,CAAC,CAAC,CAAC;QAEtE,IAAA,aAAM,EAAC,MAAM,CAAC,KAAK,CAAC,CAAC,EAAE,CAAC,KAAK,CAAC,SAAS,CAAC,KAAK,CAAC,CAAC;QAC/C,IAAA,aAAM,EAAC,MAAM,CAAC,QAAQ,CAAC,CAAC,EAAE,CAAC,KAAK,CAAC,SAAS,CAAC,QAAQ,CAAC,CAAC;QAErD,IAAI,CAAC,OAAO,EAAE,CAAC;IAEnB,CAAC,CAAA,CAAC,CAAC;IAEH,EAAE,CAAC,UAAU,EAAE,GAAS,EAAE;QACtB,MAAM,GAAG,GAAG;YACR,IAAI,EAAE,CAAC,IAAS,EAAE,EAAE;gBAChB,OAAO,IAAI,CAAC;YAChB,CAAC;SACJ,CAAA;QAED,IAAI,IAAI,GAAQ,IAAA,YAAI,EAAC,IAAI,EAAE,YAAY,CAAC,CAAC;QACzC,IAAI,CAAC,MAAM,EAAE,CAAC;QAEd,IAAI,CAAC,OAAO,mBACL,SAAS,EACd,CAAC;QAEH,MAAM,MAAM,GAAQ,MAAM,cAAc,CAAC,OAAO,CAAC,EAAE,EAAE,GAAG,EAAE,GAAG,EAAE,GAAG,CAAC,CAAC,CAAC;QAErE,IAAA,aAAM,EAAC,MAAM,CAAC,KAAK,CAAC,CAAC,EAAE,CAAC,KAAK,CAAC,SAAS,CAAC,KAAK,CAAC,CAAC;QAC/C,IAAA,aAAM,EAAC,MAAM,CAAC,QAAQ,CAAC,CAAC,EAAE,CAAC,KAAK,CAAC,SAAS,CAAC,QAAQ,CAAC,CAAC;QAErD,IAAI,CAAC,OAAO,EAAE,CAAC;IAEnB,CAAC,CAAA,CAAC,CAAC;IAEH,EAAE,CAAC,aAAa,EAAE,GAAS,EAAE;QACzB,MAAM,GAAG,GAAG;YACR,IAAI,EAAE,CAAC,IAAS,EAAE,EAAE;gBAChB,OAAO,IAAI,CAAC;YAChB,CAAC;SACJ,CAAA;QAED,IAAI,IAAI,GAAQ,IAAA,YAAI,EAAC,IAAI,EAAE,YAAY,CAAC,CAAC;QACzC,IAAI,CAAC,MAAM,EAAE,CAAC;QAEd,IAAI,CAAC,OAAO,mBACL,SAAS,EACd,CAAC;QAEH,MAAM,MAAM,GAAQ,MAAM,cAAc,CAAC,UAAU,CAAC,EAAE,EAAE,GAAG,EAAE,GAAG,EAAE,GAAG,CAAC,CAAC,CAAC;QAExE,IAAA,aAAM,EAAC,MAAM,CAAC,KAAK,CAAC,CAAC,EAAE,CAAC,KAAK,CAAC,SAAS,CAAC,KAAK,CAAC,CAAC;QAC/C,IAAA,aAAM,EAAC,MAAM,CAAC,QAAQ,CAAC,CAAC,EAAE,CAAC,KAAK,CAAC,SAAS,CAAC,QAAQ,CAAC,CAAC;QAErD,IAAI,CAAC,OAAO,EAAE,CAAC;IAEnB,CAAC,CAAA,CAAC,CAAC;AAEP,CAAC,CAAC,CAAA","sourcesContent":["import { expect } from 'chai';\nimport { stub } from 'sinon';\nimport * as userModel from '../models/UserModel';\nimport * as userController from './UserController';\n\nconst User = userModel;\n\nconst validData = {\n    _id: 'id',\n    email: 'test@gmail.com',\n    password: 'pwd'\n}\n\ndescribe('User Controller Tests', () => { \n    it('Get User', async () => {\n        const res = { \n            send: (data: any) => { \n                return data;\n            }\n        }\n    \n        let mock: any = stub(User, 'fetchUser');\n        mock.throws();\n\n        mock.returns({\n            ...validData\n        });\n    \n        const result: any = await userController.getUser({}, res, () => { });\n        \n        expect(result.email).to.equal(validData.email);    \n        expect(result.password).to.equal(validData.password);   \n        \n        mock.restore();\n\n    });\n\n    it('Get User By Key', async () => {\n        const res = { \n            send: (data: any) => { \n                return data;\n            }\n        }\n    \n        let mock: any = stub(User, 'fetchUserByEmail');\n        mock.throws();\n\n        mock.returns({\n            ...validData\n        });\n    \n        const result: any = await userController.getUserByKey({}, res, () => { });\n        \n        expect(result.email).to.equal(validData.email);    \n        expect(result.password).to.equal(validData.password);   \n        \n        mock.restore();\n        \n    });\n\n    it('Post User', async () => {\n        const res = { \n            send: (data: any) => { \n                return data;\n            }\n        }\n    \n        let mock: any = stub(User, 'insertUser');\n        mock.throws();\n\n        mock.returns({\n            ...validData\n        });\n    \n        const result: any = await userController.postUser({}, res, () => { });\n        \n        expect(result.email).to.equal(validData.email);    \n        expect(result.password).to.equal(validData.password);   \n        \n        mock.restore();\n        \n    });\n\n    it('Put User', async () => {\n        const res = { \n            send: (data: any) => { \n                return data;\n            }\n        }\n    \n        let mock: any = stub(User, 'updateUser');\n        mock.throws();\n\n        mock.returns({\n            ...validData\n        });\n    \n        const result: any = await userController.putUser({}, res, () => { });\n        \n        expect(result.email).to.equal(validData.email);    \n        expect(result.password).to.equal(validData.password);   \n        \n        mock.restore();\n        \n    });\n\n    it('Delete User', async () => {\n        const res = { \n            send: (data: any) => { \n                return data;\n            }\n        }\n    \n        let mock: any = stub(User, 'deleteUser');\n        mock.throws();\n\n        mock.returns({\n            ...validData\n        });\n    \n        const result: any = await userController.deleteUser({}, res, () => { });\n        \n        expect(result.email).to.equal(validData.email);    \n        expect(result.password).to.equal(validData.password);   \n        \n        mock.restore();\n        \n    });\n\n})\n\n\n"]},"_coverageSchema":"1a1c01bbd47fc00a2c39e90264f33305004495a9","hash":"f10ac41c4a5973f50873f2869b6c8f376ca345ee","contentHash":"51fd093716133eb6e0325a0b79967ae7b8cdfbc674c167b4810cb254cdbdf4cd"},"/home/veenayak/webdev/zemoso-training/node/models/UserModel.ts":{"path":"/home/veenayak/webdev/zemoso-training/node/models/UserModel.ts","statementMap":{"0":{"start":{"line":2,"column":16},"end":{"line":10,"column":1}},"1":{"start":{"line":3,"column":28},"end":{"line":3,"column":110}},"2":{"start":{"line":3,"column":91},"end":{"line":3,"column":106}},"3":{"start":{"line":4,"column":4},"end":{"line":9,"column":7}},"4":{"start":{"line":5,"column":36},"end":{"line":5,"column":97}},"5":{"start":{"line":5,"column":42},"end":{"line":5,"column":70}},"6":{"start":{"line":5,"column":85},"end":{"line":5,"column":95}},"7":{"start":{"line":6,"column":35},"end":{"line":6,"column":100}},"8":{"start":{"line":6,"column":41},"end":{"line":6,"column":73}},"9":{"start":{"line":6,"column":88},"end":{"line":6,"column":98}},"10":{"start":{"line":7,"column":32},"end":{"line":7,"column":116}},"11":{"start":{"line":8,"column":8},"end":{"line":8,"column":78}},"12":{"start":{"line":11,"column":0},"end":{"line":11,"column":62}},"13":{"start":{"line":12,"column":0},"end":{"line":12,"column":137}},"14":{"start":{"line":13,"column":19},"end":{"line":13,"column":38}},"15":{"start":{"line":14,"column":19},"end":{"line":32,"column":2}},"16":{"start":{"line":33,"column":0},"end":{"line":33,"column":63}},"17":{"start":{"line":34,"column":19},"end":{"line":47,"column":2}},"18":{"start":{"line":34,"column":39},"end":{"line":47,"column":2}},"19":{"start":{"line":35,"column":17},"end":{"line":35,"column":71}},"20":{"start":{"line":36,"column":21},"end":{"line":36,"column":48}},"21":{"start":{"line":37,"column":19},"end":{"line":37,"column":40}},"22":{"start":{"line":38,"column":4},"end":{"line":45,"column":5}},"23":{"start":{"line":39,"column":22},"end":{"line":39,"column":46}},"24":{"start":{"line":40,"column":8},"end":{"line":40,"column":71}},"25":{"start":{"line":41,"column":8},"end":{"line":43,"column":9}},"26":{"start":{"line":42,"column":12},"end":{"line":42,"column":50}},"27":{"start":{"line":44,"column":8},"end":{"line":44,"column":27}},"28":{"start":{"line":46,"column":4},"end":{"line":46,"column":18}},"29":{"start":{"line":48,"column":0},"end":{"line":48,"column":32}},"30":{"start":{"line":49,"column":18},"end":{"line":51,"column":2}},"31":{"start":{"line":49,"column":24},"end":{"line":51,"column":2}},"32":{"start":{"line":50,"column":4},"end":{"line":50,"column":38}},"33":{"start":{"line":52,"column":0},"end":{"line":52,"column":30}},"34":{"start":{"line":53,"column":25},"end":{"line":61,"column":2}},"35":{"start":{"line":53,"column":45},"end":{"line":61,"column":2}},"36":{"start":{"line":54,"column":19},"end":{"line":54,"column":77}},"37":{"start":{"line":55,"column":4},"end":{"line":59,"column":5}},"38":{"start":{"line":56,"column":22},"end":{"line":56,"column":46}},"39":{"start":{"line":57,"column":8},"end":{"line":57,"column":46}},"40":{"start":{"line":58,"column":8},"end":{"line":58,"column":27}},"41":{"start":{"line":60,"column":4},"end":{"line":60,"column":18}},"42":{"start":{"line":62,"column":0},"end":{"line":62,"column":44}},"43":{"start":{"line":63,"column":19},"end":{"line":73,"column":2}},"44":{"start":{"line":63,"column":39},"end":{"line":73,"column":2}},"45":{"start":{"line":64,"column":17},"end":{"line":64,"column":71}},"46":{"start":{"line":65,"column":19},"end":{"line":65,"column":44}},"47":{"start":{"line":66,"column":19},"end":{"line":66,"column":66}},"48":{"start":{"line":67,"column":4},"end":{"line":71,"column":5}},"49":{"start":{"line":68,"column":22},"end":{"line":68,"column":46}},"50":{"start":{"line":69,"column":8},"end":{"line":69,"column":47}},"51":{"start":{"line":70,"column":8},"end":{"line":70,"column":27}},"52":{"start":{"line":72,"column":4},"end":{"line":72,"column":18}},"53":{"start":{"line":74,"column":0},"end":{"line":74,"column":32}},"54":{"start":{"line":75,"column":19},"end":{"line":83,"column":2}},"55":{"start":{"line":75,"column":39},"end":{"line":83,"column":2}},"56":{"start":{"line":76,"column":19},"end":{"line":76,"column":79}},"57":{"start":{"line":77,"column":4},"end":{"line":81,"column":5}},"58":{"start":{"line":78,"column":22},"end":{"line":78,"column":46}},"59":{"start":{"line":79,"column":8},"end":{"line":79,"column":47}},"60":{"start":{"line":80,"column":8},"end":{"line":80,"column":27}},"61":{"start":{"line":82,"column":4},"end":{"line":82,"column":18}},"62":{"start":{"line":84,"column":0},"end":{"line":84,"column":32}}},"fnMap":{"0":{"name":"(anonymous_0)","decl":{"start":{"line":2,"column":44},"end":{"line":2,"column":45}},"loc":{"start":{"line":2,"column":89},"end":{"line":10,"column":1}},"line":2},"1":{"name":"adopt","decl":{"start":{"line":3,"column":13},"end":{"line":3,"column":18}},"loc":{"start":{"line":3,"column":26},"end":{"line":3,"column":112}},"line":3},"2":{"name":"(anonymous_2)","decl":{"start":{"line":3,"column":70},"end":{"line":3,"column":71}},"loc":{"start":{"line":3,"column":89},"end":{"line":3,"column":108}},"line":3},"3":{"name":"(anonymous_3)","decl":{"start":{"line":4,"column":36},"end":{"line":4,"column":37}},"loc":{"start":{"line":4,"column":63},"end":{"line":9,"column":5}},"line":4},"4":{"name":"fulfilled","decl":{"start":{"line":5,"column":17},"end":{"line":5,"column":26}},"loc":{"start":{"line":5,"column":34},"end":{"line":5,"column":99}},"line":5},"5":{"name":"rejected","decl":{"start":{"line":6,"column":17},"end":{"line":6,"column":25}},"loc":{"start":{"line":6,"column":33},"end":{"line":6,"column":102}},"line":6},"6":{"name":"step","decl":{"start":{"line":7,"column":17},"end":{"line":7,"column":21}},"loc":{"start":{"line":7,"column":30},"end":{"line":7,"column":118}},"line":7},"7":{"name":"(anonymous_7)","decl":{"start":{"line":34,"column":19},"end":{"line":34,"column":20}},"loc":{"start":{"line":34,"column":39},"end":{"line":47,"column":2}},"line":34},"8":{"name":"(anonymous_8)","decl":{"start":{"line":34,"column":73},"end":{"line":34,"column":74}},"loc":{"start":{"line":34,"column":86},"end":{"line":47,"column":1}},"line":34},"9":{"name":"(anonymous_9)","decl":{"start":{"line":49,"column":18},"end":{"line":49,"column":19}},"loc":{"start":{"line":49,"column":24},"end":{"line":51,"column":2}},"line":49},"10":{"name":"(anonymous_10)","decl":{"start":{"line":49,"column":58},"end":{"line":49,"column":59}},"loc":{"start":{"line":49,"column":71},"end":{"line":51,"column":1}},"line":49},"11":{"name":"(anonymous_11)","decl":{"start":{"line":53,"column":25},"end":{"line":53,"column":26}},"loc":{"start":{"line":53,"column":45},"end":{"line":61,"column":2}},"line":53},"12":{"name":"(anonymous_12)","decl":{"start":{"line":53,"column":79},"end":{"line":53,"column":80}},"loc":{"start":{"line":53,"column":92},"end":{"line":61,"column":1}},"line":53},"13":{"name":"(anonymous_13)","decl":{"start":{"line":63,"column":19},"end":{"line":63,"column":20}},"loc":{"start":{"line":63,"column":39},"end":{"line":73,"column":2}},"line":63},"14":{"name":"(anonymous_14)","decl":{"start":{"line":63,"column":73},"end":{"line":63,"column":74}},"loc":{"start":{"line":63,"column":86},"end":{"line":73,"column":1}},"line":63},"15":{"name":"(anonymous_15)","decl":{"start":{"line":75,"column":19},"end":{"line":75,"column":20}},"loc":{"start":{"line":75,"column":39},"end":{"line":83,"column":2}},"line":75},"16":{"name":"(anonymous_16)","decl":{"start":{"line":75,"column":73},"end":{"line":75,"column":74}},"loc":{"start":{"line":75,"column":86},"end":{"line":83,"column":1}},"line":75}},"branchMap":{"0":{"loc":{"start":{"line":2,"column":16},"end":{"line":10,"column":1}},"type":"binary-expr","locations":[{"start":{"line":2,"column":17},"end":{"line":2,"column":21}},{"start":{"line":2,"column":25},"end":{"line":2,"column":39}},{"start":{"line":2,"column":44},"end":{"line":10,"column":1}}],"line":2},"1":{"loc":{"start":{"line":3,"column":35},"end":{"line":3,"column":109}},"type":"cond-expr","locations":[{"start":{"line":3,"column":56},"end":{"line":3,"column":61}},{"start":{"line":3,"column":64},"end":{"line":3,"column":109}}],"line":3},"2":{"loc":{"start":{"line":4,"column":16},"end":{"line":4,"column":34}},"type":"binary-expr","locations":[{"start":{"line":4,"column":16},"end":{"line":4,"column":17}},{"start":{"line":4,"column":22},"end":{"line":4,"column":33}}],"line":4},"3":{"loc":{"start":{"line":7,"column":32},"end":{"line":7,"column":115}},"type":"cond-expr","locations":[{"start":{"line":7,"column":46},"end":{"line":7,"column":67}},{"start":{"line":7,"column":70},"end":{"line":7,"column":115}}],"line":7},"4":{"loc":{"start":{"line":8,"column":51},"end":{"line":8,"column":67}},"type":"binary-expr","locations":[{"start":{"line":8,"column":51},"end":{"line":8,"column":61}},{"start":{"line":8,"column":65},"end":{"line":8,"column":67}}],"line":8},"5":{"loc":{"start":{"line":38,"column":4},"end":{"line":45,"column":5}},"type":"if","locations":[{"start":{"line":38,"column":4},"end":{"line":45,"column":5}},{"start":{"line":38,"column":4},"end":{"line":45,"column":5}}],"line":38},"6":{"loc":{"start":{"line":41,"column":8},"end":{"line":43,"column":9}},"type":"if","locations":[{"start":{"line":41,"column":8},"end":{"line":43,"column":9}},{"start":{"line":41,"column":8},"end":{"line":43,"column":9}}],"line":41},"7":{"loc":{"start":{"line":55,"column":4},"end":{"line":59,"column":5}},"type":"if","locations":[{"start":{"line":55,"column":4},"end":{"line":59,"column":5}},{"start":{"line":55,"column":4},"end":{"line":59,"column":5}}],"line":55},"8":{"loc":{"start":{"line":67,"column":4},"end":{"line":71,"column":5}},"type":"if","locations":[{"start":{"line":67,"column":4},"end":{"line":71,"column":5}},{"start":{"line":67,"column":4},"end":{"line":71,"column":5}}],"line":67},"9":{"loc":{"start":{"line":77,"column":4},"end":{"line":81,"column":5}},"type":"if","locations":[{"start":{"line":77,"column":4},"end":{"line":81,"column":5}},{"start":{"line":77,"column":4},"end":{"line":81,"column":5}}],"line":77}},"s":{"0":1,"1":9,"2":9,"3":10,"4":9,"5":9,"6":0,"7":0,"8":0,"9":0,"10":19,"11":10,"12":1,"13":1,"14":1,"15":1,"16":1,"17":1,"18":3,"19":3,"20":3,"21":3,"22":3,"23":2,"24":2,"25":2,"26":1,"27":2,"28":1,"29":1,"30":1,"31":1,"32":1,"33":1,"34":1,"35":2,"36":2,"37":2,"38":1,"39":1,"40":1,"41":1,"42":1,"43":1,"44":2,"45":2,"46":2,"47":2,"48":2,"49":1,"50":1,"51":1,"52":1,"53":1,"54":1,"55":2,"56":2,"57":2,"58":1,"59":1,"60":1,"61":1,"62":1},"f":{"0":10,"1":9,"2":9,"3":10,"4":9,"5":0,"6":19,"7":3,"8":3,"9":1,"10":1,"11":2,"12":2,"13":2,"14":2,"15":2,"16":2},"b":{"0":[1,1,1],"1":[0,9],"2":[10,10],"3":[10,9],"4":[10,10],"5":[2,1],"6":[1,1],"7":[1,1],"8":[1,1],"9":[1,1]},"inputSourceMap":{"version":3,"file":"/home/veenayak/webdev/zemoso-training/node/models/UserModel.ts","sources":["/home/veenayak/webdev/zemoso-training/node/models/UserModel.ts"],"names":[],"mappings":";;;;;;;;;;;;AAAA,uCAA+C;AAS/C,MAAM,UAAU,GAAG,IAAI,iBAAM,CAAO;IAEhC,KAAK,EAAG;QACJ,IAAI,EAAE,MAAM;QACZ,KAAK,EAAE,IAAI;QACX,MAAM,EAAE,IAAI;QACZ,QAAQ,EAAE,IAAI;KACjB;IACD,QAAQ,EAAE;QACN,IAAI,EAAE,MAAM;QACZ,QAAQ,EAAE,IAAI;KACjB;IACD,SAAS,EAAG;QACR,IAAI,EAAG,IAAI;QACX,OAAO,EAAE,IAAI,CAAC,GAAG,EAAE;KACtB;IACD,KAAK,EAAE;QACH,IAAI,EAAG,MAAM;KAChB;CAEJ,CAAC,CAAC;AAEU,QAAA,SAAS,GAAG,IAAA,gBAAK,EAAO,OAAO,EAAE,UAAU,CAAC,CAAC;AAEnD,MAAM,UAAU,GAAG,CAAO,GAAQ,EAAE,GAAQ,EAAE,IAAS,EAAE,EAAE;IAC9D,MAAM,IAAI,GAAG,EAAE,KAAK,EAAE,GAAG,CAAC,IAAI,CAAC,KAAK,EAAE,QAAQ,EAAE,GAAG,CAAC,IAAI,CAAC,QAAQ,EAAE,CAAC;IACpE,MAAM,QAAQ,GAAG,IAAI,iBAAS,CAAC,IAAI,CAAC,CAAC;IAErC,MAAM,MAAM,GAAQ,MAAM,QAAQ,CAAC,IAAI,EAAE,CAAC;IAC1C,IAAI,MAAM,CAAC,MAAM,EAAE;QACf,MAAM,KAAK,GAAG,IAAI,KAAK,CAAC,MAAM,CAAC,MAAM,CAAC,CAAC;QACvC,KAAK,CAAC,OAAO,GAAG,8CAA8C,CAAC;QAE/D,IAAI,MAAM,CAAC,KAAK,KAAK,CAAC,EAAE;YACpB,KAAK,CAAC,OAAO,GAAG,qBAAqB,CAAC;SACzC;QAED,OAAO,IAAI,CAAC,KAAK,CAAC,CAAC;KACtB;IAED,OAAO,MAAM,CAAC;AAClB,CAAC,CAAA,CAAA;AAjBY,QAAA,UAAU,cAiBtB;AAEM,MAAM,SAAS,GAAG,GAAS,EAAE;IAChC,OAAO,iBAAS,CAAC,IAAI,CAAC,EAAE,CAAC,CAAC;AAC9B,CAAC,CAAA,CAAA;AAFY,QAAA,SAAS,aAErB;AAEM,MAAM,gBAAgB,GAAG,CAAO,GAAO,EAAE,GAAO,EAAE,IAAQ,EAAE,EAAE;IACjE,MAAM,MAAM,GAAQ,MAAM,iBAAS,CAAC,OAAO,CAAC,EAAE,KAAK,EAAE,GAAG,CAAC,MAAM,CAAC,GAAG,EAAE,CAAC,CAAC;IACvE,IAAI,MAAM,CAAC,MAAM,EAAE;QACf,MAAM,KAAK,GAAG,IAAI,KAAK,CAAC,MAAM,CAAC,MAAM,CAAC,CAAC;QACvC,KAAK,CAAC,OAAO,GAAG,qBAAqB,CAAE;QACvC,OAAO,IAAI,CAAC,KAAK,CAAC,CAAC;KACtB;IACD,OAAO,MAAM,CAAC;AAClB,CAAC,CAAA,CAAA;AARY,QAAA,gBAAgB,oBAQ5B;AAEM,MAAM,UAAU,GAAG,CAAO,GAAO,EAAE,GAAO,EAAE,IAAQ,EAAE,EAAE;IAC3D,MAAM,IAAI,GAAG,EAAE,KAAK,EAAE,GAAG,CAAC,IAAI,CAAC,KAAK,EAAE,QAAQ,EAAE,GAAG,CAAC,IAAI,CAAC,QAAQ,EAAE,CAAC;IACpE,MAAM,MAAM,GAAG,EAAE,KAAK,EAAE,GAAG,CAAC,MAAM,CAAC,GAAG,EAAE,CAAC;IAEzC,MAAM,MAAM,GAAQ,MAAM,iBAAS,CAAC,SAAS,CAAC,MAAM,EAAE,IAAI,CAAC,CAAC;IAC5D,IAAI,MAAM,CAAC,MAAM,EAAE;QACf,MAAM,KAAK,GAAG,IAAI,KAAK,CAAC,MAAM,CAAC,MAAM,CAAC,CAAC;QACvC,KAAK,CAAC,OAAO,GAAG,sBAAsB,CAAE;QACxC,OAAO,IAAI,CAAC,KAAK,CAAC,CAAC;KACtB;IAED,OAAO,MAAM,CAAC;AAClB,CAAC,CAAA,CAAA;AAZY,QAAA,UAAU,cAYtB;AAEM,MAAM,UAAU,GAAG,CAAO,GAAO,EAAE,GAAO,EAAE,IAAQ,EAAE,EAAE;IAC3D,MAAM,MAAM,GAAQ,MAAM,iBAAS,CAAC,SAAS,CAAC,EAAE,KAAK,EAAE,GAAG,CAAC,MAAM,CAAC,GAAG,EAAE,CAAC,CAAC;IACzE,IAAI,MAAM,CAAC,MAAM,EAAE;QACf,MAAM,KAAK,GAAG,IAAI,KAAK,CAAC,MAAM,CAAC,MAAM,CAAC,CAAC;QACvC,KAAK,CAAC,OAAO,GAAG,sBAAsB,CAAE;QACxC,OAAO,IAAI,CAAC,KAAK,CAAC,CAAC;KACtB;IACD,OAAO,MAAM,CAAC;AAClB,CAAC,CAAA,CAAA;AARY,QAAA,UAAU,cAQtB","sourcesContent":["import { Schema, model, Date } from 'mongoose';\n\ninterface User {\n    email: string;\n    password?: string;\n    lastLogin: Date;\n    token: string\n}\n  \nconst userSchema = new Schema<User>({\n\n    email:  { \n        type: String, \n        index: true, \n        unique: true,\n        required: true\n    },\n    password: {\n        type: String, \n        required: true\n    },\n    lastLogin : {\n        type : Date,\n        default: Date.now()\n    },\n    token: {\n        type : String\n    }\n\n});\n\nexport const userModel = model<User>('users', userSchema);\n\nexport const insertUser = async (req: any, res: any, next: any) => {\n    const body = { email: req.body.email, password: req.body.password };\n    const userData = new userModel(body);\n\n    const result: any = await userData.save();\n    if (result.errors) {\n        const error = new Error(result.errors);\n        error.message = \"There is some issue in creating this account\";\n            \n        if (result.index === 0) { \n            error.message = \"User already exists\";\n        }                        \n        \n        return next(error);\n    }\n        \n    return result;\n}\n    \nexport const fetchUser = async () => {\n    return userModel.find({});\n}\n    \nexport const fetchUserByEmail = async (req:any ,res:any, next:any) => {\n    const result: any = await userModel.findOne({ email: req.params.key });\n    if (result.errors) {\n        const error = new Error(result.errors);\n        error.message = 'Can not fetch data.' ;\n        return next(error);\n    }\n    return result;\n}\n    \nexport const updateUser = async (req:any, res:any, next:any) => {\n    const body = { email: req.body.email, password: req.body.password };                \n    const filter = { email: req.params.key };\n    \n    const result: any = await userModel.updateOne(filter, body);\n    if (result.errors) {\n        const error = new Error(result.errors);\n        error.message = 'Can not update data.' ;\n        return next(error);\n    }\n    \n    return result;\n}\n    \nexport const deleteUser = async (req:any, res:any, next:any) => {\n    const result: any = await userModel.deleteOne({ email: req.params.key });\n    if (result.errors) {\n        const error = new Error(result.errors);\n        error.message = 'Can not delete data.' ;\n        return next(error);\n    }\n    return result;\n}    \n"]},"_coverageSchema":"1a1c01bbd47fc00a2c39e90264f33305004495a9","hash":"cd57719e623194487d0d74fb99606ece0a26d3f4","contentHash":"447bee03fe102d9e9196a4798bd81bcf1d3befa5a8bbf9e1ba2a6799daede1ea"},"/home/veenayak/webdev/zemoso-training/node/controllers/UserController.ts":{"path":"/home/veenayak/webdev/zemoso-training/node/controllers/UserController.ts","statementMap":{"0":{"start":{"line":2,"column":22},"end":{"line":8,"column":3}},"1":{"start":{"line":3,"column":4},"end":{"line":3,"column":33}},"2":{"start":{"line":3,"column":26},"end":{"line":3,"column":33}},"3":{"start":{"line":4,"column":4},"end":{"line":4,"column":89}},"4":{"start":{"line":4,"column":71},"end":{"line":4,"column":83}},"5":{"start":{"line":6,"column":4},"end":{"line":6,"column":33}},"6":{"start":{"line":6,"column":26},"end":{"line":6,"column":33}},"7":{"start":{"line":7,"column":4},"end":{"line":7,"column":17}},"8":{"start":{"line":9,"column":25},"end":{"line":13,"column":2}},"9":{"start":{"line":10,"column":4},"end":{"line":10,"column":72}},"10":{"start":{"line":12,"column":4},"end":{"line":12,"column":21}},"11":{"start":{"line":14,"column":19},"end":{"line":20,"column":1}},"12":{"start":{"line":15,"column":4},"end":{"line":15,"column":42}},"13":{"start":{"line":15,"column":31},"end":{"line":15,"column":42}},"14":{"start":{"line":16,"column":17},"end":{"line":16,"column":19}},"15":{"start":{"line":17,"column":4},"end":{"line":17,"column":141}},"16":{"start":{"line":17,"column":21},"end":{"line":17,"column":141}},"17":{"start":{"line":17,"column":40},"end":{"line":17,"column":141}},"18":{"start":{"line":17,"column":109},"end":{"line":17,"column":141}},"19":{"start":{"line":18,"column":4},"end":{"line":18,"column":36}},"20":{"start":{"line":19,"column":4},"end":{"line":19,"column":18}},"21":{"start":{"line":21,"column":16},"end":{"line":29,"column":1}},"22":{"start":{"line":22,"column":28},"end":{"line":22,"column":110}},"23":{"start":{"line":22,"column":91},"end":{"line":22,"column":106}},"24":{"start":{"line":23,"column":4},"end":{"line":28,"column":7}},"25":{"start":{"line":24,"column":36},"end":{"line":24,"column":97}},"26":{"start":{"line":24,"column":42},"end":{"line":24,"column":70}},"27":{"start":{"line":24,"column":85},"end":{"line":24,"column":95}},"28":{"start":{"line":25,"column":35},"end":{"line":25,"column":100}},"29":{"start":{"line":25,"column":41},"end":{"line":25,"column":73}},"30":{"start":{"line":25,"column":88},"end":{"line":25,"column":98}},"31":{"start":{"line":26,"column":32},"end":{"line":26,"column":116}},"32":{"start":{"line":27,"column":8},"end":{"line":27,"column":78}},"33":{"start":{"line":30,"column":0},"end":{"line":30,"column":62}},"34":{"start":{"line":31,"column":0},"end":{"line":31,"column":106}},"35":{"start":{"line":32,"column":18},"end":{"line":32,"column":62}},"36":{"start":{"line":33,"column":16},"end":{"line":35,"column":2}},"37":{"start":{"line":33,"column":36},"end":{"line":35,"column":2}},"38":{"start":{"line":34,"column":4},"end":{"line":34,"column":49}},"39":{"start":{"line":36,"column":0},"end":{"line":36,"column":26}},"40":{"start":{"line":37,"column":21},"end":{"line":39,"column":2}},"41":{"start":{"line":37,"column":41},"end":{"line":39,"column":2}},"42":{"start":{"line":38,"column":4},"end":{"line":38,"column":70}},"43":{"start":{"line":40,"column":0},"end":{"line":40,"column":36}},"44":{"start":{"line":41,"column":17},"end":{"line":43,"column":2}},"45":{"start":{"line":41,"column":37},"end":{"line":43,"column":2}},"46":{"start":{"line":42,"column":4},"end":{"line":42,"column":64}},"47":{"start":{"line":44,"column":0},"end":{"line":44,"column":28}},"48":{"start":{"line":45,"column":16},"end":{"line":47,"column":2}},"49":{"start":{"line":45,"column":36},"end":{"line":47,"column":2}},"50":{"start":{"line":46,"column":4},"end":{"line":46,"column":64}},"51":{"start":{"line":48,"column":0},"end":{"line":48,"column":26}},"52":{"start":{"line":49,"column":19},"end":{"line":51,"column":2}},"53":{"start":{"line":49,"column":39},"end":{"line":51,"column":2}},"54":{"start":{"line":50,"column":4},"end":{"line":50,"column":64}},"55":{"start":{"line":52,"column":0},"end":{"line":52,"column":32}}},"fnMap":{"0":{"name":"(anonymous_0)","decl":{"start":{"line":2,"column":74},"end":{"line":2,"column":75}},"loc":{"start":{"line":2,"column":96},"end":{"line":5,"column":1}},"line":2},"1":{"name":"(anonymous_1)","decl":{"start":{"line":4,"column":58},"end":{"line":4,"column":59}},"loc":{"start":{"line":4,"column":69},"end":{"line":4,"column":85}},"line":4},"2":{"name":"(anonymous_2)","decl":{"start":{"line":5,"column":6},"end":{"line":5,"column":7}},"loc":{"start":{"line":5,"column":28},"end":{"line":8,"column":1}},"line":5},"3":{"name":"(anonymous_3)","decl":{"start":{"line":9,"column":80},"end":{"line":9,"column":81}},"loc":{"start":{"line":9,"column":95},"end":{"line":11,"column":1}},"line":9},"4":{"name":"(anonymous_4)","decl":{"start":{"line":11,"column":5},"end":{"line":11,"column":6}},"loc":{"start":{"line":11,"column":20},"end":{"line":13,"column":1}},"line":11},"5":{"name":"(anonymous_5)","decl":{"start":{"line":14,"column":50},"end":{"line":14,"column":51}},"loc":{"start":{"line":14,"column":65},"end":{"line":20,"column":1}},"line":14},"6":{"name":"(anonymous_6)","decl":{"start":{"line":21,"column":44},"end":{"line":21,"column":45}},"loc":{"start":{"line":21,"column":89},"end":{"line":29,"column":1}},"line":21},"7":{"name":"adopt","decl":{"start":{"line":22,"column":13},"end":{"line":22,"column":18}},"loc":{"start":{"line":22,"column":26},"end":{"line":22,"column":112}},"line":22},"8":{"name":"(anonymous_8)","decl":{"start":{"line":22,"column":70},"end":{"line":22,"column":71}},"loc":{"start":{"line":22,"column":89},"end":{"line":22,"column":108}},"line":22},"9":{"name":"(anonymous_9)","decl":{"start":{"line":23,"column":36},"end":{"line":23,"column":37}},"loc":{"start":{"line":23,"column":63},"end":{"line":28,"column":5}},"line":23},"10":{"name":"fulfilled","decl":{"start":{"line":24,"column":17},"end":{"line":24,"column":26}},"loc":{"start":{"line":24,"column":34},"end":{"line":24,"column":99}},"line":24},"11":{"name":"rejected","decl":{"start":{"line":25,"column":17},"end":{"line":25,"column":25}},"loc":{"start":{"line":25,"column":33},"end":{"line":25,"column":102}},"line":25},"12":{"name":"step","decl":{"start":{"line":26,"column":17},"end":{"line":26,"column":21}},"loc":{"start":{"line":26,"column":30},"end":{"line":26,"column":118}},"line":26},"13":{"name":"(anonymous_13)","decl":{"start":{"line":33,"column":16},"end":{"line":33,"column":17}},"loc":{"start":{"line":33,"column":36},"end":{"line":35,"column":2}},"line":33},"14":{"name":"(anonymous_14)","decl":{"start":{"line":33,"column":70},"end":{"line":33,"column":71}},"loc":{"start":{"line":33,"column":83},"end":{"line":35,"column":1}},"line":33},"15":{"name":"(anonymous_15)","decl":{"start":{"line":37,"column":21},"end":{"line":37,"column":22}},"loc":{"start":{"line":37,"column":41},"end":{"line":39,"column":2}},"line":37},"16":{"name":"(anonymous_16)","decl":{"start":{"line":37,"column":75},"end":{"line":37,"column":76}},"loc":{"start":{"line":37,"column":88},"end":{"line":39,"column":1}},"line":37},"17":{"name":"(anonymous_17)","decl":{"start":{"line":41,"column":17},"end":{"line":41,"column":18}},"loc":{"start":{"line":41,"column":37},"end":{"line":43,"column":2}},"line":41},"18":{"name":"(anonymous_18)","decl":{"start":{"line":41,"column":71},"end":{"line":41,"column":72}},"loc":{"start":{"line":41,"column":84},"end":{"line":43,"column":1}},"line":41},"19":{"name":"(anonymous_19)","decl":{"start":{"line":45,"column":16},"end":{"line":45,"column":17}},"loc":{"start":{"line":45,"column":36},"end":{"line":47,"column":2}},"line":45},"20":{"name":"(anonymous_20)","decl":{"start":{"line":45,"column":70},"end":{"line":45,"column":71}},"loc":{"start":{"line":45,"column":83},"end":{"line":47,"column":1}},"line":45},"21":{"name":"(anonymous_21)","decl":{"start":{"line":49,"column":19},"end":{"line":49,"column":20}},"loc":{"start":{"line":49,"column":39},"end":{"line":51,"column":2}},"line":49},"22":{"name":"(anonymous_22)","decl":{"start":{"line":49,"column":73},"end":{"line":49,"column":74}},"loc":{"start":{"line":49,"column":86},"end":{"line":51,"column":1}},"line":49}},"branchMap":{"0":{"loc":{"start":{"line":2,"column":22},"end":{"line":8,"column":3}},"type":"binary-expr","locations":[{"start":{"line":2,"column":23},"end":{"line":2,"column":27}},{"start":{"line":2,"column":31},"end":{"line":2,"column":51}},{"start":{"line":2,"column":57},"end":{"line":8,"column":2}}],"line":2},"1":{"loc":{"start":{"line":2,"column":57},"end":{"line":8,"column":2}},"type":"cond-expr","locations":[{"start":{"line":2,"column":74},"end":{"line":5,"column":1}},{"start":{"line":5,"column":6},"end":{"line":8,"column":1}}],"line":2},"2":{"loc":{"start":{"line":3,"column":4},"end":{"line":3,"column":33}},"type":"if","locations":[{"start":{"line":3,"column":4},"end":{"line":3,"column":33}},{"start":{"line":3,"column":4},"end":{"line":3,"column":33}}],"line":3},"3":{"loc":{"start":{"line":6,"column":4},"end":{"line":6,"column":33}},"type":"if","locations":[{"start":{"line":6,"column":4},"end":{"line":6,"column":33}},{"start":{"line":6,"column":4},"end":{"line":6,"column":33}}],"line":6},"4":{"loc":{"start":{"line":9,"column":25},"end":{"line":13,"column":2}},"type":"binary-expr","locations":[{"start":{"line":9,"column":26},"end":{"line":9,"column":30}},{"start":{"line":9,"column":34},"end":{"line":9,"column":57}},{"start":{"line":9,"column":63},"end":{"line":13,"column":1}}],"line":9},"5":{"loc":{"start":{"line":9,"column":63},"end":{"line":13,"column":1}},"type":"cond-expr","locations":[{"start":{"line":9,"column":80},"end":{"line":11,"column":1}},{"start":{"line":11,"column":5},"end":{"line":13,"column":1}}],"line":9},"6":{"loc":{"start":{"line":14,"column":19},"end":{"line":20,"column":1}},"type":"binary-expr","locations":[{"start":{"line":14,"column":20},"end":{"line":14,"column":24}},{"start":{"line":14,"column":28},"end":{"line":14,"column":45}},{"start":{"line":14,"column":50},"end":{"line":20,"column":1}}],"line":14},"7":{"loc":{"start":{"line":15,"column":4},"end":{"line":15,"column":42}},"type":"if","locations":[{"start":{"line":15,"column":4},"end":{"line":15,"column":42}},{"start":{"line":15,"column":4},"end":{"line":15,"column":42}}],"line":15},"8":{"loc":{"start":{"line":15,"column":8},"end":{"line":15,"column":29}},"type":"binary-expr","locations":[{"start":{"line":15,"column":8},"end":{"line":15,"column":11}},{"start":{"line":15,"column":15},"end":{"line":15,"column":29}}],"line":15},"9":{"loc":{"start":{"line":17,"column":4},"end":{"line":17,"column":141}},"type":"if","locations":[{"start":{"line":17,"column":4},"end":{"line":17,"column":141}},{"start":{"line":17,"column":4},"end":{"line":17,"column":141}}],"line":17},"10":{"loc":{"start":{"line":17,"column":40},"end":{"line":17,"column":141}},"type":"if","locations":[{"start":{"line":17,"column":40},"end":{"line":17,"column":141}},{"start":{"line":17,"column":40},"end":{"line":17,"column":141}}],"line":17},"11":{"loc":{"start":{"line":17,"column":44},"end":{"line":17,"column":107}},"type":"binary-expr","locations":[{"start":{"line":17,"column":44},"end":{"line":17,"column":59}},{"start":{"line":17,"column":63},"end":{"line":17,"column":107}}],"line":17},"12":{"loc":{"start":{"line":21,"column":16},"end":{"line":29,"column":1}},"type":"binary-expr","locations":[{"start":{"line":21,"column":17},"end":{"line":21,"column":21}},{"start":{"line":21,"column":25},"end":{"line":21,"column":39}},{"start":{"line":21,"column":44},"end":{"line":29,"column":1}}],"line":21},"13":{"loc":{"start":{"line":22,"column":35},"end":{"line":22,"column":109}},"type":"cond-expr","locations":[{"start":{"line":22,"column":56},"end":{"line":22,"column":61}},{"start":{"line":22,"column":64},"end":{"line":22,"column":109}}],"line":22},"14":{"loc":{"start":{"line":23,"column":16},"end":{"line":23,"column":34}},"type":"binary-expr","locations":[{"start":{"line":23,"column":16},"end":{"line":23,"column":17}},{"start":{"line":23,"column":22},"end":{"line":23,"column":33}}],"line":23},"15":{"loc":{"start":{"line":26,"column":32},"end":{"line":26,"column":115}},"type":"cond-expr","locations":[{"start":{"line":26,"column":46},"end":{"line":26,"column":67}},{"start":{"line":26,"column":70},"end":{"line":26,"column":115}}],"line":26},"16":{"loc":{"start":{"line":27,"column":51},"end":{"line":27,"column":67}},"type":"binary-expr","locations":[{"start":{"line":27,"column":51},"end":{"line":27,"column":61}},{"start":{"line":27,"column":65},"end":{"line":27,"column":67}}],"line":27}},"s":{"0":1,"1":0,"2":0,"3":0,"4":0,"5":0,"6":0,"7":0,"8":1,"9":0,"10":0,"11":1,"12":1,"13":1,"14":0,"15":0,"16":0,"17":0,"18":0,"19":0,"20":0,"21":1,"22":5,"23":5,"24":5,"25":5,"26":5,"27":0,"28":0,"29":0,"30":0,"31":10,"32":5,"33":1,"34":1,"35":1,"36":1,"37":1,"38":1,"39":1,"40":1,"41":1,"42":1,"43":1,"44":1,"45":1,"46":1,"47":1,"48":1,"49":1,"50":1,"51":1,"52":1,"53":1,"54":1,"55":1},"f":{"0":0,"1":0,"2":0,"3":0,"4":0,"5":1,"6":5,"7":5,"8":5,"9":5,"10":5,"11":0,"12":10,"13":1,"14":1,"15":1,"16":1,"17":1,"18":1,"19":1,"20":1,"21":1,"22":1},"b":{"0":[1,1,1],"1":[1,0],"2":[0,0],"3":[0,0],"4":[1,1,1],"5":[1,0],"6":[1,1,1],"7":[1,0],"8":[1,1],"9":[0,0],"10":[0,0],"11":[0,0],"12":[1,1,1],"13":[0,5],"14":[5,5],"15":[5,5],"16":[5,5]},"inputSourceMap":{"version":3,"file":"/home/veenayak/webdev/zemoso-training/node/controllers/UserController.ts","sources":["/home/veenayak/webdev/zemoso-training/node/controllers/UserController.ts"],"names":[],"mappings":";;;;;;;;;;;;;;;;;;;;;;;;;;;;;;;AAAA,+DAAiD;AAE1C,MAAM,OAAO,GAAG,CAAO,GAAO,EAAE,GAAO,EAAE,IAAQ,EAAE,EAAE;IACxD,OAAO,GAAG,CAAC,IAAI,CAAC,MAAM,SAAS,CAAC,SAAS,EAAE,CAAC,CAAC;AACjD,CAAC,CAAA,CAAA;AAFY,QAAA,OAAO,WAEnB;AAEM,MAAM,YAAY,GAAG,CAAO,GAAO,EAAE,GAAO,EAAC,IAAQ,EAAE,EAAE;IAC5D,OAAO,GAAG,CAAC,IAAI,CAAC,MAAM,SAAS,CAAC,gBAAgB,CAAC,GAAG,EAAE,GAAG,EAAE,IAAI,CAAC,CAAC,CAAC;AAEtE,CAAC,CAAA,CAAA;AAHY,QAAA,YAAY,gBAGxB;AAEM,MAAM,QAAQ,GAAG,CAAO,GAAO,EAAE,GAAO,EAAE,IAAQ,EAAE,EAAE;IACzD,OAAO,GAAG,CAAC,IAAI,CAAC,MAAM,SAAS,CAAC,UAAU,CAAC,GAAG,EAAE,GAAG,EAAE,IAAI,CAAC,CAAC,CAAC;AAEhE,CAAC,CAAA,CAAA;AAHY,QAAA,QAAQ,YAGpB;AAEM,MAAM,OAAO,GAAG,CAAO,GAAO,EAAE,GAAO,EAAE,IAAQ,EAAE,EAAE;IACxD,OAAO,GAAG,CAAC,IAAI,CAAC,MAAM,SAAS,CAAC,UAAU,CAAC,GAAG,EAAE,GAAG,EAAE,IAAI,CAAC,CAAC,CAAC;AAEhE,CAAC,CAAA,CAAA;AAHY,QAAA,OAAO,WAGnB;AAEM,MAAM,UAAU,GAAG,CAAO,GAAO,EAAE,GAAO,EAAE,IAAQ,EAAE,EAAE;IAC3D,OAAO,GAAG,CAAC,IAAI,CAAC,MAAM,SAAS,CAAC,UAAU,CAAC,GAAG,EAAE,GAAG,EAAE,IAAI,CAAC,CAAC,CAAC;AAChE,CAAC,CAAA,CAAA;AAFY,QAAA,UAAU,cAEtB","sourcesContent":["import * as userModel from '../models/UserModel';\n\nexport const getUser = async (req:any, res:any, next:any) => {\n    return res.send(await userModel.fetchUser());            \n}\n\nexport const getUserByKey = async (req:any, res:any,next:any) => {\n    return res.send(await userModel.fetchUserByEmail(req, res, next));            \n\n}\n\nexport const postUser = async (req:any, res:any, next:any) => {\n    return res.send(await userModel.insertUser(req, res, next));            \n\n}\n\nexport const putUser = async (req:any, res:any, next:any) => {\n    return res.send(await userModel.updateUser(req, res, next));            \n\n}\n\nexport const deleteUser = async (req:any, res:any, next:any) => {\n    return res.send(await userModel.deleteUser(req, res, next));            \n}\n"]},"_coverageSchema":"1a1c01bbd47fc00a2c39e90264f33305004495a9","hash":"9151d4393c1d4b11ce6cfc8d5581ac09b2381b11","contentHash":"d3883d23a933ceeb08a7d6850056116ba02210ea1c65c2d0fb544ee54aaa32d1"},"/home/veenayak/webdev/zemoso-training/node/graphql/userResolver.test.ts":{"path":"/home/veenayak/webdev/zemoso-training/node/graphql/userResolver.test.ts","statementMap":{"0":{"start":{"line":2,"column":22},"end":{"line":8,"column":3}},"1":{"start":{"line":3,"column":4},"end":{"line":3,"column":33}},"2":{"start":{"line":3,"column":26},"end":{"line":3,"column":33}},"3":{"start":{"line":4,"column":4},"end":{"line":4,"column":89}},"4":{"start":{"line":4,"column":71},"end":{"line":4,"column":83}},"5":{"start":{"line":6,"column":4},"end":{"line":6,"column":33}},"6":{"start":{"line":6,"column":26},"end":{"line":6,"column":33}},"7":{"start":{"line":7,"column":4},"end":{"line":7,"column":17}},"8":{"start":{"line":9,"column":25},"end":{"line":13,"column":2}},"9":{"start":{"line":10,"column":4},"end":{"line":10,"column":72}},"10":{"start":{"line":12,"column":4},"end":{"line":12,"column":21}},"11":{"start":{"line":14,"column":19},"end":{"line":20,"column":1}},"12":{"start":{"line":15,"column":4},"end":{"line":15,"column":42}},"13":{"start":{"line":15,"column":31},"end":{"line":15,"column":42}},"14":{"start":{"line":16,"column":17},"end":{"line":16,"column":19}},"15":{"start":{"line":17,"column":4},"end":{"line":17,"column":141}},"16":{"start":{"line":17,"column":21},"end":{"line":17,"column":141}},"17":{"start":{"line":17,"column":40},"end":{"line":17,"column":141}},"18":{"start":{"line":17,"column":109},"end":{"line":17,"column":141}},"19":{"start":{"line":18,"column":4},"end":{"line":18,"column":36}},"20":{"start":{"line":19,"column":4},"end":{"line":19,"column":18}},"21":{"start":{"line":21,"column":16},"end":{"line":29,"column":1}},"22":{"start":{"line":22,"column":28},"end":{"line":22,"column":110}},"23":{"start":{"line":22,"column":91},"end":{"line":22,"column":106}},"24":{"start":{"line":23,"column":4},"end":{"line":28,"column":7}},"25":{"start":{"line":24,"column":36},"end":{"line":24,"column":97}},"26":{"start":{"line":24,"column":42},"end":{"line":24,"column":70}},"27":{"start":{"line":24,"column":85},"end":{"line":24,"column":95}},"28":{"start":{"line":25,"column":35},"end":{"line":25,"column":100}},"29":{"start":{"line":25,"column":41},"end":{"line":25,"column":73}},"30":{"start":{"line":25,"column":88},"end":{"line":25,"column":98}},"31":{"start":{"line":26,"column":32},"end":{"line":26,"column":116}},"32":{"start":{"line":27,"column":8},"end":{"line":27,"column":78}},"33":{"start":{"line":30,"column":0},"end":{"line":30,"column":62}},"34":{"start":{"line":31,"column":15},"end":{"line":31,"column":30}},"35":{"start":{"line":32,"column":23},"end":{"line":32,"column":48}},"36":{"start":{"line":33,"column":16},"end":{"line":33,"column":32}},"37":{"start":{"line":34,"column":18},"end":{"line":34,"column":62}},"38":{"start":{"line":35,"column":17},"end":{"line":35,"column":37}},"39":{"start":{"line":36,"column":13},"end":{"line":36,"column":32}},"40":{"start":{"line":37,"column":20},"end":{"line":41,"column":1}},"41":{"start":{"line":42,"column":18},"end":{"line":46,"column":1}},"42":{"start":{"line":47,"column":17},"end":{"line":51,"column":1}},"43":{"start":{"line":52,"column":0},"end":{"line":123,"column":3}},"44":{"start":{"line":53,"column":4},"end":{"line":60,"column":8}},"45":{"start":{"line":53,"column":25},"end":{"line":60,"column":6}},"46":{"start":{"line":54,"column":19},"end":{"line":54,"column":50}},"47":{"start":{"line":55,"column":8},"end":{"line":55,"column":51}},"48":{"start":{"line":56,"column":23},"end":{"line":56,"column":59}},"49":{"start":{"line":57,"column":8},"end":{"line":57,"column":67}},"50":{"start":{"line":58,"column":8},"end":{"line":58,"column":73}},"51":{"start":{"line":59,"column":8},"end":{"line":59,"column":23}},"52":{"start":{"line":61,"column":4},"end":{"line":81,"column":8}},"53":{"start":{"line":61,"column":27},"end":{"line":81,"column":6}},"54":{"start":{"line":62,"column":23},"end":{"line":62,"column":57}},"55":{"start":{"line":63,"column":23},"end":{"line":63,"column":64}},"56":{"start":{"line":64,"column":8},"end":{"line":64,"column":26}},"57":{"start":{"line":65,"column":8},"end":{"line":65,"column":55}},"58":{"start":{"line":66,"column":8},"end":{"line":66,"column":55}},"59":{"start":{"line":67,"column":21},"end":{"line":70,"column":10}},"60":{"start":{"line":69,"column":12},"end":{"line":69,"column":74}},"61":{"start":{"line":71,"column":8},"end":{"line":74,"column":11}},"62":{"start":{"line":73,"column":12},"end":{"line":73,"column":77}},"63":{"start":{"line":75,"column":8},"end":{"line":75,"column":32}},"64":{"start":{"line":76,"column":8},"end":{"line":76,"column":87}},"65":{"start":{"line":77,"column":8},"end":{"line":77,"column":67}},"66":{"start":{"line":78,"column":8},"end":{"line":78,"column":73}},"67":{"start":{"line":79,"column":8},"end":{"line":79,"column":27}},"68":{"start":{"line":80,"column":8},"end":{"line":80,"column":27}},"69":{"start":{"line":82,"column":4},"end":{"line":107,"column":8}},"70":{"start":{"line":82,"column":22},"end":{"line":107,"column":6}},"71":{"start":{"line":83,"column":26},"end":{"line":83,"column":78}},"72":{"start":{"line":84,"column":8},"end":{"line":84,"column":39}},"73":{"start":{"line":85,"column":23},"end":{"line":85,"column":57}},"74":{"start":{"line":86,"column":8},"end":{"line":86,"column":26}},"75":{"start":{"line":87,"column":8},"end":{"line":87,"column":32}},"76":{"start":{"line":88,"column":8},"end":{"line":91,"column":11}},"77":{"start":{"line":90,"column":12},"end":{"line":90,"column":74}},"78":{"start":{"line":92,"column":8},"end":{"line":95,"column":11}},"79":{"start":{"line":94,"column":12},"end":{"line":94,"column":77}},"80":{"start":{"line":96,"column":8},"end":{"line":96,"column":55}},"81":{"start":{"line":97,"column":8},"end":{"line":100,"column":11}},"82":{"start":{"line":99,"column":12},"end":{"line":99,"column":89}},"83":{"start":{"line":101,"column":8},"end":{"line":101,"column":35}},"84":{"start":{"line":102,"column":23},"end":{"line":102,"column":87}},"85":{"start":{"line":103,"column":22},"end":{"line":103,"column":79}},"86":{"start":{"line":104,"column":8},"end":{"line":104,"column":57}},"87":{"start":{"line":105,"column":8},"end":{"line":105,"column":66}},"88":{"start":{"line":106,"column":8},"end":{"line":106,"column":27}},"89":{"start":{"line":108,"column":4},"end":{"line":122,"column":8}},"90":{"start":{"line":108,"column":29},"end":{"line":122,"column":6}},"91":{"start":{"line":109,"column":22},"end":{"line":109,"column":79}},"92":{"start":{"line":110,"column":21},"end":{"line":113,"column":9}},"93":{"start":{"line":114,"column":28},"end":{"line":117,"column":9}},"94":{"start":{"line":118,"column":28},"end":{"line":118,"column":89}},"95":{"start":{"line":119,"column":8},"end":{"line":119,"column":63}}},"fnMap":{"0":{"name":"(anonymous_0)","decl":{"start":{"line":2,"column":74},"end":{"line":2,"column":75}},"loc":{"start":{"line":2,"column":96},"end":{"line":5,"column":1}},"line":2},"1":{"name":"(anonymous_1)","decl":{"start":{"line":4,"column":58},"end":{"line":4,"column":59}},"loc":{"start":{"line":4,"column":69},"end":{"line":4,"column":85}},"line":4},"2":{"name":"(anonymous_2)","decl":{"start":{"line":5,"column":6},"end":{"line":5,"column":7}},"loc":{"start":{"line":5,"column":28},"end":{"line":8,"column":1}},"line":5},"3":{"name":"(anonymous_3)","decl":{"start":{"line":9,"column":80},"end":{"line":9,"column":81}},"loc":{"start":{"line":9,"column":95},"end":{"line":11,"column":1}},"line":9},"4":{"name":"(anonymous_4)","decl":{"start":{"line":11,"column":5},"end":{"line":11,"column":6}},"loc":{"start":{"line":11,"column":20},"end":{"line":13,"column":1}},"line":11},"5":{"name":"(anonymous_5)","decl":{"start":{"line":14,"column":50},"end":{"line":14,"column":51}},"loc":{"start":{"line":14,"column":65},"end":{"line":20,"column":1}},"line":14},"6":{"name":"(anonymous_6)","decl":{"start":{"line":21,"column":44},"end":{"line":21,"column":45}},"loc":{"start":{"line":21,"column":89},"end":{"line":29,"column":1}},"line":21},"7":{"name":"adopt","decl":{"start":{"line":22,"column":13},"end":{"line":22,"column":18}},"loc":{"start":{"line":22,"column":26},"end":{"line":22,"column":112}},"line":22},"8":{"name":"(anonymous_8)","decl":{"start":{"line":22,"column":70},"end":{"line":22,"column":71}},"loc":{"start":{"line":22,"column":89},"end":{"line":22,"column":108}},"line":22},"9":{"name":"(anonymous_9)","decl":{"start":{"line":23,"column":36},"end":{"line":23,"column":37}},"loc":{"start":{"line":23,"column":63},"end":{"line":28,"column":5}},"line":23},"10":{"name":"fulfilled","decl":{"start":{"line":24,"column":17},"end":{"line":24,"column":26}},"loc":{"start":{"line":24,"column":34},"end":{"line":24,"column":99}},"line":24},"11":{"name":"rejected","decl":{"start":{"line":25,"column":17},"end":{"line":25,"column":25}},"loc":{"start":{"line":25,"column":33},"end":{"line":25,"column":102}},"line":25},"12":{"name":"step","decl":{"start":{"line":26,"column":17},"end":{"line":26,"column":21}},"loc":{"start":{"line":26,"column":30},"end":{"line":26,"column":118}},"line":26},"13":{"name":"(anonymous_13)","decl":{"start":{"line":52,"column":32},"end":{"line":52,"column":33}},"loc":{"start":{"line":52,"column":38},"end":{"line":123,"column":1}},"line":52},"14":{"name":"(anonymous_14)","decl":{"start":{"line":53,"column":19},"end":{"line":53,"column":20}},"loc":{"start":{"line":53,"column":25},"end":{"line":60,"column":6}},"line":53},"15":{"name":"(anonymous_15)","decl":{"start":{"line":53,"column":59},"end":{"line":53,"column":60}},"loc":{"start":{"line":53,"column":72},"end":{"line":60,"column":5}},"line":53},"16":{"name":"(anonymous_16)","decl":{"start":{"line":61,"column":21},"end":{"line":61,"column":22}},"loc":{"start":{"line":61,"column":27},"end":{"line":81,"column":6}},"line":61},"17":{"name":"(anonymous_17)","decl":{"start":{"line":61,"column":61},"end":{"line":61,"column":62}},"loc":{"start":{"line":61,"column":74},"end":{"line":81,"column":5}},"line":61},"18":{"name":"(anonymous_18)","decl":{"start":{"line":68,"column":19},"end":{"line":68,"column":20}},"loc":{"start":{"line":68,"column":26},"end":{"line":70,"column":9}},"line":68},"19":{"name":"(anonymous_19)","decl":{"start":{"line":72,"column":19},"end":{"line":72,"column":20}},"loc":{"start":{"line":72,"column":26},"end":{"line":74,"column":9}},"line":72},"20":{"name":"(anonymous_20)","decl":{"start":{"line":82,"column":16},"end":{"line":82,"column":17}},"loc":{"start":{"line":82,"column":22},"end":{"line":107,"column":6}},"line":82},"21":{"name":"(anonymous_21)","decl":{"start":{"line":82,"column":56},"end":{"line":82,"column":57}},"loc":{"start":{"line":82,"column":69},"end":{"line":107,"column":5}},"line":82},"22":{"name":"(anonymous_22)","decl":{"start":{"line":89,"column":19},"end":{"line":89,"column":20}},"loc":{"start":{"line":89,"column":26},"end":{"line":91,"column":9}},"line":89},"23":{"name":"(anonymous_23)","decl":{"start":{"line":93,"column":19},"end":{"line":93,"column":20}},"loc":{"start":{"line":93,"column":26},"end":{"line":95,"column":9}},"line":93},"24":{"name":"(anonymous_24)","decl":{"start":{"line":98,"column":19},"end":{"line":98,"column":20}},"loc":{"start":{"line":98,"column":26},"end":{"line":100,"column":9}},"line":98},"25":{"name":"(anonymous_25)","decl":{"start":{"line":108,"column":23},"end":{"line":108,"column":24}},"loc":{"start":{"line":108,"column":29},"end":{"line":122,"column":6}},"line":108},"26":{"name":"(anonymous_26)","decl":{"start":{"line":108,"column":63},"end":{"line":108,"column":64}},"loc":{"start":{"line":108,"column":76},"end":{"line":122,"column":5}},"line":108}},"branchMap":{"0":{"loc":{"start":{"line":2,"column":22},"end":{"line":8,"column":3}},"type":"binary-expr","locations":[{"start":{"line":2,"column":23},"end":{"line":2,"column":27}},{"start":{"line":2,"column":31},"end":{"line":2,"column":51}},{"start":{"line":2,"column":57},"end":{"line":8,"column":2}}],"line":2},"1":{"loc":{"start":{"line":2,"column":57},"end":{"line":8,"column":2}},"type":"cond-expr","locations":[{"start":{"line":2,"column":74},"end":{"line":5,"column":1}},{"start":{"line":5,"column":6},"end":{"line":8,"column":1}}],"line":2},"2":{"loc":{"start":{"line":3,"column":4},"end":{"line":3,"column":33}},"type":"if","locations":[{"start":{"line":3,"column":4},"end":{"line":3,"column":33}},{"start":{"line":3,"column":4},"end":{"line":3,"column":33}}],"line":3},"3":{"loc":{"start":{"line":6,"column":4},"end":{"line":6,"column":33}},"type":"if","locations":[{"start":{"line":6,"column":4},"end":{"line":6,"column":33}},{"start":{"line":6,"column":4},"end":{"line":6,"column":33}}],"line":6},"4":{"loc":{"start":{"line":9,"column":25},"end":{"line":13,"column":2}},"type":"binary-expr","locations":[{"start":{"line":9,"column":26},"end":{"line":9,"column":30}},{"start":{"line":9,"column":34},"end":{"line":9,"column":57}},{"start":{"line":9,"column":63},"end":{"line":13,"column":1}}],"line":9},"5":{"loc":{"start":{"line":9,"column":63},"end":{"line":13,"column":1}},"type":"cond-expr","locations":[{"start":{"line":9,"column":80},"end":{"line":11,"column":1}},{"start":{"line":11,"column":5},"end":{"line":13,"column":1}}],"line":9},"6":{"loc":{"start":{"line":14,"column":19},"end":{"line":20,"column":1}},"type":"binary-expr","locations":[{"start":{"line":14,"column":20},"end":{"line":14,"column":24}},{"start":{"line":14,"column":28},"end":{"line":14,"column":45}},{"start":{"line":14,"column":50},"end":{"line":20,"column":1}}],"line":14},"7":{"loc":{"start":{"line":15,"column":4},"end":{"line":15,"column":42}},"type":"if","locations":[{"start":{"line":15,"column":4},"end":{"line":15,"column":42}},{"start":{"line":15,"column":4},"end":{"line":15,"column":42}}],"line":15},"8":{"loc":{"start":{"line":15,"column":8},"end":{"line":15,"column":29}},"type":"binary-expr","locations":[{"start":{"line":15,"column":8},"end":{"line":15,"column":11}},{"start":{"line":15,"column":15},"end":{"line":15,"column":29}}],"line":15},"9":{"loc":{"start":{"line":17,"column":4},"end":{"line":17,"column":141}},"type":"if","locations":[{"start":{"line":17,"column":4},"end":{"line":17,"column":141}},{"start":{"line":17,"column":4},"end":{"line":17,"column":141}}],"line":17},"10":{"loc":{"start":{"line":17,"column":40},"end":{"line":17,"column":141}},"type":"if","locations":[{"start":{"line":17,"column":40},"end":{"line":17,"column":141}},{"start":{"line":17,"column":40},"end":{"line":17,"column":141}}],"line":17},"11":{"loc":{"start":{"line":17,"column":44},"end":{"line":17,"column":107}},"type":"binary-expr","locations":[{"start":{"line":17,"column":44},"end":{"line":17,"column":59}},{"start":{"line":17,"column":63},"end":{"line":17,"column":107}}],"line":17},"12":{"loc":{"start":{"line":21,"column":16},"end":{"line":29,"column":1}},"type":"binary-expr","locations":[{"start":{"line":21,"column":17},"end":{"line":21,"column":21}},{"start":{"line":21,"column":25},"end":{"line":21,"column":39}},{"start":{"line":21,"column":44},"end":{"line":29,"column":1}}],"line":21},"13":{"loc":{"start":{"line":22,"column":35},"end":{"line":22,"column":109}},"type":"cond-expr","locations":[{"start":{"line":22,"column":56},"end":{"line":22,"column":61}},{"start":{"line":22,"column":64},"end":{"line":22,"column":109}}],"line":22},"14":{"loc":{"start":{"line":23,"column":16},"end":{"line":23,"column":34}},"type":"binary-expr","locations":[{"start":{"line":23,"column":16},"end":{"line":23,"column":17}},{"start":{"line":23,"column":22},"end":{"line":23,"column":33}}],"line":23},"15":{"loc":{"start":{"line":26,"column":32},"end":{"line":26,"column":115}},"type":"cond-expr","locations":[{"start":{"line":26,"column":46},"end":{"line":26,"column":67}},{"start":{"line":26,"column":70},"end":{"line":26,"column":115}}],"line":26},"16":{"loc":{"start":{"line":27,"column":51},"end":{"line":27,"column":67}},"type":"binary-expr","locations":[{"start":{"line":27,"column":51},"end":{"line":27,"column":61}},{"start":{"line":27,"column":65},"end":{"line":27,"column":67}}],"line":27}},"s":{"0":1,"1":0,"2":0,"3":0,"4":0,"5":0,"6":0,"7":0,"8":1,"9":0,"10":0,"11":1,"12":1,"13":1,"14":0,"15":0,"16":0,"17":0,"18":0,"19":0,"20":0,"21":1,"22":4,"23":0,"24":4,"25":4,"26":4,"27":0,"28":0,"29":0,"30":0,"31":8,"32":4,"33":1,"34":1,"35":1,"36":1,"37":1,"38":1,"39":1,"40":1,"41":1,"42":1,"43":1,"44":1,"45":1,"46":1,"47":1,"48":1,"49":1,"50":1,"51":1,"52":1,"53":1,"54":1,"55":1,"56":1,"57":1,"58":1,"59":1,"60":1,"61":1,"62":1,"63":1,"64":1,"65":1,"66":1,"67":1,"68":1,"69":1,"70":1,"71":1,"72":1,"73":1,"74":1,"75":1,"76":1,"77":1,"78":1,"79":1,"80":1,"81":1,"82":1,"83":1,"84":1,"85":1,"86":1,"87":1,"88":1,"89":1,"90":1,"91":1,"92":1,"93":1,"94":1,"95":1},"f":{"0":0,"1":0,"2":0,"3":0,"4":0,"5":1,"6":4,"7":4,"8":0,"9":4,"10":4,"11":0,"12":8,"13":1,"14":1,"15":1,"16":1,"17":1,"18":1,"19":1,"20":1,"21":1,"22":1,"23":1,"24":1,"25":1,"26":1},"b":{"0":[1,1,1],"1":[1,0],"2":[0,0],"3":[0,0],"4":[1,1,1],"5":[1,0],"6":[1,1,1],"7":[1,0],"8":[1,1],"9":[0,0],"10":[0,0],"11":[0,0],"12":[1,1,1],"13":[4,0],"14":[4,4],"15":[4,4],"16":[4,4]},"inputSourceMap":{"version":3,"file":"/home/veenayak/webdev/zemoso-training/node/graphql/userResolver.test.ts","sources":["/home/veenayak/webdev/zemoso-training/node/graphql/userResolver.test.ts"],"names":[],"mappings":";;;;;;;;;;;;;;;;;;;;;;;;;;;;;;AAAA,+BAA8B;AAC9B,iDAA6E;AAC7E,iCAAmC;AACnC,+DAAiD;AACjD,sCAAsD;AAEtD,MAAM,IAAI,GAAG,SAAS,CAAC,SAAS,CAAC;AAEjC,MAAM,WAAW,GAAG;IAChB,GAAG,EAAE,IAAI;IACT,KAAK,EAAE,OAAO;IACd,QAAQ,EAAE,KAAK;CAClB,CAAA;AAED,MAAM,SAAS,GAAG;IACd,GAAG,EAAE,IAAI;IACT,KAAK,EAAE,gBAAgB;IACvB,QAAQ,EAAE,KAAK;CAClB,CAAA;AAED,MAAM,QAAQ,GAAG;IACb,GAAG,EAAE,IAAI;IACT,KAAK,EAAE,gBAAgB;IACvB,QAAQ,EAAE,IAAI;CACjB,CAAA;AAED,QAAQ,CAAC,qBAAqB,EAAE,GAAG,EAAE;IACjC,EAAE,CAAC,UAAU,EAAE,GAAS,EAAE;QAEtB,IAAI,IAAI,GAAO,IAAA,YAAI,EAAC,IAAI,EAAE,MAAM,CAAC,CAAC;QAClC,IAAI,CAAC,OAAO,mBACL,SAAS,EACd,CAAC;QAEH,MAAM,MAAM,GAAO,MAAM,IAAA,uBAAQ,GAAE,CAAC;QAEpC,IAAA,aAAM,EAAC,MAAM,CAAC,KAAK,CAAC,CAAC,EAAE,CAAC,KAAK,CAAC,SAAS,CAAC,KAAK,CAAC,CAAC;QAC/C,IAAA,aAAM,EAAC,MAAM,CAAC,QAAQ,CAAC,CAAC,EAAE,CAAC,KAAK,CAAC,SAAS,CAAC,QAAQ,CAAC,CAAC;QAErD,IAAI,CAAC,OAAO,EAAE,CAAC;IAEnB,CAAC,CAAA,CAAC,CAAC;IAEH,EAAE,CAAC,YAAY,EAAE,GAAS,EAAE;QAExB,IAAI,QAAQ,GAAQ,IAAA,YAAI,EAAC,IAAI,EAAE,SAAS,CAAC,CAAC;QAC1C,IAAI,QAAQ,GAAQ,IAAA,YAAI,EAAC,IAAI,CAAC,SAAS,EAAE,MAAM,CAAC,CAAC;QAEjD,QAAQ,CAAC,MAAM,EAAE,CAAC;QAElB,QAAQ,CAAC,OAAO,mBACT,SAAS,EACd,CAAC;QAEH,QAAQ,CAAC,OAAO,mBACT,SAAS,EACd,CAAC;QAEH,IAAI,MAAM,GAAQ,IAAA,yBAAU,EAAC,EAAE,SAAS,EAAE,WAAW,EAAE,EAAE,KAAK,CAAC;aAC1D,KAAK,CAAC,GAAG,CAAC,EAAE;YACT,IAAA,aAAM,EAAC,GAAG,CAAC,OAAO,CAAC,CAAC,EAAE,CAAC,KAAK,CAAC,mBAAmB,CAAC,CAAC;QACtD,CAAC,CAAC,CAAC;QAGP,MAAM,GAAG,IAAA,yBAAU,EAAC,EAAE,SAAS,EAAE,SAAS,EAAE,EAAE,KAAK,CAAC;aAC/C,KAAK,CAAC,GAAG,CAAC,EAAE;YACT,IAAA,aAAM,EAAC,GAAG,CAAC,OAAO,CAAC,CAAC,EAAE,CAAC,KAAK,CAAC,sBAAsB,CAAC,CAAC;QACzD,CAAC,CAAC,CAAC;QAEP,QAAQ,CAAC,OAAO,CAAC,KAAK,CAAC,CAAC;QAExB,MAAM,GAAG,MAAM,IAAA,yBAAU,EAAC,EAAE,SAAS,EAAE,SAAS,EAAE,EAAE,KAAK,CAAC,CAAC;QAE3D,IAAA,aAAM,EAAC,MAAM,CAAC,KAAK,CAAC,CAAC,EAAE,CAAC,KAAK,CAAC,SAAS,CAAC,KAAK,CAAC,CAAC;QAC/C,IAAA,aAAM,EAAC,MAAM,CAAC,QAAQ,CAAC,CAAC,EAAE,CAAC,KAAK,CAAC,SAAS,CAAC,QAAQ,CAAC,CAAC;QAErD,QAAQ,CAAC,OAAO,EAAE,CAAC;QACnB,QAAQ,CAAC,OAAO,EAAE,CAAC;IAEvB,CAAC,CAAA,CAAC,CAAC;IAEH,EAAE,CAAC,OAAO,EAAE,GAAS,EAAE;QAEnB,MAAM,SAAS,GAAG,MAAM,IAAA,qBAAY,EAAC,SAAS,CAAC,QAAQ,CAAC,CAAC;QAEzD,SAAS,CAAC,QAAQ,GAAG,SAAS,CAAC;QAE/B,IAAI,QAAQ,GAAQ,IAAA,YAAI,EAAC,IAAI,EAAE,SAAS,CAAC,CAAC;QAE1C,QAAQ,CAAC,MAAM,EAAE,CAAC;QAElB,QAAQ,CAAC,OAAO,CAAC,KAAK,CAAC,CAAC;QAExB,IAAA,oBAAK,EAAC,EAAE,SAAS,EAAE,WAAW,EAAE,EAAE,KAAK,CAAC;aACnC,KAAK,CAAC,GAAG,CAAC,EAAE;YACT,IAAA,aAAM,EAAC,GAAG,CAAC,OAAO,CAAC,CAAC,EAAE,CAAC,KAAK,CAAC,mBAAmB,CAAC,CAAC;QACtD,CAAC,CAAC,CAAC;QAEP,IAAA,oBAAK,EAAC,EAAE,SAAS,EAAE,SAAS,EAAE,EAAE,KAAK,CAAC;aACjC,KAAK,CAAC,GAAG,CAAC,EAAE;YACT,IAAA,aAAM,EAAC,GAAG,CAAC,OAAO,CAAC,CAAC,EAAE,CAAC,KAAK,CAAC,sBAAsB,CAAC,CAAC;QACzD,CAAC,CAAC,CAAC;QAEP,QAAQ,CAAC,OAAO,mBACT,SAAS,EACd,CAAC;QAEH,IAAA,oBAAK,EAAC,EAAE,SAAS,EAAE,QAAQ,EAAE,EAAE,KAAK,CAAC;aAChC,KAAK,CAAC,GAAG,CAAC,EAAE;YACT,IAAA,aAAM,EAAC,GAAG,CAAC,OAAO,CAAC,CAAC,EAAE,CAAC,KAAK,CAAC,kCAAkC,CAAC,CAAC;QACrE,CAAC,CAAC,CAAC;QAEP,SAAS,CAAC,QAAQ,GAAG,KAAK,CAAC;QAE3B,MAAM,MAAM,GAAG,MAAM,IAAA,oBAAK,EAAC,EAAE,SAAS,EAAE,SAAS,EAAE,EAAE,KAAK,CAAC,CAAC;QAC5D,MAAM,KAAK,GAAG,IAAA,oBAAW,EAAC,SAAS,CAAC,GAAG,EAAE,SAAS,CAAC,KAAK,CAAC,CAAC;QAE1D,IAAA,aAAM,EAAC,MAAM,CAAC,KAAK,CAAC,CAAC,EAAE,CAAC,KAAK,CAAC,KAAK,CAAC,CAAC;QACrC,IAAA,aAAM,EAAC,MAAM,CAAC,MAAM,CAAC,CAAC,EAAE,CAAC,KAAK,CAAC,SAAS,CAAC,GAAG,CAAC,CAAC;QAE9C,QAAQ,CAAC,OAAO,EAAE,CAAC;IAEvB,CAAC,CAAA,CAAC,CAAC;IAEH,EAAE,CAAC,cAAc,EAAE,GAAS,EAAE;QAC1B,MAAM,KAAK,GAAG,IAAA,oBAAW,EAAC,SAAS,CAAC,GAAG,EAAE,SAAS,CAAC,KAAK,CAAC,CAAC;QAC1D,MAAM,IAAI,GAAG;YACT,KAAK;YACL,MAAM,EAAE,SAAS,CAAC,GAAG;SACxB,CAAA;QAED,MAAM,WAAW,GAAG;YAChB,KAAK;YACL,MAAM,EAAE,GAAG;SACd,CAAA;QAED,MAAM,WAAW,GAAG,IAAA,4BAAa,EAAC,EAAE,SAAS,EAAE,IAAI,EAAE,EAAE,KAAK,CAAC,CAAC;QAC9D,IAAA,aAAM,EAAC,WAAW,CAAC,OAAO,CAAC,CAAC,EAAE,CAAC,KAAK,CAAC,IAAI,CAAC,CAAC;QAE3C,0EAA0E;QAC1E,iDAAiD;IAErD,CAAC,CAAA,CAAC,CAAC;AAGP,CAAC,CAAC,CAAA","sourcesContent":["import { expect } from 'chai';\nimport {  createUser, getUsers, login, validateToken } from './userResolver';\nimport { stub, mock } from 'sinon';\nimport * as userModel from '../models/UserModel';\nimport { createToken, hashPassword } from '../helper';\n\nconst User = userModel.userModel;\n\nconst invalidData = {\n    _id: 'id',\n    email: 'email',\n    password: 'pwd'\n}\n\nconst validData = {\n    _id: 'id',\n    email: 'test@gmail.com',\n    password: 'pwd'\n}\n\nconst wrongPwd = {\n    _id: 'id',\n    email: 'test@gmail.com',\n    password: 'pw'\n}\n\ndescribe('User Resolver Tests', () => { \n    it('getUsers', async () => {\n    \n        let mock:any = stub(User, 'find');\n        mock.returns({\n            ...validData\n        });\n    \n        const result:any = await getUsers();\n    \n        expect(result.email).to.equal(validData.email);    \n        expect(result.password).to.equal(validData.password);   \n        \n        mock.restore();\n\n    });\n\n    it('createUser', async () => {\n    \n        let mockFind: any = stub(User, 'findOne');\n        let mockSave: any = stub(User.prototype, 'save');\n\n        mockFind.throws();\n\n        mockFind.returns({\n            ...validData\n        }); \n        \n        mockSave.returns({\n            ...validData\n        });   \n\n        let result: any = createUser({ userInput: invalidData }, 'sdf')\n            .catch(err => {\n                expect(err.message).to.equal('Email is invalid.');    \n            });\n\n\n        result = createUser({ userInput: validData }, 'sdf')\n            .catch(err => {\n                expect(err.message).to.equal('User already exists.');\n            });        \n        \n        mockFind.returns(false);  \n\n        result = await createUser({ userInput: validData }, 'sdf');\n\n        expect(result.email).to.equal(validData.email);\n        expect(result.password).to.equal(validData.password);\n      \n        mockFind.restore();\n        mockSave.restore();\n        \n    });\n\n    it('login', async () => {\n    \n        const hashedPwd = await hashPassword(validData.password);        \n\n        validData.password = hashedPwd;\n\n        let mockFind: any = stub(User, 'findOne');\n\n        mockFind.throws();\n\n   
[...]
tart":{"line":19,"column":0},"end":{"line":147,"column":3}},"20":{"start":{"line":20,"column":4},"end":{"line":30,"column":8}},"21":{"start":{"line":20,"column":27},"end":{"line":30,"column":6}},"22":{"start":{"line":21,"column":19},"end":{"line":21,"column":50}},"23":{"start":{"line":22,"column":8},"end":{"line":25,"column":11}},"24":{"start":{"line":26,"column":23},"end":{"line":26,"column":57}},"25":{"start":{"line":27,"column":8},"end":{"line":27,"column":59}},"26":{"start":{"line":28,"column":8},"end":{"line":28,"column":60}},"27":{"start":{"line":29,"column":8},"end":{"line":29,"column":23}},"28":{"start":{"line":31,"column":4},"end":{"line":62,"column":8}},"29":{"start":{"line":31,"column":28},"end":{"line":62,"column":6}},"30":{"start":{"line":32,"column":19},"end":{"line":32,"column":60}},"31":{"start":{"line":33,"column":8},"end":{"line":36,"column":11}},"32":{"start":{"line":37,"column":20},"end":{"line":42,"column":9}},"33":{"start":{"line":43,"column":23},"end":{"line":43,"column":76}},"34":{"start":{"line":44,"column":8},"end":{"line":44,"column":66}},"35":{"start":{"line":45,"column":8},"end":{"line":45,"column":72}},"36":{"start":{"line":46,"column":8},"end":{"line":51,"column":11}},"37":{"start":{"line":52,"column":28},"end":{"line":52,"column":76}},"38":{"start":{"line":53,"column":8},"end":{"line":53,"column":80}},"39":{"start":{"line":54,"column":8},"end":{"line":58,"column":11}},"40":{"start":{"line":59,"column":29},"end":{"line":59,"column":77}},"41":{"start":{"line":60,"column":8},"end":{"line":60,"column":106}},"42":{"start":{"line":61,"column":8},"end":{"line":61,"column":23}},"43":{"start":{"line":63,"column":4},"end":{"line":89,"column":8}},"44":{"start":{"line":63,"column":28},"end":{"line":89,"column":6}},"45":{"start":{"line":64,"column":19},"end":{"line":64,"column":55}},"46":{"start":{"line":65,"column":8},"end":{"line":68,"column":11}},"47":{"start":{"line":69,"column":20},"end":{"line":77,"column":9}},"48":{"start":{"line":78,"column":23},"end":{"line":78,"column":76}},"49":{"start":{"line":79,"column":8},"end":{"line":79,"column":66}},"50":{"start":{"line":80,"column":8},"end":{"line":80,"column":72}},"51":{"start":{"line":81,"column":8},"end":{"line":85,"column":11}},"52":{"start":{"line":86,"column":28},"end":{"line":86,"column":76}},"53":{"start":{"line":87,"column":8},"end":{"line":87,"column":81}},"54":{"start":{"line":88,"column":8},"end":{"line":88,"column":23}},"55":{"start":{"line":90,"column":4},"end":{"line":119,"column":8}},"56":{"start":{"line":90,"column":28},"end":{"line":119,"column":6}},"57":{"start":{"line":91,"column":19},"end":{"line":91,"column":55}},"58":{"start":{"line":92,"column":8},"end":{"line":95,"column":11}},"59":{"start":{"line":96,"column":20},"end":{"line":104,"column":9}},"60":{"start":{"line":105,"column":23},"end":{"line":105,"column":76}},"61":{"start":{"line":106,"column":8},"end":{"line":106,"column":66}},"62":{"start":{"line":107,"column":8},"end":{"line":107,"column":72}},"63":{"start":{"line":108,"column":8},"end":{"line":115,"column":11}},"64":{"start":{"line":116,"column":28},"end":{"line":116,"column":76}},"65":{"start":{"line":117,"column":8},"end":{"line":117,"column":81}},"66":{"start":{"line":118,"column":8},"end":{"line":118,"column":23}},"67":{"start":{"line":120,"column":4},"end":{"line":146,"column":8}},"68":{"start":{"line":120,"column":36},"end":{"line":146,"column":6}},"69":{"start":{"line":121,"column":19},"end":{"line":121,"column":53}},"70":{"start":{"line":122,"column":8},"end":{"line":125,"column":11}},"71":{"start":{"line":126,"column":20},"end":{"line":134,"column":9}},"72":{"start":{"line":135,"column":23},"end":{"line":135,"column":82}},"73":{"start":{"line":136,"column":8},"end":{"line":136,"column":66}},"74":{"start":{"line":137,"column":8},"end":{"line":137,"column":72}},"75":{"start":{"line":138,"column":8},"end":{"line":142,"column":11}},"76":{"start":{"line":143,"column":28},"end":{"line":143,"column":82}},"77":{"start":{"line":144,"column":8},"end":{"line":144,"column":80}},"78":{"start":{"line":145,"column":8},"end":{"line":145,"column":23}}},"fnMap":{"0":{"name":"(anonymous_0)","decl":{"start":{"line":2,"column":44},"end":{"line":2,"column":45}},"loc":{"start":{"line":2,"column":89},"end":{"line":10,"column":1}},"line":2},"1":{"name":"adopt","decl":{"start":{"line":3,"column":13},"end":{"line":3,"column":18}},"loc":{"start":{"line":3,"column":26},"end":{"line":3,"column":112}},"line":3},"2":{"name":"(anonymous_2)","decl":{"start":{"line":3,"column":70},"end":{"line":3,"column":71}},"loc":{"start":{"line":3,"column":89},"end":{"line":3,"column":108}},"line":3},"3":{"name":"(anonymous_3)","decl":{"start":{"line":4,"column":36},"end":{"line":4,"column":37}},"loc":{"start":{"line":4,"column":63},"end":{"line":9,"column":5}},"line":4},"4":{"name":"fulfilled","decl":{"start":{"line":5,"column":17},"end":{"line":5,"column":26}},"loc":{"start":{"line":5,"column":34},"end":{"line":5,"column":99}},"line":5},"5":{"name":"rejected","decl":{"start":{"line":6,"column":17},"end":{"line":6,"column":25}},"loc":{"start":{"line":6,"column":33},"end":{"line":6,"column":102}},"line":6},"6":{"name":"step","decl":{"start":{"line":7,"column":17},"end":{"line":7,"column":21}},"loc":{"start":{"line":7,"column":30},"end":{"line":7,"column":118}},"line":7},"7":{"name":"(anonymous_7)","decl":{"start":{"line":16,"column":13},"end":{"line":16,"column":14}},"loc":{"start":{"line":16,"column":23},"end":{"line":18,"column":1}},"line":16},"8":{"name":"(anonymous_8)","decl":{"start":{"line":19,"column":29},"end":{"line":19,"column":30}},"loc":{"start":{"line":19,"column":35},"end":{"line":147,"column":1}},"line":19},"9":{"name":"(anonymous_9)","decl":{"start":{"line":20,"column":21},"end":{"line":20,"column":22}},"loc":{"start":{"line":20,"column":27},"end":{"line":30,"column":6}},"line":20},"10":{"name":"(anonymous_10)","decl":{"start":{"line":20,"column":61},"end":{"line":20,"column":62}},"loc":{"start":{"line":20,"column":74},"end":{"line":30,"column":5}},"line":20},"11":{"name":"(anonymous_11)","decl":{"start":{"line":31,"column":22},"end":{"line":31,"column":23}},"loc":{"start":{"line":31,"column":28},"end":{"line":62,"column":6}},"line":31},"12":{"name":"(anonymous_12)","decl":{"start":{"line":31,"column":62},"end":{"line":31,"column":63}},"loc":{"start":{"line":31,"column":75},"end":{"line":62,"column":5}},"line":31},"13":{"name":"(anonymous_13)","decl":{"start":{"line":43,"column":66},"end":{"line":43,"column":67}},"loc":{"start":{"line":43,"column":72},"end":{"line":43,"column":75}},"line":43},"14":{"name":"(anonymous_14)","decl":{"start":{"line":63,"column":22},"end":{"line":63,"column":23}},"loc":{"start":{"line":63,"column":28},"end":{"line":89,"column":6}},"line":63},"15":{"name":"(anonymous_15)","decl":{"start":{"line":63,"column":62},"end":{"line":63,"column":63}},"loc":{"start":{"line":63,"column":75},"end":{"line":89,"column":5}},"line":63},"16":{"name":"(anonymous_16)","decl":{"start":{"line":78,"column":66},"end":{"line":78,"column":67}},"loc":{"start":{"line":78,"column":72},"end":{"line":78,"column":75}},"line":78},"17":{"name":"(anonymous_17)","decl":{"start":{"line":90,"column":22},"end":{"line":90,"column":23}},"loc":{"start":{"line":90,"column":28},"end":{"line":119,"column":6}},"line":90},"18":{"name":"(anonymous_18)","decl":{"start":{"line":90,"column":62},"end":{"line":90,"column":63}},"loc":{"start":{"line":90,"column":75},"end":{"line":119,"column":5}},"line":90},"19":{"name":"(anonymous_19)","decl":{"start":{"line":105,"column":66},"end":{"line":105,"column":67}},"loc":{"start":{"line":105,"column":72},"end":{"line":105,"column":75}},"line":105},"20":{"name":"(anonymous_20)","decl":{"start":{"line":120,"column":30},"end":{"line":120,"column":31}},"loc":{"start":{"line":120,"column":36},"end":{"line":146,"column":6}},"line":120},"21":{"name":"(anonymous_21)","decl":{"start":{"line":120,"column":70},"end":{"line":120,"column":71}},"loc":{"start":{"line":120,"column":83},"end":{"line":146,"column":5}},"line":120},"22":{"name":"(anonymous_22)","decl":{"start":{"line":135,"column":72},"end":{"line":135,"column":73}},"loc":{"start":{"line":135,"column":78},"end":{"line":135,"column":81}},"line":135}},"branchMap":{"0":{"loc":{"start":{"line":2,"column":16},"end":{"line":10,"column":1}},"type":"binary-expr","locations":[{"start":{"line":2,"column":17},"end":{"line":2,"column":21}},{"start":{"line":2,"column":25},"end":{"line":2,"column":39}},{"start":{"line":2,"column":44},"end":{"line":10,"column":1}}],"line":2},"1":{"loc":{"start":{"line":3,"column":35},"end":{"line":3,"column":109}},"type":"cond-expr","locations":[{"start":{"line":3,"column":56},"end":{"line":3,"column":61}},{"start":{"line":3,"column":64},"end":{"line":3,"column":109}}],"line":3},"2":{"loc":{"start":{"line":4,"column":16},"end":{"line":4,"column":34}},"type":"binary-expr","locations":[{"start":{"line":4,"column":16},"end":{"line":4,"column":17}},{"start":{"line":4,"column":22},"end":{"line":4,"column":33}}],"line":4},"3":{"loc":{"start":{"line":7,"column":32},"end":{"line":7,"column":115}},"type":"cond-expr","locations":[{"start":{"line":7,"column":46},"end":{"line":7,"column":67}},{"start":{"line":7,"column":70},"end":{"line":7,"column":115}}],"line":7},"4":{"loc":{"start":{"line":8,"column":51},"end":{"line":8,"column":67}},"type":"binary-expr","locations":[{"start":{"line":8,"column":51},"end":{"line":8,"column":61}},{"start":{"line":8,"column":65},"end":{"line":8,"column":67}}],"line":8}},"s":{"0":1,"1":10,"2":0,"3":5,"4":10,"5":10,"6":0,"7":0,"8":0,"9":0,"10":15,"11":5,"12":1,"13":1,"14":1,"15":1,"16":1,"17":1,"18":5,"19":1,"20":1,"21":1,"22":1,"23":1,"24":1,"25":1,"26":1,"27":1,"28":1,"29":1,"30":1,"31":1,"32":1,"33":1,"34":1,"35":1,"36":1,"37":1,"38":1,"39":1,"40":1,"41":1,"42":1,"43":1,"44":1,"45":1,"46":1,"47":1,"48":1,"49":1,"50":1,"51":1,"52":1,"53":1,"54":1,"55":1,"56":1,"57":1,"58":1,"59":1,"60":1,"61":1,"62":1,"63":1,"64":1,"65":1,"66":1,"67":1,"68":1,"69":1,"70":1,"71":1,"72":1,"73":1,"74":1,"75":1,"76":1,"77":1,"78":1},"f":{"0":5,"1":10,"2":0,"3":5,"4":10,"5":0,"6":15,"7":5,"8":1,"9":1,"10":1,"11":1,"12":1,"13":0,"14":1,"15":1,"16":0,"17":1,"18":1,"19":0,"20":1,"21":1,"22":0},"b":{"0":[1,1,1],"1":[10,0],"2":[5,5],"3":[5,10],"4":[5,5]},"inputSourceMap":{"version":3,"file":"/home/veenayak/webdev/zemoso-training/node/models/UserModel.test.ts","sources":["/home/veenayak/webdev/zemoso-training/node/models/UserModel.test.ts"],"names":[],"mappings":";;;;;;;;;;;AAAA,+BAA8B;AAC9B,iCAA6B;AAC7B,mDAAiH;AAEjH,MAAM,IAAI,GAAG,qBAAS,CAAC;AAEvB,MAAM,IAAI,GAAG,CAAC,IAAS,EAAE,EAAE;IACvB,OAAO,IAAI,CAAC;AAChB,CAAC,CAAA;AAED,QAAQ,CAAC,kBAAkB,EAAE,GAAG,EAAE;IAC9B,EAAE,CAAC,YAAY,EAAE,GAAS,EAAE;QAExB,IAAI,IAAI,GAAQ,IAAA,YAAI,EAAC,IAAI,EAAE,MAAM,CAAC,CAAC;QAEnC,IAAI,CAAC,OAAO,CAAC;YACT,KAAK,EAAE,OAAO;YACd,QAAQ,EAAE,KAAK;SAClB,CAAC,CAAC;QAEH,MAAM,MAAM,GAAQ,MAAM,IAAA,qBAAS,GAAE,CAAC;QAEtC,IAAA,aAAM,EAAC,MAAM,CAAC,KAAK,CAAC,CAAC,EAAE,CAAC,KAAK,CAAC,OAAO,CAAC,CAAC;QACvC,IAAA,aAAM,EAAC,MAAM,CAAC,QAAQ,CAAC,CAAC,EAAE,CAAC,KAAK,CAAC,KAAK,CAAC,CAAC;QAExC,IAAI,CAAC,OAAO,EAAE,CAAC;IAEnB,CAAC,CAAA,CAAC,CAAC;IAEH,EAAE,CAAC,aAAa,EAAE,GAAS,EAAE;QAEzB,IAAI,IAAI,GAAQ,IAAA,YAAI,EAAC,IAAI,CAAC,SAAS,EAAE,MAAM,CAAC,CAAC;QAE7C,IAAI,CAAC,OAAO,CAAC;YACT,KAAK,EAAE,gBAAgB;YACvB,QAAQ,EAAE,KAAK;SAClB,CAAC,CAAC;QAEH,MAAM,GAAG,GAAG;YACR,IAAI,EAAE;gBACF,KAAK,EAAE,gBAAgB;gBACvB,QAAQ,EAAE,KAAK;aAClB;SACJ,CAAA;QACD,MAAM,MAAM,GAAQ,MAAM,IAAA,sBAAU,EAAC,GAAG,EAAE,EAAE,EAAE,GAAG,EAAE,GAAG,CAAC,CAAC,CAAC;QACzD,IAAA,aAAM,EAAC,MAAM,CAAC,KAAK,CAAC,CAAC,EAAE,CAAC,KAAK,CAAC,GAAG,CAAC,IAAI,CAAC,KAAK,CAAC,CAAC;QAC9C,IAAA,aAAM,EAAC,MAAM,CAAC,QAAQ,CAAC,CAAC,EAAE,CAAC,KAAK,CAAC,GAAG,CAAC,IAAI,CAAC,QAAQ,CAAC,CAAC;QAEpD,IAAI,CAAC,OAAO,CAAC;YACT,MAAM,EAAE;gBACJ,QAAQ,EAAE,EAAE;aACf;YACD,KAAK,EAAE,CAAC;SAEX,CAAC,CAAC;QAEH,MAAM,WAAW,GAAQ,MAAM,IAAA,sBAAU,EAAC,GAAG,EAAE,EAAE,EAAE,IAAI,CAAC,CAAC;QACzD,IAAA,aAAM,EAAC,WAAW,CAAC,OAAO,CAAC,CAAC,EAAE,CAAC,KAAK,CAAC,qBAAqB,CAAC,CAAC;QAE5D,IAAI,CAAC,OAAO,CAAC;YACT,MAAM,EAAE;gBACJ,QAAQ,EAAE,EAAE;aACf;SACJ,CAAC,CAAC;QAEH,MAAM,YAAY,GAAQ,MAAM,IAAA,sBAAU,EAAC,GAAG,EAAE,EAAE,EAAE,IAAI,CAAC,CAAC;QAC1D,IAAA,aAAM,EAAC,YAAY,CAAC,OAAO,CAAC,CAAC,EAAE,CAAC,KAAK,CAAC,8CAA8C,CAAC,CAAC;QAEtF,IAAI,CAAC,OAAO,EAAE,CAAC;IAEnB,CAAC,CAAA,CAAC,CAAC;IAEH,EAAE,CAAC,aAAa,EAAE,GAAS,EAAE;QAEzB,IAAI,IAAI,GAAQ,IAAA,YAAI,EAAC,IAAI,EAAE,WAAW,CAAC,CAAC;QAExC,IAAI,CAAC,OAAO,CAAC;YACT,KAAK,EAAE,gBAAgB;YACvB,QAAQ,EAAE,KAAK;SAClB,CAAC,CAAC;QAEH,MAAM,GAAG,GAAG;YACR,IAAI,EAAE;gBACF,KAAK,EAAE,gBAAgB;gBACvB,QAAQ,EAAE,KAAK;aAClB;YACD,MAAM,EAAE;gBACJ,GAAG,EAAE,gBAAgB;aACxB;SACJ,CAAA;QACD,MAAM,MAAM,GAAQ,MAAM,IAAA,sBAAU,EAAC,GAAG,EAAE,EAAE,EAAE,GAAG,EAAE,GAAG,CAAC,CAAC,CAAC;QACzD,IAAA,aAAM,EAAC,MAAM,CAAC,KAAK,CAAC,CAAC,EAAE,CAAC,KAAK,CAAC,GAAG,CAAC,IAAI,CAAC,KAAK,CAAC,CAAC;QAC9C,IAAA,aAAM,EAAC,MAAM,CAAC,QAAQ,CAAC,CAAC,EAAE,CAAC,KAAK,CAAC,GAAG,CAAC,IAAI,CAAC,QAAQ,CAAC,CAAC;QAEpD,IAAI,CAAC,OAAO,CAAC;YACT,MAAM,EAAE;gBACJ,QAAQ,EAAE,EAAE;aACf;SACJ,CAAC,CAAC;QAEH,MAAM,WAAW,GAAQ,MAAM,IAAA,sBAAU,EAAC,GAAG,EAAE,EAAE,EAAE,IAAI,CAAC,CAAC;QACzD,IAAA,aAAM,EAAC,WAAW,CAAC,OAAO,CAAC,CAAC,EAAE,CAAC,KAAK,CAAC,sBAAsB,CAAC,CAAC;QAE7D,IAAI,CAAC,OAAO,EAAE,CAAC;IAEnB,CAAC,CAAA,CAAC,CAAC;IAEH,EAAE,CAAC,aAAa,EAAE,GAAS,EAAE;QAEzB,IAAI,IAAI,GAAQ,IAAA,YAAI,EAAC,IAAI,EAAE,WAAW,CAAC,CAAC;QAExC,IAAI,CAAC,OAAO,CAAC;YACT,KAAK,EAAE,gBAAgB;YACvB,QAAQ,EAAE,KAAK;SAClB,CAAC,CAAC;QAEH,MAAM,GAAG,GAAG;YACR,IAAI,EAAE;gBACF,KAAK,EAAE,gBAAgB;gBACvB,QAAQ,EAAE,KAAK;aAClB;YACD,MAAM,EAAE;gBACJ,GAAG,EAAE,gBAAgB;aACxB;SACJ,CAAA;QACD,MAAM,MAAM,GAAQ,MAAM,IAAA,sBAAU,EAAC,GAAG,EAAE,EAAE,EAAE,GAAG,EAAE,GAAG,CAAC,CAAC,CAAC;QACzD,IAAA,aAAM,EAAC,MAAM,CAAC,KAAK,CAAC,CAAC,EAAE,CAAC,KAAK,CAAC,GAAG,CAAC,IAAI,CAAC,KAAK,CAAC,CAAC;QAC9C,IAAA,aAAM,EAAC,MAAM,CAAC,QAAQ,CAAC,CAAC,EAAE,CAAC,KAAK,CAAC,GAAG,CAAC,IAAI,CAAC,QAAQ,CAAC,CAAC;QAEpD,IAAI,CAAC,OAAO,CAAC;YACT,MAAM,EAAE;gBACJ,QAAQ,EAAE,EAAE;aACf;YACD,MAAM,EAAE;gBACJ,GAAG,EAAE,gBAAgB;aACxB;SACJ,CAAC,CAAC;QAEH,MAAM,WAAW,GAAQ,MAAM,IAAA,sBAAU,EAAC,GAAG,EAAE,EAAE,EAAE,IAAI,CAAC,CAAC;QACzD,IAAA,aAAM,EAAC,WAAW,CAAC,OAAO,CAAC,CAAC,EAAE,CAAC,KAAK,CAAC,sBAAsB,CAAC,CAAC;QAE7D,IAAI,CAAC,OAAO,EAAE,CAAC;IAEnB,CAAC,CAAA,CAAC,CAAC;IAEH,EAAE,CAAC,qBAAqB,EAAE,GAAS,EAAE;QAEjC,IAAI,IAAI,GAAQ,IAAA,YAAI,EAAC,IAAI,EAAE,SAAS,CAAC,CAAC;QAEtC,IAAI,CAAC,OAAO,CAAC;YACT,KAAK,EAAE,gBAAgB;YACvB,QAAQ,EAAE,KAAK;SAClB,CAAC,CAAC;QAEH,MAAM,GAAG,GAAG;YACR,IAAI,EAAE;gBACF,KAAK,EAAE,gBAAgB;gBACvB,QAAQ,EAAE,KAAK;aAClB;YACD,MAAM,EAAE;gBACJ,GAAG,EAAE,gBAAgB;aACxB;SACJ,CAAA;QACD,MAAM,MAAM,GAAQ,MAAM,IAAA,4BAAgB,EAAC,GAAG,EAAE,EAAE,EAAE,GAAG,EAAE,GAAG,CAAC,CAAC,CAAC;QAC/D,IAAA,aAAM,EAAC,MAAM,CAAC,KAAK,CAAC,CAAC,EAAE,CAAC,KAAK,CAAC,GAAG,CAAC,IAAI,CAAC,KAAK,CAAC,CAAC;QAC9C,IAAA,aAAM,EAAC,MAAM,CAAC,QAAQ,CAAC,CAAC,EAAE,CAAC,KAAK,CAAC,GAAG,CAAC,IAAI,CAAC,QAAQ,CAAC,CAAC;QAEpD,IAAI,CAAC,OAAO,CAAC;YACT,MAAM,EAAE;gBACJ,QAAQ,EAAE,EAAE;aACf;SACJ,CAAC,CAAC;QAGH,MAAM,WAAW,GAAQ,MAAM,IAAA,4BAAgB,EAAC,GAAG,EAAE,EAAE,EAAE,IAAI,CAAC,CAAC;QAC/D,IAAA,aAAM,EAAC,WAAW,CAAC,OAAO,CAAC,CAAC,EAAE,CAAC,KAAK,CAAC,qBAAqB,CAAC,CAAC;QAE5D,IAAI,CAAC,OAAO,EAAE,CAAC;IAEnB,CAAC,CAAA,CAAC,CAAC;AAEP,CAAC,CAAC,CAAC","sourcesContent":["import { expect } from 'chai';\nimport { stub } from 'sinon';\nimport { fetchUser, fetchUserByEmail, insertUser, updateUser, deleteUser, userModel } from '../models/UserModel';\n\nconst User = userModel;\n\nconst next = (data: any) => { \n    return data;\n}\n\ndescribe('User Model Tests', () => {\n    it('Fetch User', async () => {\n    \n        let mock: any = stub(User, 'find');\n        \n        mock.returns({\n            email: 'email',\n            password: 'pwd'\n        });\n    \n        const result: any = await fetchUser();\n    \n        expect(result.email).to.equal('email');\n        expect(result.password).to.equal('pwd');\n\n        mock.restore();\n\n    });\n\n    it('Insert User', async () => {\n    \n        let mock: any = stub(User.prototype, 'save');\n\n        mock.returns({\n            email: 'test@gmail.com',\n            password: 'pwd'\n        });\n        \n        const req = {\n            body: {\n                email: 'test@gmail.com',\n                password: 'pwd'\n            }\n        }\n        const result: any = await insertUser(req, {}, () => { });\n        expect(result.email).to.equal(req.body.email);\n        expect(result.password).to.equal(req.body.password);\n\n        mock.returns({\n            errors: {\n                messsage: '',\n            },\n            index: 0\n\n        });\n\n        const errorResult: any = await insertUser(req, {}, next);\n        expect(errorResult.message).to.equal('User already exists');\n\n        mock.returns({\n            errors: {\n                messsage: '',\n            }\n        });\n\n        const errorResult2: any = await insertUser(req, {}, next);\n        expect(errorResult2.message).to.equal('There is some issue in creating this account');\n\n        mock.restore();\n        \n    });\n\n    it('Update User', async () => {\n    \n        let mock: any = stub(User, 'updateOne');\n\n        mock.returns({\n            email: 'test@gmail.com',\n            password: 'pwd'\n        });\n        \n        const req = {\n            body: {\n                email: 'test@gmail.com',\n                password: 'pwd'\n            },\n            params: {\n                key: 'test@gmail.com'\n            }\n        }\n        const result: any = await updateUser(req, {}, () => { });\n        expect(result.email).to.equal(req.body.email);\n        expect(result.password).to.equal(req.body.password);\n\n        mock.returns({\n            errors: {\n                messsage: '',\n            }\n        });\n\n        const errorResult: any = await updateUser(req, {}, next);\n        expect(errorResult.message).to.equal('Can not update data.');\n\n        mock.restore();\n        \n    });\n\n    it('Delete User', async () => {\n    \n        let mock: any = stub(User, 'deleteOne');\n\n        mock.returns({\n            email: 'test@gmail.com',\n            password: 'pwd'\n        });\n        \n        const req = {\n            body: {\n                email: 'test@gmail.com',\n                password: 'pwd'\n            },\n            params: {\n                key: 'test@gmail.com'\n            }\n        }\n        const result: any = await deleteUser(req, {}, () => { });\n        expect(result.email).to.equal(req.body.email);\n        expect(result.password).to.equal(req.body.password);\n\n        mock.returns({\n            errors: {\n                messsage: '',\n            },\n            params: {\n                key: 'test@gmail.com'\n            }\n        });\n\n        const errorResult: any = await deleteUser(req, {}, next);\n        expect(errorResult.message).to.equal('Can not delete data.');\n\n        mock.restore();\n        \n    });\n\n    it('Fetch User By Email', async () => {\n    \n        let mock: any = stub(User, 'findOne');\n\n        mock.returns({\n            email: 'test@gmail.com',\n            password: 'pwd'\n        });\n        \n        const req = {\n            body: {\n                email: 'test@gmail.com',\n                password: 'pwd'\n            },\n            params: {\n                key: 'test@gmail.com'\n            }\n        }\n        const result: any = await fetchUserByEmail(req, {}, () => { });\n        expect(result.email).to.equal(req.body.email);\n        expect(result.password).to.equal(req.body.password);\n\n        mock.returns({\n            errors: {\n                messsage: '',\n            }\n        });\n\n \n        const errorResult: any = await fetchUserByEmail(req, {}, next);\n        expect(errorResult.message).to.equal('Can not fetch data.');\n\n        mock.restore();\n        \n    });\n\n});\n\n\n"]},"_coverageSchema":"1a1c01bbd47fc00a2c39e90264f33305004495a9","hash":"c8e1de43bcb65bf1b29603ed910f32c718fef246","contentHash":"316b632e17b49085f76bc2a9deddd40c8aa9d35054a8d99e04a3ae92631ae938"}}