TN:
SF:app.ts
FN:30,(anonymous_7)
FN:37,(anonymous_8)
FN:41,(anonymous_9)
FNF:3
FNH:0
FNDA:0,(anonymous_7)
FNDA:0,(anonymous_8)
FNDA:0,(anonymous_9)
DA:1,0
DA:2,0
DA:3,0
DA:4,0
DA:5,0
DA:6,0
DA:7,0
DA:11,0
DA:13,0
DA:14,0
DA:16,0
DA:17,0
DA:22,0
DA:24,0
DA:26,0
DA:31,0
DA:35,0
DA:37,0
DA:38,0
DA:41,0
DA:42,0
LF:21
LH:0
BRDA:35,0,0,0
BRDA:35,0,1,0
BRF:2
BRH:0
end_of_record
TN:
SF:config.ts
FNF:0
FNH:0
DA:1,0
DA:12,0
LF:2
LH:0
BRF:0
BRH:0
end_of_record
TN:
SF:database.ts
FN:10,(anonymous_1)
FN:14,(anonymous_2)
FNF:2
FNH:0
FNDA:0,(anonymous_1)
FNDA:0,(anonymous_2)
DA:1,0
DA:2,0
DA:4,0
DA:6,0
DA:8,0
DA:10,0
DA:11,0
DA:14,0
DA:15,0
DA:18,0
DA:20,0
LF:11
LH:0
BRF:0
BRH:0
end_of_record
TN:
SF:controllers/UserController.ts
FN:5,(anonymous_6)
FN:7,(anonymous_7)
FN:12,(anonymous_8)
FN:14,(anonymous_9)
FN:19,(anonymous_10)
FN:21,(anonymous_11)
FN:26,(anonymous_12)
FN:28,(anonymous_13)
FN:33,(anonymous_14)
FN:35,(anonymous_15)
FNF:10
FNH:0
FNDA:0,(anonymous_6)
FNDA:0,(anonymous_7)
FNDA:0,(anonymous_8)
FNDA:0,(anonymous_9)
FNDA:0,(anonymous_10)
FNDA:0,(anonymous_11)
FNDA:0,(anonymous_12)
FNDA:0,(anonymous_13)
FNDA:0,(anonymous_14)
FNDA:0,(anonymous_15)
DA:1,0
DA:5,0
DA:6,0
DA:8,0
DA:12,0
DA:13,0
DA:15,0
DA:19,0
DA:20,0
DA:22,0
DA:26,0
DA:27,0
DA:29,0
DA:33,0
DA:34,0
DA:36,0
LF:16
LH:0
BRF:0
BRH:0
end_of_record
TN:
SF:graphql/userResolver.test.ts
FN:7,(anonymous_13)
FN:7,(anonymous_14)
FNF:2
FNH:2
FNDA:1,(anonymous_13)
FNDA:1,(anonymous_14)
DA:1,1
DA:2,1
DA:3,1
DA:4,1
DA:5,1
DA:7,1
DA:9,1
DA:10,1
DA:15,1
DA:17,1
DA:18,1
LF:11
LH:11
BRF:0
BRH:0
end_of_record
TN:
SF:graphql/userResolver.ts
FN:15,(anonymous_14)
FN:15,(anonymous_15)
FN:20,(anonymous_16)
FN:20,(anonymous_17)
FN:29,(anonymous_18)
FN:34,(anonymous_19)
FN:45,(anonymous_20)
FN:45,(anonymous_21)
FN:54,(anonymous_22)
FN:59,(anonymous_23)
FN:74,(anonymous_24)
FN:82,(anonymous_25)
FN:93,(anonymous_26)
FN:101,(anonymous_27)
FN:105,(anonymous_28)
FNF:15
FNH:2
FNDA:1,(anonymous_14)
FNDA:1,(anonymous_15)
FNDA:0,(anonymous_16)
FNDA:0,(anonymous_17)
FNDA:0,(anonymous_18)
FNDA:0,(anonymous_19)
FNDA:0,(anonymous_20)
FNDA:0,(anonymous_21)
FNDA:0,(anonymous_22)
FNDA:0,(anonymous_23)
FNDA:0,(anonymous_24)
FNDA:0,(anonymous_25)
FNDA:0,(anonymous_26)
FNDA:0,(anonymous_27)
FNDA:0,(anonymous_28)
DA:1,1
DA:2,1
DA:3,1
DA:4,1
DA:6,1
DA:15,1
DA:16,1
DA:17,1
DA:20,1
DA:22,0
DA:24,0
DA:25,0
DA:28,0
DA:30,0
DA:31,0
DA:33,0
DA:35,0
DA:36,0
DA:37,0
DA:41,0
DA:45,1
DA:47,0
DA:49,0
DA:50,0
DA:53,0
DA:55,0
DA:56,0
DA:58,0
DA:60,0
DA:61,0
DA:63,0
DA:70,0
DA:74,1
DA:75,0
DA:76,0
DA:82,1
DA:83,0
DA:93,1
DA:94,0
DA:95,0
DA:96,0
DA:98,0
DA:101,1
DA:102,0
DA:105,1
DA:106,0
LF:46
LH:15
BRDA:24,0,0,0
BRDA:24,0,1,0
BRDA:30,1,0,0
BRDA:30,1,1,0
BRDA:49,2,0,0
BRDA:49,2,1,0
BRDA:55,3,0,0
BRDA:55,3,1,0
BRDA:60,4,0,0
BRDA:60,4,1,0
BRDA:95,5,0,0
BRDA:95,5,1,0
BRF:12
BRH:0
end_of_record
TN:
SF:graphql/userSchema.ts
FNF:0
FNH:0
DA:1,0
DA:3,0
LF:2
LH:0
BRF:0
BRH:0
end_of_record
TN:
SF:models/UserModel.ts
FN:35,(anonymous_0)
FN:40,(anonymous_1)
FN:41,(anonymous_2)
FN:55,(anonymous_3)
FN:57,(anonymous_4)
FN:58,(anonymous_5)
FN:62,(anonymous_6)
FN:64,(anonymous_7)
FN:65,(anonymous_8)
FN:71,(anonymous_9)
FN:76,(anonymous_10)
FN:77,(anonymous_11)
FN:83,(anonymous_12)
FN:85,(anonymous_13)
FN:86,(anonymous_14)
FNF:15
FNH:0
FNDA:0,(anonymous_0)
FNDA:0,(anonymous_1)
FNDA:0,(anonymous_2)
FNDA:0,(anonymous_3)
FNDA:0,(anonymous_4)
FNDA:0,(anonymous_5)
FNDA:0,(anonymous_6)
FNDA:0,(anonymous_7)
FNDA:0,(anonymous_8)
FNDA:0,(anonymous_9)
FNDA:0,(anonymous_10)
FNDA:0,(anonymous_11)
FNDA:0,(anonymous_12)
FNDA:0,(anonymous_13)
FNDA:0,(anonymous_14)
DA:2,1
DA:11,1
DA:33,1
DA:35,1
DA:36,0
DA:37,0
DA:39,0
DA:40,0
DA:42,0
DA:43,0
DA:45,0
DA:46,0
DA:48,0
DA:51,0
DA:55,1
DA:56,0
DA:57,0
DA:58,0
DA:59,0
DA:62,1
DA:63,0
DA:64,0
DA:66,0
DA:68,0
DA:71,1
DA:72,0
DA:73,0
DA:75,0
DA:76,0
DA:78,0
DA:80,0
DA:83,1
DA:84,0
DA:85,0
DA:87,0
DA:89,0
LF:36
LH:8
BRDA:45,0,0,0
BRDA:45,0,1,0
BRF:2
BRH:0
end_of_record
TN:
SF:routes/UserRoutes.ts
FNF:0
FNH:0
DA:1,0
DA:2,0
DA:4,0
DA:6,0
DA:7,0
DA:8,0
DA:9,0
DA:10,0
DA:12,0
LF:9
LH:0
BRF:0
BRH:0
end_of_record
