TN:
SF:app.ts
FN:30,(anonymous_7)
FN:37,(anonymous_8)
FN:41,(anonymous_9)
FNF:3
FNH:0
FNDA:0,(anonymous_7)
FNDA:0,(anonymous_8)
FNDA:0,(anonymous_9)
DA:1,0
DA:2,0
DA:3,0
DA:4,0
DA:5,0
DA:6,0
DA:7,0
DA:11,0
DA:13,0
DA:14,0
DA:16,0
DA:17,0
DA:22,0
DA:24,0
DA:26,0
DA:31,0
DA:35,0
DA:37,0
DA:38,0
DA:41,0
DA:42,0
LF:21
LH:0
BRDA:35,0,0,0
BRDA:35,0,1,0
BRF:2
BRH:0
end_of_record
TN:
SF:config.ts
FNF:0
FNH:0
DA:1,0
DA:12,0
LF:2
LH:0
BRF:0
BRH:0
end_of_record
TN:
SF:database.ts
FN:10,(anonymous_1)
FN:14,(anonymous_2)
FNF:2
FNH:0
FNDA:0,(anonymous_1)
FNDA:0,(anonymous_2)
DA:1,0
DA:2,0
DA:4,0
DA:6,0
DA:8,0
DA:10,0
DA:11,0
DA:14,0
DA:15,0
DA:18,0
DA:20,0
LF:11
LH:0
BRF:0
BRH:0
end_of_record
TN:
SF:controllers/UserController.test.ts
FN:8,(anonymous_13)
FN:9,(anonymous_14)
FN:9,(anonymous_15)
FN:11,(anonymous_16)
FN:24,(anonymous_17)
FN:33,(anonymous_18)
FN:33,(anonymous_19)
FN:35,(anonymous_20)
FN:48,(anonymous_21)
FN:57,(anonymous_22)
FN:57,(anonymous_23)
FN:59,(anonymous_24)
FN:72,(anonymous_25)
FN:81,(anonymous_26)
FN:81,(anonymous_27)
FN:83,(anonymous_28)
FN:96,(anonymous_29)
FN:105,(anonymous_30)
FN:105,(anonymous_31)
FN:107,(anonymous_32)
FN:120,(anonymous_33)
FNF:21
FNH:16
FNDA:1,(anonymous_13)
FNDA:1,(anonymous_14)
FNDA:1,(anonymous_15)
FNDA:1,(anonymous_16)
FNDA:0,(anonymous_17)
FNDA:1,(anonymous_18)
FNDA:1,(anonymous_19)
FNDA:1,(anonymous_20)
FNDA:0,(anonymous_21)
FNDA:1,(anonymous_22)
FNDA:1,(anonymous_23)
FNDA:1,(anonymous_24)
FNDA:0,(anonymous_25)
FNDA:1,(anonymous_26)
FNDA:1,(anonymous_27)
FNDA:1,(anonymous_28)
FNDA:0,(anonymous_29)
FNDA:1,(anonymous_30)
FNDA:1,(anonymous_31)
FNDA:1,(anonymous_32)
FNDA:0,(anonymous_33)
DA:1,1
DA:2,1
DA:3,1
DA:4,1
DA:6,1
DA:8,1
DA:9,1
DA:10,1
DA:12,1
DA:16,1
DA:17,1
DA:19,1
DA:24,1
DA:26,1
DA:27,1
DA:29,1
DA:33,1
DA:34,1
DA:36,1
DA:40,1
DA:41,1
DA:43,1
DA:48,1
DA:50,1
DA:51,1
DA:53,1
DA:57,1
DA:58,1
DA:60,1
DA:64,1
DA:65,1
DA:67,1
DA:72,1
DA:74,1
DA:75,1
DA:77,1
DA:81,1
DA:82,1
DA:84,1
DA:88,1
DA:89,1
DA:91,1
DA:96,1
DA:98,1
DA:99,1
DA:101,1
DA:105,1
DA:106,1
DA:108,1
DA:112,1
DA:113,1
DA:115,1
DA:120,1
DA:122,1
DA:123,1
DA:125,1
LF:56
LH:56
BRF:0
BRH:0
end_of_record
TN:
SF:controllers/UserController.ts
FN:3,(anonymous_13)
FN:3,(anonymous_14)
FN:7,(anonymous_15)
FN:7,(anonymous_16)
FN:12,(anonymous_17)
FN:12,(anonymous_18)
FN:17,(anonymous_19)
FN:17,(anonymous_20)
FN:22,(anonymous_21)
FN:22,(anonymous_22)
FNF:10
FNH:10
FNDA:1,(anonymous_13)
FNDA:1,(anonymous_14)
FNDA:1,(anonymous_15)
FNDA:1,(anonymous_16)
FNDA:1,(anonymous_17)
FNDA:1,(anonymous_18)
FNDA:1,(anonymous_19)
FNDA:1,(anonymous_20)
FNDA:1,(anonymous_21)
FNDA:1,(anonymous_22)
DA:1,1
DA:3,1
DA:4,1
DA:7,1
DA:8,1
DA:12,1
DA:13,1
DA:17,1
DA:18,1
DA:22,1
DA:23,1
LF:11
LH:11
BRF:0
BRH:0
end_of_record
TN:
SF:graphql/userResolver.test.ts
FN:9,(anonymous_13)
FN:10,(anonymous_14)
FN:10,(anonymous_15)
FN:27,(anonymous_16)
FN:27,(anonymous_17)
FN:55,(anonymous_18)
FN:61,(anonymous_19)
FN:77,(anonymous_20)
FN:77,(anonymous_21)
FN:97,(anonymous_22)
FN:102,(anonymous_23)
FN:118,(anonymous_24)
FN:132,(anonymous_25)
FN:132,(anonymous_26)
FNF:14
FNH:14
FNDA:1,(anonymous_13)
FNDA:1,(anonymous_14)
FNDA:1,(anonymous_15)
FNDA:1,(anonymous_16)
FNDA:1,(anonymous_17)
FNDA:1,(anonymous_18)
FNDA:1,(anonymous_19)
FNDA:1,(anonymous_20)
FNDA:1,(anonymous_21)
FNDA:1,(anonymous_22)
FNDA:1,(anonymous_23)
FNDA:1,(anonymous_24)
FNDA:1,(anonymous_25)
FNDA:1,(anonymous_26)
DA:1,1
DA:2,1
DA:3,1
DA:4,1
DA:6,1
DA:9,1
DA:10,1
DA:12,1
DA:13,1
DA:18,1
DA:20,1
DA:21,1
DA:23,1
DA:27,1
DA:29,1
DA:30,1
DA:32,1
DA:34,1
DA:39,1
DA:44,1
DA:49,1
DA:54,1
DA:56,1
DA:60,1
DA:62,1
DA:65,1
DA:67,1
DA:69,1
DA:70,1
DA:72,1
DA:73,1
DA:77,1
DA:79,1
DA:81,1
DA:83,1
DA:84,1
DA:86,1
DA:91,1
DA:96,1
DA:98,1
DA:101,1
DA:103,1
DA:106,1
DA:111,1
DA:117,1
DA:119,1
DA:122,1
DA:123,1
DA:125,1
DA:126,1
DA:128,1
DA:132,1
DA:133,1
DA:135,1
DA:140,1
DA:145,1
DA:146,1
DA:148,1
DA:149,1
LF:59
LH:59
BRF:0
BRH:0
end_of_record
TN:
SF:graphql/userResolver.ts
FN:15,(anonymous_14)
FN:15,(anonymous_15)
FN:19,(anonymous_16)
FN:19,(anonymous_17)
FN:39,(anonymous_18)
FN:39,(anonymous_19)
FN:65,(anonymous_20)
FN:73,(anonymous_21)
FN:84,(anonymous_22)
FN:92,(anonymous_23)
FN:96,(anonymous_24)
FNF:11
FNH:11
FNDA:1,(anonymous_14)
FNDA:1,(anonymous_15)
FNDA:3,(anonymous_16)
FNDA:3,(anonymous_17)
FNDA:4,(anonymous_18)
FNDA:4,(anonymous_19)
FNDA:2,(anonymous_20)
FNDA:3,(anonymous_21)
FNDA:2,(anonymous_22)
FNDA:2,(anonymous_23)
FNDA:2,(anonymous_24)
DA:1,1
DA:2,1
DA:3,1
DA:4,1
DA:6,1
DA:15,1
DA:16,1
DA:19,3
DA:21,3
DA:23,3
DA:24,1
DA:27,2
DA:29,2
DA:30,1
DA:32,1
DA:33,1
DA:35,1
DA:39,4
DA:41,4
DA:43,4
DA:44,1
DA:47,3
DA:49,3
DA:50,1
DA:52,2
DA:54,2
DA:55,1
DA:57,1
DA:65,1
DA:66,2
DA:67,2
DA:73,1
DA:74,3
DA:84,1
DA:85,2
DA:86,2
DA:87,1
DA:89,1
DA:92,1
DA:93,2
DA:96,1
DA:97,2
LF:42
LH:42
BRDA:23,0,0,1
BRDA:23,0,1,2
BRDA:29,1,0,1
BRDA:29,1,1,1
BRDA:43,2,0,1
BRDA:43,2,1,3
BRDA:49,3,0,1
BRDA:49,3,1,2
BRDA:54,4,0,1
BRDA:54,4,1,1
BRDA:86,5,0,1
BRDA:86,5,1,1
BRF:12
BRH:12
end_of_record
TN:
SF:graphql/userSchema.ts
FNF:0
FNH:0
DA:1,0
DA:3,0
LF:2
LH:0
BRF:0
BRH:0
end_of_record
TN:
SF:models/UserModel.test.ts
FN:7,(anonymous_7)
FN:8,(anonymous_8)
FN:8,(anonymous_9)
FN:26,(anonymous_10)
FN:26,(anonymous_11)
FN:42,(anonymous_12)
FN:51,(anonymous_13)
FN:51,(anonymous_14)
FN:70,(anonymous_15)
FN:79,(anonymous_16)
FN:79,(anonymous_17)
FN:94,(anonymous_18)
FN:103,(anonymous_19)
FN:103,(anonymous_20)
FN:118,(anonymous_21)
FNF:15
FNH:11
FNDA:1,(anonymous_7)
FNDA:1,(anonymous_8)
FNDA:1,(anonymous_9)
FNDA:1,(anonymous_10)
FNDA:1,(anonymous_11)
FNDA:0,(anonymous_12)
FNDA:1,(anonymous_13)
FNDA:1,(anonymous_14)
FNDA:0,(anonymous_15)
FNDA:1,(anonymous_16)
FNDA:1,(anonymous_17)
FNDA:0,(anonymous_18)
FNDA:1,(anonymous_19)
FNDA:1,(anonymous_20)
FNDA:0,(anonymous_21)
DA:1,1
DA:2,1
DA:3,1
DA:5,1
DA:7,1
DA:8,1
DA:10,1
DA:12,1
DA:17,1
DA:19,1
DA:20,1
DA:22,1
DA:26,1
DA:28,1
DA:30,1
DA:35,1
DA:42,1
DA:44,1
DA:45,1
DA:47,1
DA:51,1
DA:53,1
DA:55,1
DA:60,1
DA:70,1
DA:72,1
DA:73,1
DA:75,1
DA:79,1
DA:81,1
DA:83,1
DA:88,1
DA:94,1
DA:96,1
DA:97,1
DA:99,1
DA:103,1
DA:105,1
DA:107,1
DA:112,1
DA:118,1
DA:120,1
DA:121,1
DA:123,1
LF:44
LH:44
BRF:0
BRH:0
end_of_record
TN:
SF:models/UserModel.ts
FN:34,(anonymous_7)
FN:34,(anonymous_8)
FN:38,(anonymous_9)
FN:52,(anonymous_10)
FN:52,(anonymous_11)
FN:56,(anonymous_12)
FN:57,(anonymous_13)
FN:65,(anonymous_14)
FN:69,(anonymous_15)
FN:77,(anonymous_16)
FN:78,(anonymous_17)
FNF:11
FNH:7
FNDA:1,(anonymous_7)
FNDA:1,(anonymous_8)
FNDA:0,(anonymous_9)
FNDA:1,(anonymous_10)
FNDA:1,(anonymous_11)
FNDA:1,(anonymous_12)
FNDA:0,(anonymous_13)
FNDA:1,(anonymous_14)
FNDA:0,(anonymous_15)
FNDA:1,(anonymous_16)
FNDA:0,(anonymous_17)
DA:1,1
DA:10,1
DA:32,1
DA:34,1
DA:35,1
DA:36,1
DA:38,1
DA:39,0
DA:40,0
DA:41,0
DA:43,0
DA:44,0
DA:46,0
DA:48,0
DA:52,1
DA:53,1
DA:56,1
DA:57,1
DA:58,0
DA:59,0
DA:61,0
DA:65,1
DA:66,1
DA:67,1
DA:69,1
DA:70,0
DA:71,0
DA:73,0
DA:77,1
DA:78,1
DA:79,0
DA:80,0
DA:82,0
LF:33
LH:17
BRDA:39,0,0,0
BRDA:39,0,1,0
BRDA:43,1,0,0
BRDA:43,1,1,0
BRDA:58,2,0,0
BRDA:58,2,1,0
BRDA:70,3,0,0
BRDA:70,3,1,0
BRDA:79,4,0,0
BRDA:79,4,1,0
BRF:10
BRH:0
end_of_record
TN:
SF:routes/routes.ts
FNF:0
FNH:0
DA:1,0
DA:2,0
DA:4,0
DA:6,0
DA:7,0
DA:8,0
DA:9,0
DA:10,0
DA:12,0
LF:9
LH:0
BRF:0
BRH:0
end_of_record
